===========================================
TINC QUIC TEST - Чт 13 ноя 2025 10:32:33 UTC
===========================================

=== Building Docker images ===
#1 [internal] load local bake definitions
#1 reading from stdin 598B done
#1 DONE 0.0s

#2 [internal] load build definition from Dockerfile.optimized
#2 transferring dockerfile: 3.20kB done
#2 DONE 0.0s

#3 [internal] load metadata for docker.io/library/ubuntu:22.04
#3 DONE 1.2s

#4 [internal] load .dockerignore
#4 transferring context: 616B done
#4 DONE 0.0s

#5 [tinc-builder 1/9] FROM docker.io/library/ubuntu:22.04@sha256:09506232a8004baa32c47d68f1e5c307d648fdd59f5e7eaa42aaf87914100db3
#5 CACHED

#6 [internal] load build context
#6 transferring context: 1.55MB 0.7s done
#6 DONE 0.7s

#7 [quiche-builder 2/6] RUN apt-get update && apt-get install -y     build-essential     curl     git     libssl-dev     pkg-config     cmake     libclang-dev     clang     && rm -rf /var/lib/apt/lists/*
#7 0.496 Get:1 http://security.ubuntu.com/ubuntu jammy-security InRelease [129 kB]
#7 0.622 Get:2 http://archive.ubuntu.com/ubuntu jammy InRelease [270 kB]
#7 0.877 Get:3 http://security.ubuntu.com/ubuntu jammy-security/restricted amd64 Packages [5982 kB]
#7 1.285 Get:4 http://security.ubuntu.com/ubuntu jammy-security/multiverse amd64 Packages [60.9 kB]
#7 1.286 Get:5 http://security.ubuntu.com/ubuntu jammy-security/universe amd64 Packages [1289 kB]
#7 1.300 Get:6 http://security.ubuntu.com/ubuntu jammy-security/main amd64 Packages [3530 kB]
#7 1.306 Get:7 http://archive.ubuntu.com/ubuntu jammy-updates InRelease [128 kB]
#7 1.465 Get:8 http://archive.ubuntu.com/ubuntu jammy-backports InRelease [127 kB]
#7 1.632 Get:9 http://archive.ubuntu.com/ubuntu jammy/multiverse amd64 Packages [266 kB]
#7 1.722 Get:10 http://archive.ubuntu.com/ubuntu jammy/universe amd64 Packages [17.5 MB]
#7 2.553 Get:11 http://archive.ubuntu.com/ubuntu jammy/main amd64 Packages [1792 kB]
#7 2.582 Get:12 http://archive.ubuntu.com/ubuntu jammy/restricted amd64 Packages [164 kB]
#7 2.583 Get:13 http://archive.ubuntu.com/ubuntu jammy-updates/multiverse amd64 Packages [69.2 kB]
#7 2.585 Get:14 http://archive.ubuntu.com/ubuntu jammy-updates/main amd64 Packages [3858 kB]
#7 2.692 Get:15 http://archive.ubuntu.com/ubuntu jammy-updates/restricted amd64 Packages [6173 kB]
#7 2.858 Get:16 http://archive.ubuntu.com/ubuntu jammy-updates/universe amd64 Packages [1595 kB]
#7 2.923 Get:17 http://archive.ubuntu.com/ubuntu jammy-backports/main amd64 Packages [83.9 kB]
#7 2.924 Get:18 http://archive.ubuntu.com/ubuntu jammy-backports/universe amd64 Packages [35.2 kB]
#7 4.158 Fetched 43.0 MB in 4s (11.3 MB/s)
#7 4.158 Reading package lists...
#7 5.497 Reading package lists...
#7 6.798 Building dependency tree...
#7 7.027 Reading state information...
#7 7.270 The following additional packages will be installed:
#7 7.270   binfmt-support binutils binutils-common binutils-x86-64-linux-gnu bzip2
#7 7.270   ca-certificates clang-14 cmake-data cpp cpp-11 dh-elpa-helper dirmngr
#7 7.270   dpkg-dev emacsen-common fakeroot fontconfig-config fonts-dejavu-core g++
#7 7.270   g++-11 gcc gcc-11 gcc-11-base git-man gnupg gnupg-l10n gnupg-utils gpg
#7 7.270   gpg-agent gpg-wks-client gpg-wks-server gpgconf gpgsm icu-devtools less
#7 7.270   lib32gcc-s1 lib32stdc++6 libalgorithm-diff-perl libalgorithm-diff-xs-perl
#7 7.270   libalgorithm-merge-perl libarchive13 libasan6 libassuan0 libatomic1
#7 7.270   libbinutils libbrotli1 libbsd0 libc-dev-bin libc-devtools libc6-dev
#7 7.270   libc6-i386 libcbor0.8 libcc1-0 libclang-14-dev libclang-common-14-dev
#7 7.270   libclang-cpp14 libclang1-14 libcrypt-dev libctf-nobfd0 libctf0
#7 7.270   libcurl3-gnutls libcurl4 libdeflate0 libdpkg-perl libedit2 liberror-perl
#7 7.270   libexpat1 libfakeroot libffi-dev libfido2-1 libfile-fcntllock-perl
#7 7.270   libfontconfig1 libfreetype6 libgc1 libgcc-11-dev libgd3 libgdbm-compat4
#7 7.270   libgdbm6 libglib2.0-0 libglib2.0-data libgomp1 libicu-dev libicu70 libisl23
#7 7.270   libitm1 libjbig0 libjpeg-turbo8 libjpeg8 libjsoncpp25 libksba8 libldap-2.5-0
#7 7.270   libldap-common libllvm14 liblocale-gettext-perl liblsan0 libmd0 libmpc3
#7 7.270   libmpdec3 libmpfr6 libncurses-dev libnghttp2-14 libnpth0 libnsl-dev
#7 7.270   libobjc-11-dev libobjc4 libperl5.34 libpfm4 libpipeline1 libpng16-16 libpsl5
#7 7.270   libpython3-stdlib libpython3.10-minimal libpython3.10-stdlib libquadmath0
#7 7.270   libreadline8 librhash0 librtmp1 libsasl2-2 libsasl2-modules
#7 7.270   libsasl2-modules-db libsqlite3-0 libssh-4 libstdc++-11-dev libtiff5
#7 7.270   libtinfo-dev libtirpc-dev libtsan0 libubsan1 libuv1 libwebp7 libx11-6
#7 7.270   libx11-data libxau6 libxcb1 libxdmcp6 libxext6 libxml2 libxml2-dev libxmuu1
#7 7.271   libxpm4 libyaml-0-2 libz3-4 libz3-dev linux-libc-dev llvm-14 llvm-14-dev
#7 7.271   llvm-14-linker-tools llvm-14-runtime llvm-14-tools lto-disabled-list make
#7 7.271   manpages manpages-dev media-types netbase openssh-client openssl patch perl
#7 7.271   perl-modules-5.34 pinentry-curses publicsuffix python3 python3-minimal
#7 7.271   python3-pkg-resources python3-pygments python3-yaml python3.10
#7 7.271   python3.10-minimal readline-common rpcsvc-proto shared-mime-info ucf xauth
#7 7.271   xdg-user-dirs xz-utils
#7 7.272 Suggested packages:
#7 7.272   binutils-doc bzip2-doc clang-14-doc cmake-doc ninja-build cmake-format
#7 7.272   cpp-doc gcc-11-locales dbus-user-session libpam-systemd pinentry-gnome3 tor
#7 7.272   debian-keyring g++-multilib g++-11-multilib gcc-11-doc gcc-multilib autoconf
#7 7.272   automake libtool flex bison gdb gcc-doc gcc-11-multilib gettext-base
#7 7.272   git-daemon-run | git-daemon-sysvinit git-doc git-email git-gui gitk gitweb
#7 7.272   git-cvs git-mediawiki git-svn parcimonie xloadimage scdaemon lrzip glibc-doc
#7 7.272   bzr libgd-tools gdbm-l10n icu-doc ncurses-doc libsasl2-modules-gssapi-mit
#7 7.272   | libsasl2-modules-gssapi-heimdal libsasl2-modules-ldap libsasl2-modules-otp
#7 7.272   libsasl2-modules-sql libssl-doc libstdc++-11-doc llvm-14-doc make-doc
#7 7.272   man-browser keychain libpam-ssh monkeysphere ssh-askpass ed diffutils-doc
#7 7.272   perl-doc libterm-readline-gnu-perl | libterm-readline-perl-perl
#7 7.272   libtap-harness-archive-perl pinentry-doc python3-doc python3-tk python3-venv
#7 7.272   python3-setuptools python-pygments-doc ttf-bitstream-vera python3.10-venv
#7 7.272   python3.10-doc readline-doc
#7 7.688 The following NEW packages will be installed:
#7 7.688   binfmt-support binutils binutils-common binutils-x86-64-linux-gnu
#7 7.688   build-essential bzip2 ca-certificates clang clang-14 cmake cmake-data cpp
#7 7.688   cpp-11 curl dh-elpa-helper dirmngr dpkg-dev emacsen-common fakeroot
#7 7.688   fontconfig-config fonts-dejavu-core g++ g++-11 gcc gcc-11 gcc-11-base git
#7 7.688   git-man gnupg gnupg-l10n gnupg-utils gpg gpg-agent gpg-wks-client
#7 7.688   gpg-wks-server gpgconf gpgsm icu-devtools less lib32gcc-s1 lib32stdc++6
#7 7.688   libalgorithm-diff-perl libalgorithm-diff-xs-perl libalgorithm-merge-perl
#7 7.688   libarchive13 libasan6 libassuan0 libatomic1 libbinutils libbrotli1 libbsd0
#7 7.688   libc-dev-bin libc-devtools libc6-dev libc6-i386 libcbor0.8 libcc1-0
#7 7.688   libclang-14-dev libclang-common-14-dev libclang-cpp14 libclang-dev
#7 7.688   libclang1-14 libcrypt-dev libctf-nobfd0 libctf0 libcurl3-gnutls libcurl4
#7 7.688   libdeflate0 libdpkg-perl libedit2 liberror-perl libexpat1 libfakeroot
#7 7.688   libffi-dev libfido2-1 libfile-fcntllock-perl libfontconfig1 libfreetype6
#7 7.688   libgc1 libgcc-11-dev libgd3 libgdbm-compat4 libgdbm6 libglib2.0-0
#7 7.688   libglib2.0-data libgomp1 libicu-dev libicu70 libisl23 libitm1 libjbig0
#7 7.688   libjpeg-turbo8 libjpeg8 libjsoncpp25 libksba8 libldap-2.5-0 libldap-common
#7 7.688   libllvm14 liblocale-gettext-perl liblsan0 libmd0 libmpc3 libmpdec3 libmpfr6
#7 7.688   libncurses-dev libnghttp2-14 libnpth0 libnsl-dev libobjc-11-dev libobjc4
#7 7.688   libperl5.34 libpfm4 libpipeline1 libpng16-16 libpsl5 libpython3-stdlib
#7 7.688   libpython3.10-minimal libpython3.10-stdlib libquadmath0 libreadline8
#7 7.688   librhash0 librtmp1 libsasl2-2 libsasl2-modules libsasl2-modules-db
#7 7.688   libsqlite3-0 libssh-4 libssl-dev libstdc++-11-dev libtiff5 libtinfo-dev
#7 7.688   libtirpc-dev libtsan0 libubsan1 libuv1 libwebp7 libx11-6 libx11-data libxau6
#7 7.688   libxcb1 libxdmcp6 libxext6 libxml2 libxml2-dev libxmuu1 libxpm4 libyaml-0-2
#7 7.689   libz3-4 libz3-dev linux-libc-dev llvm-14 llvm-14-dev llvm-14-linker-tools
#7 7.689   llvm-14-runtime llvm-14-tools lto-disabled-list make manpages manpages-dev
#7 7.689   media-types netbase openssh-client openssl patch perl perl-modules-5.34
#7 7.689   pinentry-curses pkg-config publicsuffix python3 python3-minimal
#7 7.689   python3-pkg-resources python3-pygments python3-yaml python3.10
#7 7.689   python3.10-minimal readline-common rpcsvc-proto shared-mime-info ucf xauth
#7 7.689   xdg-user-dirs xz-utils
#7 7.859 0 upgraded, 183 newly installed, 0 to remove and 2 not upgraded.
#7 7.859 Need to get 272 MB of archives.
#7 7.859 After this operation, 1387 MB of additional disk space will be used.
#7 7.859 Get:1 http://archive.ubuntu.com/ubuntu jammy/main amd64 liblocale-gettext-perl amd64 1.07-4build3 [17.1 kB]
#7 7.971 Get:2 http://archive.ubuntu.com/ubuntu jammy-updates/main amd64 libpython3.10-minimal amd64 3.10.12-1~22.04.11 [815 kB]
#7 8.256 Get:3 http://archive.ubuntu.com/ubuntu jammy-updates/main amd64 libexpat1 amd64 2.4.7-1ubuntu0.6 [92.1 kB]
#7 8.264 Get:4 http://archive.ubuntu.com/ubuntu jammy-updates/main amd64 python3.10-minimal amd64 3.10.12-1~22.04.11 [2264 kB]
#7 8.363 Get:5 http://archive.ubuntu.com/ubuntu jammy-updates/main amd64 python3-minimal amd64 3.10.6-1~22.04.1 [24.3 kB]
#7 8.364 Get:6 http://archive.ubuntu.com/ubuntu jammy/main amd64 media-types all 7.0.0 [25.5 kB]
#7 8.364 Get:7 http://archive.ubuntu.com/ubuntu jammy/main amd64 libmpdec3 amd64 2.5.1-2build2 [86.8 kB]
#7 8.366 Get:8 http://archive.ubuntu.com/ubuntu jammy/main amd64 readline-common all 8.1.2-1 [53.5 kB]
#7 8.368 Get:9 http://archive.ubuntu.com/ubuntu jammy/main amd64 libreadline8 amd64 8.1.2-1 [153 kB]
#7 8.371 Get:10 http://archive.ubuntu.com/ubuntu jammy-updates/main amd64 libsqlite3-0 amd64 3.37.2-2ubuntu0.5 [643 kB]
#7 8.384 Get:11 http://archive.ubuntu.com/ubuntu jammy-updates/main amd64 libpython3.10-stdlib amd64 3.10.12-1~22.04.11 [1850 kB]
#7 8.414 Get:12 http://archive.ubuntu.com/ubuntu jammy-updates/main amd64 python3.10 amd64 3.10.12-1~22.04.11 [508 kB]
#7 8.421 Get:13 http://archive.ubuntu.com/ubuntu jammy-updates/main amd64 libpython3-stdlib amd64 3.10.6-1~22.04.1 [6812 B]
#7 8.423 Get:14 http://archive.ubuntu.com/ubuntu jammy-updates/main amd64 python3 amd64 3.10.6-1~22.04.1 [22.8 kB]
#7 8.424 Get:15 http://archive.ubuntu.com/ubuntu jammy-updates/main amd64 perl-modules-5.34 all 5.34.0-3ubuntu1.5 [2977 kB]
#7 8.461 Get:16 http://archive.ubuntu.com/ubuntu jammy/main amd64 libgdbm6 amd64 1.23-1 [33.9 kB]
#7 8.461 Get:17 http://archive.ubuntu.com/ubuntu jammy/main amd64 libgdbm-compat4 amd64 1.23-1 [6606 B]
#7 8.479 Get:18 http://archive.ubuntu.com/ubuntu jammy-updates/main amd64 libperl5.34 amd64 5.34.0-3ubuntu1.5 [4797 kB]
#7 8.543 Get:19 http://archive.ubuntu.com/ubuntu jammy-updates/main amd64 perl amd64 5.34.0-3ubuntu1.5 [232 kB]
#7 8.545 Get:20 http://archive.ubuntu.com/ubuntu jammy-updates/main amd64 openssl amd64 3.0.2-0ubuntu1.20 [1185 kB]
#7 8.557 Get:21 http://archive.ubuntu.com/ubuntu jammy-updates/main amd64 ca-certificates all 20240203~22.04.1 [162 kB]
#7 8.559 Get:22 http://archive.ubuntu.com/ubuntu jammy-updates/main amd64 less amd64 590-1ubuntu0.22.04.3 [142 kB]
#7 8.561 Get:23 http://archive.ubuntu.com/ubuntu jammy/main amd64 libmd0 amd64 1.0.4-1build1 [23.0 kB]
#7 8.561 Get:24 http://archive.ubuntu.com/ubuntu jammy/main amd64 libbsd0 amd64 0.11.5-1 [44.8 kB]
#7 8.562 Get:25 http://archive.ubuntu.com/ubuntu jammy-updates/main amd64 libglib2.0-0 amd64 2.72.4-0ubuntu2.6 [1467 kB]
#7 8.576 Get:26 http://archive.ubuntu.com/ubuntu jammy-updates/main amd64 libglib2.0-data all 2.72.4-0ubuntu2.6 [4698 B]
#7 8.576 Get:27 http://archive.ubuntu.com/ubuntu jammy/main amd64 libicu70 amd64 70.1-2 [10.6 MB]
#7 9.600 Get:28 http://archive.ubuntu.com/ubuntu jammy-updates/main amd64 libxml2 amd64 2.9.13+dfsg-1ubuntu0.10 [764 kB]
#7 9.610 Get:29 http://archive.ubuntu.com/ubuntu jammy/main amd64 libyaml-0-2 amd64 0.2.2-1build2 [51.6 kB]
#7 9.610 Get:30 http://archive.ubuntu.com/ubuntu jammy/main amd64 netbase all 6.3 [12.9 kB]
#7 9.611 Get:31 http://archive.ubuntu.com/ubuntu jammy-updates/main amd64 python3-pkg-resources all 59.6.0-1.2ubuntu0.22.04.3 [133 kB]
#7 9.612 Get:32 http://archive.ubuntu.com/ubuntu jammy/main amd64 python3-yaml amd64 5.4.1-1ubuntu1 [129 kB]
#7 9.614 Get:33 http://archive.ubuntu.com/ubuntu jammy/main amd64 shared-mime-info amd64 2.1-2 [454 kB]
#7 9.620 Get:34 http://archive.ubuntu.com/ubuntu jammy/main amd64 ucf all 3.0043 [56.1 kB]
#7 9.621 Get:35 http://archive.ubuntu.com/ubuntu jammy/main amd64 xdg-user-dirs amd64 0.17-2ubuntu4 [53.9 kB]
#7 9.621 Get:36 http://archive.ubuntu.com/ubuntu jammy/main amd64 libcbor0.8 amd64 0.8.0-2ubuntu1 [24.6 kB]
#7 9.622 Get:37 http://archive.ubuntu.com/ubuntu jammy/main amd64 libedit2 amd64 3.1-20210910-1build1 [96.8 kB]
#7 9.666 Get:38 http://archive.ubuntu.com/ubuntu jammy/main amd64 libfido2-1 amd64 1.10.0-1 [82.8 kB]
#7 9.721 Get:39 http://archive.ubuntu.com/ubuntu jammy-updates/main amd64 libnghttp2-14 amd64 1.43.0-1ubuntu0.2 [76.9 kB]
#7 9.723 Get:40 http://archive.ubuntu.com/ubuntu jammy/main amd64 libpipeline1 amd64 1.5.5-1 [23.5 kB]
#7 9.723 Get:41 http://archive.ubuntu.com/ubuntu jammy/main amd64 libpng16-16 amd64 1.6.37-3build5 [191 kB]
#7 9.726 Get:42 http://archive.ubuntu.com/ubuntu jammy/main amd64 libpsl5 amd64 0.21.0-1.2build2 [58.4 kB]
#7 9.727 Get:43 http://archive.ubuntu.com/ubuntu jammy-updates/main amd64 libuv1 amd64 1.43.0-1ubuntu0.1 [92.7 kB]
#7 9.728 Get:44 http://archive.ubuntu.com/ubuntu jammy/main amd64 libxau6 amd64 1:1.0.9-1build5 [7634 B]
#7 9.728 Get:45 http://archive.ubuntu.com/ubuntu jammy/main amd64 libxdmcp6 amd64 1:1.1.3-0ubuntu5 [10.9 kB]
#7 9.728 Get:46 http://archive.ubuntu.com/ubuntu jammy/main amd64 libxcb1 amd64 1.14-3ubuntu3 [49.0 kB]
#7 9.729 Get:47 http://archive.ubuntu.com/ubuntu jammy-updates/main amd64 libx11-data all 2:1.7.5-1ubuntu0.3 [120 kB]
#7 9.777 Get:48 http://archive.ubuntu.com/ubuntu jammy-updates/main amd64 libx11-6 amd64 2:1.7.5-1ubuntu0.3 [667 kB]
#7 9.833 Get:49 http://archive.ubuntu.com/ubuntu jammy/main amd64 libxext6 amd64 2:1.3.4-1build1 [31.8 kB]
#7 9.834 Get:50 http://archive.ubuntu.com/ubuntu jammy/main amd64 libxmuu1 amd64 2:1.1.3-3 [10.2 kB]
#7 9.835 Get:51 http://archive.ubuntu.com/ubuntu jammy/main amd64 manpages all 5.10-1ubuntu1 [1375 kB]
#7 9.850 Get:52 http://archive.ubuntu.com/ubuntu jammy-updates/main amd64 openssh-client amd64 1:8.9p1-3ubuntu0.13 [903 kB]
#7 9.860 Get:53 http://archive.ubuntu.com/ubuntu jammy/main amd64 publicsuffix all 20211207.1025-1 [129 kB]
#7 9.862 Get:54 http://archive.ubuntu.com/ubuntu jammy/main amd64 xauth amd64 1:1.1-1build2 [27.5 kB]
#7 9.862 Get:55 http://archive.ubuntu.com/ubuntu jammy/main amd64 xz-utils amd64 5.2.5-2ubuntu1 [84.8 kB]
#7 9.863 Get:56 http://archive.ubuntu.com/ubuntu jammy/main amd64 binfmt-support amd64 2.2.1-2 [55.8 kB]
#7 9.864 Get:57 http://archive.ubuntu.com/ubuntu jammy-updates/main amd64 binutils-common amd64 2.38-4ubuntu2.10 [223 kB]
#7 9.888 Get:58 http://archive.ubuntu.com/ubuntu jammy-updates/main amd64 libbinutils amd64 2.38-4ubuntu2.10 [658 kB]
#7 9.943 Get:59 http://archive.ubuntu.com/ubuntu jammy-updates/main amd64 libctf-nobfd0 amd64 2.38-4ubuntu2.10 [108 kB]
#7 9.946 Get:60 http://archive.ubuntu.com/ubuntu jammy-updates/main amd64 libctf0 amd64 2.38-4ubuntu2.10 [103 kB]
#7 9.948 Get:61 http://archive.ubuntu.com/ubuntu jammy-updates/main amd64 binutils-x86-64-linux-gnu amd64 2.38-4ubuntu2.10 [2324 kB]
#7 9.973 Get:62 http://archive.ubuntu.com/ubuntu jammy-updates/main amd64 binutils amd64 2.38-4ubuntu2.10 [3198 B]
#7 9.974 Get:63 http://archive.ubuntu.com/ubuntu jammy-updates/main amd64 libc-dev-bin amd64 2.35-0ubuntu3.11 [20.3 kB]
#7 9.974 Get:64 http://archive.ubuntu.com/ubuntu jammy-updates/main amd64 linux-libc-dev amd64 5.15.0-161.171 [1307 kB]
#7 9.989 Get:65 http://archive.ubuntu.com/ubuntu jammy/main amd64 libcrypt-dev amd64 1:4.4.27-1 [112 kB]
#7 10.000 Get:66 http://archive.ubuntu.com/ubuntu jammy/main amd64 rpcsvc-proto amd64 1.4.2-0ubuntu6 [68.5 kB]
#7 10.00 Get:67 http://archive.ubuntu.com/ubuntu jammy-updates/main amd64 libtirpc-dev amd64 1.3.2-2ubuntu0.1 [192 kB]
#7 10.00 Get:68 http://archive.ubuntu.com/ubuntu jammy/main amd64 libnsl-dev amd64 1.3.0-2build2 [71.3 kB]
#7 10.05 Get:69 http://archive.ubuntu.com/ubuntu jammy-updates/main amd64 libc6-dev amd64 2.35-0ubuntu3.11 [2100 kB]
#7 ...

#8 [tinc-builder 2/9] RUN apt-get update && apt-get install -y     build-essential     autoconf     automake     libtool     libssl-dev     zlib1g-dev     liblzo2-dev     libncurses5-dev     libreadline-dev     && rm -rf /var/lib/apt/lists/*
#8 0.802 Get:1 http://security.ubuntu.com/ubuntu jammy-security InRelease [129 kB]
#8 0.946 Get:2 http://archive.ubuntu.com/ubuntu jammy InRelease [270 kB]
#8 1.973 Get:3 http://security.ubuntu.com/ubuntu jammy-security/universe amd64 Packages [1289 kB]
#8 2.467 Get:4 http://archive.ubuntu.com/ubuntu jammy-updates InRelease [128 kB]
#8 2.799 Get:5 http://archive.ubuntu.com/ubuntu jammy-backports InRelease [127 kB]
#8 3.165 Get:6 http://archive.ubuntu.com/ubuntu jammy/universe amd64 Packages [17.5 MB]
#8 3.580 Get:7 http://security.ubuntu.com/ubuntu jammy-security/restricted amd64 Packages [5982 kB]
#8 4.855 Get:8 http://security.ubuntu.com/ubuntu jammy-security/main amd64 Packages [3530 kB]
#8 5.096 Get:9 http://security.ubuntu.com/ubuntu jammy-security/multiverse amd64 Packages [60.9 kB]
#8 6.606 Get:10 http://archive.ubuntu.com/ubuntu jammy/main amd64 Packages [1792 kB]
#8 6.623 Get:11 http://archive.ubuntu.com/ubuntu jammy/restricted amd64 Packages [164 kB]
#8 6.624 Get:12 http://archive.ubuntu.com/ubuntu jammy/multiverse amd64 Packages [266 kB]
#8 6.645 Get:13 http://archive.ubuntu.com/ubuntu jammy-updates/universe amd64 Packages [1595 kB]
#8 6.658 Get:14 http://archive.ubuntu.com/ubuntu jammy-updates/restricted amd64 Packages [6173 kB]
#8 7.467 Get:15 http://archive.ubuntu.com/ubuntu jammy-updates/main amd64 Packages [3858 kB]
#8 8.117 Get:16 http://archive.ubuntu.com/ubuntu jammy-updates/multiverse amd64 Packages [69.2 kB]
#8 8.118 Get:17 http://archive.ubuntu.com/ubuntu jammy-backports/main amd64 Packages [83.9 kB]
#8 8.119 Get:18 http://archive.ubuntu.com/ubuntu jammy-backports/universe amd64 Packages [35.2 kB]
#8 8.359 Fetched 43.0 MB in 8s (5419 kB/s)
#8 8.359 Reading package lists...
#8 9.684 Reading package lists...
#8 ...

#9 [runtime 2/9] RUN apt-get update && apt-get install -y     libssl3     zlib1g     liblzo2-2     libncurses6     libreadline8     net-tools     iproute2     iputils-ping     && rm -rf /var/lib/apt/lists/*
#9 0.651 Get:1 http://security.ubuntu.com/ubuntu jammy-security InRelease [129 kB]
#9 0.912 Get:2 http://archive.ubuntu.com/ubuntu jammy InRelease [270 kB]
#9 1.321 Get:3 http://security.ubuntu.com/ubuntu jammy-security/multiverse amd64 Packages [60.9 kB]
#9 1.485 Get:4 http://security.ubuntu.com/ubuntu jammy-security/main amd64 Packages [3530 kB]
#9 2.101 Get:5 http://security.ubuntu.com/ubuntu jammy-security/restricted amd64 Packages [5982 kB]
#9 2.295 Get:6 http://security.ubuntu.com/ubuntu jammy-security/universe amd64 Packages [1289 kB]
#9 2.420 Get:7 http://archive.ubuntu.com/ubuntu jammy-updates InRelease [128 kB]
#9 2.751 Get:8 http://archive.ubuntu.com/ubuntu jammy-backports InRelease [127 kB]
#9 3.113 Get:9 http://archive.ubuntu.com/ubuntu jammy/restricted amd64 Packages [164 kB]
#9 3.431 Get:10 http://archive.ubuntu.com/ubuntu jammy/universe amd64 Packages [17.5 MB]
#9 6.623 Get:11 http://archive.ubuntu.com/ubuntu jammy/multiverse amd64 Packages [266 kB]
#9 6.645 Get:12 http://archive.ubuntu.com/ubuntu jammy/main amd64 Packages [1792 kB]
#9 6.662 Get:13 http://archive.ubuntu.com/ubuntu jammy-updates/restricted amd64 Packages [6173 kB]
#9 7.443 Get:14 http://archive.ubuntu.com/ubuntu jammy-updates/main amd64 Packages [3858 kB]
#9 8.092 Get:15 http://archive.ubuntu.com/ubuntu jammy-updates/multiverse amd64 Packages [69.2 kB]
#9 8.097 Get:16 http://archive.ubuntu.com/ubuntu jammy-updates/universe amd64 Packages [1595 kB]
#9 8.210 Get:17 http://archive.ubuntu.com/ubuntu jammy-backports/main amd64 Packages [83.9 kB]
#9 8.212 Get:18 http://archive.ubuntu.com/ubuntu jammy-backports/universe amd64 Packages [35.2 kB]
#9 8.455 Fetched 43.0 MB in 8s (5331 kB/s)
#9 8.455 Reading package lists...
#9 9.769 Reading package lists...
#9 ...

#7 [quiche-builder 2/6] RUN apt-get update && apt-get install -y     build-essential     curl     git     libssl-dev     pkg-config     cmake     libclang-dev     clang     && rm -rf /var/lib/apt/lists/*
#7 10.08 Get:70 http://archive.ubuntu.com/ubuntu jammy-updates/main amd64 gcc-11-base amd64 11.4.0-1ubuntu1~22.04.2 [20.8 kB]
#7 10.08 Get:71 http://archive.ubuntu.com/ubuntu jammy/main amd64 libisl23 amd64 0.24-2build1 [727 kB]
#7 10.09 Get:72 http://archive.ubuntu.com/ubuntu jammy/main amd64 libmpfr6 amd64 4.1.0-3build3 [1425 kB]
#7 10.11 Get:73 http://archive.ubuntu.com/ubuntu jammy/main amd64 libmpc3 amd64 1.2.1-2build1 [46.9 kB]
#7 10.11 Get:74 http://archive.ubuntu.com/ubuntu jammy-updates/main amd64 cpp-11 amd64 11.4.0-1ubuntu1~22.04.2 [10.0 MB]
#7 10.26 Get:75 http://archive.ubuntu.com/ubuntu jammy/main amd64 cpp amd64 4:11.2.0-1ubuntu1 [27.7 kB]
#7 10.26 Get:76 http://archive.ubuntu.com/ubuntu jammy-updates/main amd64 libcc1-0 amd64 12.3.0-1ubuntu1~22.04.2 [48.3 kB]
#7 10.26 Get:77 http://archive.ubuntu.com/ubuntu jammy-updates/main amd64 libgomp1 amd64 12.3.0-1ubuntu1~22.04.2 [127 kB]
#7 10.26 Get:78 http://archive.ubuntu.com/ubuntu jammy-updates/main amd64 libitm1 amd64 12.3.0-1ubuntu1~22.04.2 [30.2 kB]
#7 10.26 Get:79 http://archive.ubuntu.com/ubuntu jammy-updates/main amd64 libatomic1 amd64 12.3.0-1ubuntu1~22.04.2 [10.4 kB]
#7 10.26 Get:80 http://archive.ubuntu.com/ubuntu jammy-updates/main amd64 libasan6 amd64 11.4.0-1ubuntu1~22.04.2 [2283 kB]
#7 10.29 Get:81 http://archive.ubuntu.com/ubuntu jammy-updates/main amd64 liblsan0 amd64 12.3.0-1ubuntu1~22.04.2 [1069 kB]
#7 10.30 Get:82 http://archive.ubuntu.com/ubuntu jammy-updates/main amd64 libtsan0 amd64 11.4.0-1ubuntu1~22.04.2 [2262 kB]
#7 10.35 Get:83 http://archive.ubuntu.com/ubuntu jammy-updates/main amd64 libubsan1 amd64 12.3.0-1ubuntu1~22.04.2 [976 kB]
#7 10.36 Get:84 http://archive.ubuntu.com/ubuntu jammy-updates/main amd64 libquadmath0 amd64 12.3.0-1ubuntu1~22.04.2 [154 kB]
#7 10.37 Get:85 http://archive.ubuntu.com/ubuntu jammy-updates/main amd64 libgcc-11-dev amd64 11.4.0-1ubuntu1~22.04.2 [2517 kB]
#7 10.40 Get:86 http://archive.ubuntu.com/ubuntu jammy-updates/main amd64 gcc-11 amd64 11.4.0-1ubuntu1~22.04.2 [20.1 MB]
#7 10.72 Get:87 http://archive.ubuntu.com/ubuntu jammy/main amd64 gcc amd64 4:11.2.0-1ubuntu1 [5112 B]
#7 10.72 Get:88 http://archive.ubuntu.com/ubuntu jammy-updates/main amd64 libstdc++-11-dev amd64 11.4.0-1ubuntu1~22.04.2 [2101 kB]
#7 10.74 Get:89 http://archive.ubuntu.com/ubuntu jammy-updates/main amd64 g++-11 amd64 11.4.0-1ubuntu1~22.04.2 [11.4 MB]
#7 10.92 Get:90 http://archive.ubuntu.com/ubuntu jammy/main amd64 g++ amd64 4:11.2.0-1ubuntu1 [1412 B]
#7 10.92 Get:91 http://archive.ubuntu.com/ubuntu jammy/main amd64 make amd64 4.3-4.1build1 [180 kB]
#7 10.92 Get:92 http://archive.ubuntu.com/ubuntu jammy-updates/main amd64 libdpkg-perl all 1.21.1ubuntu2.6 [237 kB]
#7 10.92 Get:93 http://archive.ubuntu.com/ubuntu jammy/main amd64 bzip2 amd64 1.0.8-5build1 [34.8 kB]
#7 10.92 Get:94 http://archive.ubuntu.com/ubuntu jammy/main amd64 patch amd64 2.7.6-7build2 [109 kB]
#7 10.92 Get:95 http://archive.ubuntu.com/ubuntu jammy/main amd64 lto-disabled-list all 24 [12.5 kB]
#7 10.92 Get:96 http://archive.ubuntu.com/ubuntu jammy-updates/main amd64 dpkg-dev all 1.21.1ubuntu2.6 [922 kB]
#7 10.93 Get:97 http://archive.ubuntu.com/ubuntu jammy/main amd64 build-essential amd64 12.9ubuntu3 [4744 B]
#7 10.93 Get:98 http://archive.ubuntu.com/ubuntu jammy-updates/main amd64 libllvm14 amd64 1:14.0.0-1ubuntu1.1 [24.0 MB]
#7 11.31 Get:99 http://archive.ubuntu.com/ubuntu jammy-updates/universe amd64 libclang-cpp14 amd64 1:14.0.0-1ubuntu1.1 [12.1 MB]
#7 11.49 Get:100 http://archive.ubuntu.com/ubuntu jammy/main amd64 libgc1 amd64 1:8.0.6-1.1build1 [96.8 kB]
#7 11.49 Get:101 http://archive.ubuntu.com/ubuntu jammy-updates/universe amd64 libobjc4 amd64 12.3.0-1ubuntu1~22.04.2 [48.7 kB]
#7 11.82 Get:102 http://archive.ubuntu.com/ubuntu jammy-updates/universe amd64 libobjc-11-dev amd64 11.4.0-1ubuntu1~22.04.2 [196 kB]
#7 12.53 Get:103 http://archive.ubuntu.com/ubuntu jammy-updates/main amd64 libc6-i386 amd64 2.35-0ubuntu3.11 [2838 kB]
#7 13.12 Get:104 http://archive.ubuntu.com/ubuntu jammy-updates/main amd64 lib32gcc-s1 amd64 12.3.0-1ubuntu1~22.04.2 [63.9 kB]
#7 13.13 Get:105 http://archive.ubuntu.com/ubuntu jammy-updates/main amd64 lib32stdc++6 amd64 12.3.0-1ubuntu1~22.04.2 [739 kB]
#7 13.17 Get:106 http://archive.ubuntu.com/ubuntu jammy-updates/universe amd64 libclang-common-14-dev amd64 1:14.0.0-1ubuntu1.1 [5975 kB]
#7 13.39 Get:107 http://archive.ubuntu.com/ubuntu jammy-updates/universe amd64 llvm-14-linker-tools amd64 1:14.0.0-1ubuntu1.1 [1355 kB]
#7 13.43 Get:108 http://archive.ubuntu.com/ubuntu jammy-updates/universe amd64 libclang1-14 amd64 1:14.0.0-1ubuntu1.1 [6792 kB]
#7 13.68 Get:109 http://archive.ubuntu.com/ubuntu jammy-updates/universe amd64 clang-14 amd64 1:14.0.0-1ubuntu1.1 [81.2 kB]
#7 13.68 Get:110 http://archive.ubuntu.com/ubuntu jammy/universe amd64 clang amd64 1:14.0-55~exp2 [3558 B]
#7 13.68 Get:111 http://archive.ubuntu.com/ubuntu jammy-updates/main amd64 libarchive13 amd64 3.6.0-1ubuntu1.5 [368 kB]
#7 13.68 Get:112 http://archive.ubuntu.com/ubuntu jammy/main amd64 libbrotli1 amd64 1.0.9-2build6 [315 kB]
#7 13.69 Get:113 http://archive.ubuntu.com/ubuntu jammy-updates/main amd64 libsasl2-modules-db amd64 2.1.27+dfsg2-3ubuntu1.2 [20.5 kB]
#7 13.69 Get:114 http://archive.ubuntu.com/ubuntu jammy-updates/main amd64 libsasl2-2 amd64 2.1.27+dfsg2-3ubuntu1.2 [53.8 kB]
#7 13.69 Get:115 http://archive.ubuntu.com/ubuntu jammy-updates/main amd64 libldap-2.5-0 amd64 2.5.19+dfsg-0ubuntu0.22.04.1 [184 kB]
#7 13.69 Get:116 http://archive.ubuntu.com/ubuntu jammy/main amd64 librtmp1 amd64 2.4+20151223.gitfa8646d.1-2build4 [58.2 kB]
#7 13.69 Get:117 http://archive.ubuntu.com/ubuntu jammy-updates/main amd64 libssh-4 amd64 0.9.6-2ubuntu0.22.04.5 [187 kB]
#7 13.82 Get:118 http://archive.ubuntu.com/ubuntu jammy-updates/main amd64 libcurl4 amd64 7.81.0-1ubuntu1.21 [290 kB]
#7 13.83 Get:119 http://archive.ubuntu.com/ubuntu jammy/main amd64 libjsoncpp25 amd64 1.9.5-3 [80.0 kB]
#7 13.96 Get:120 http://archive.ubuntu.com/ubuntu jammy/main amd64 librhash0 amd64 1.4.2-1ubuntu1 [125 kB]
#7 13.96 Get:121 http://archive.ubuntu.com/ubuntu jammy/main amd64 dh-elpa-helper all 2.0.9ubuntu1 [7610 B]
#7 13.96 Get:122 http://archive.ubuntu.com/ubuntu jammy/main amd64 emacsen-common all 3.0.4 [14.9 kB]
#7 13.96 Get:123 http://archive.ubuntu.com/ubuntu jammy-updates/main amd64 cmake-data all 3.22.1-1ubuntu1.22.04.2 [1913 kB]
#7 13.99 Get:124 http://archive.ubuntu.com/ubuntu jammy-updates/main amd64 cmake amd64 3.22.1-1ubuntu1.22.04.2 [5010 kB]
#7 14.34 Get:125 http://archive.ubuntu.com/ubuntu jammy-updates/main amd64 curl amd64 7.81.0-1ubuntu1.21 [194 kB]
#7 14.34 Get:126 http://archive.ubuntu.com/ubuntu jammy/main amd64 libassuan0 amd64 2.5.5-1build1 [38.2 kB]
#7 14.34 Get:127 http://archive.ubuntu.com/ubuntu jammy-updates/main amd64 gpgconf amd64 2.2.27-3ubuntu2.4 [94.5 kB]
#7 14.34 Get:128 http://archive.ubuntu.com/ubuntu jammy-updates/main amd64 libksba8 amd64 1.6.0-2ubuntu0.2 [119 kB]
#7 14.35 Get:129 http://archive.ubuntu.com/ubuntu jammy/main amd64 libnpth0 amd64 1.6-3build2 [8664 B]
#7 14.35 Get:130 http://archive.ubuntu.com/ubuntu jammy-updates/main amd64 dirmngr amd64 2.2.27-3ubuntu2.4 [293 kB]
#7 14.35 Get:131 http://archive.ubuntu.com/ubuntu jammy/main amd64 libfakeroot amd64 1.28-1ubuntu1 [31.5 kB]
#7 14.35 Get:132 http://archive.ubuntu.com/ubuntu jammy/main amd64 fakeroot amd64 1.28-1ubuntu1 [60.4 kB]
#7 14.35 Get:133 http://archive.ubuntu.com/ubuntu jammy/main amd64 fonts-dejavu-core all 2.37-2build1 [1041 kB]
#7 14.48 Get:134 http://archive.ubuntu.com/ubuntu jammy/main amd64 fontconfig-config all 2.13.1-4.2ubuntu5 [29.1 kB]
#7 14.62 Get:135 http://archive.ubuntu.com/ubuntu jammy-updates/main amd64 libcurl3-gnutls amd64 7.81.0-1ubuntu1.21 [284 kB]
#7 14.63 Get:136 http://archive.ubuntu.com/ubuntu jammy/main amd64 liberror-perl all 0.17029-1 [26.5 kB]
#7 14.63 Get:137 http://archive.ubuntu.com/ubuntu jammy-updates/main amd64 git-man all 1:2.34.1-1ubuntu1.15 [955 kB]
#7 14.66 Get:138 http://archive.ubuntu.com/ubuntu jammy-updates/main amd64 git amd64 1:2.34.1-1ubuntu1.15 [3166 kB]
#7 14.77 Get:139 http://archive.ubuntu.com/ubuntu jammy-updates/main amd64 gnupg-l10n all 2.2.27-3ubuntu2.4 [54.7 kB]
#7 14.77 Get:140 http://archive.ubuntu.com/ubuntu jammy-updates/main amd64 gnupg-utils amd64 2.2.27-3ubuntu2.4 [309 kB]
#7 14.78 Get:141 http://archive.ubuntu.com/ubuntu jammy-updates/main amd64 gpg amd64 2.2.27-3ubuntu2.4 [518 kB]
#7 14.79 Get:142 http://archive.ubuntu.com/ubuntu jammy/main amd64 pinentry-curses amd64 1.1.1-1build2 [34.4 kB]
#7 14.79 Get:143 http://archive.ubuntu.com/ubuntu jammy-updates/main amd64 gpg-agent amd64 2.2.27-3ubuntu2.4 [209 kB]
#7 14.80 Get:144 http://archive.ubuntu.com/ubuntu jammy-updates/main amd64 gpg-wks-client amd64 2.2.27-3ubuntu2.4 [62.7 kB]
#7 14.89 Get:145 http://archive.ubuntu.com/ubuntu jammy-updates/main amd64 gpg-wks-server amd64 2.2.27-3ubuntu2.4 [57.5 kB]
#7 14.89 Get:146 http://archive.ubuntu.com/ubuntu jammy-updates/main amd64 gpgsm amd64 2.2.27-3ubuntu2.4 [197 kB]
#7 14.90 Get:147 http://archive.ubuntu.com/ubuntu jammy-updates/main amd64 gnupg all 2.2.27-3ubuntu2.4 [315 kB]
#7 15.03 Get:148 http://archive.ubuntu.com/ubuntu jammy/main amd64 icu-devtools amd64 70.1-2 [197 kB]
#7 15.04 Get:149 http://archive.ubuntu.com/ubuntu jammy/main amd64 libalgorithm-diff-perl all 1.201-1 [41.8 kB]
#7 15.04 Get:150 http://archive.ubuntu.com/ubuntu jammy/main amd64 libalgorithm-diff-xs-perl amd64 0.04-6build3 [11.9 kB]
#7 15.04 Get:151 http://archive.ubuntu.com/ubuntu jammy/main amd64 libalgorithm-merge-perl all 0.08-3 [12.0 kB]
#7 15.04 Get:152 http://archive.ubuntu.com/ubuntu jammy-updates/main amd64 libfreetype6 amd64 2.11.1+dfsg-1ubuntu0.3 [388 kB]
#7 15.05 Get:153 http://archive.ubuntu.com/ubuntu jammy/main amd64 libfontconfig1 amd64 2.13.1-4.2ubuntu5 [131 kB]
#7 15.05 Get:154 http://archive.ubuntu.com/ubuntu jammy/main amd64 libjpeg-turbo8 amd64 2.1.2-0ubuntu1 [134 kB]
#7 15.17 Get:155 http://archive.ubuntu.com/ubuntu jammy/main amd64 libjpeg8 amd64 8c-2ubuntu10 [2264 B]
#7 15.17 Get:156 http://archive.ubuntu.com/ubuntu jammy/main amd64 libdeflate0 amd64 1.10-2 [70.9 kB]
#7 15.17 Get:157 http://archive.ubuntu.com/ubuntu jammy-updates/main amd64 libjbig0 amd64 2.1-3.1ubuntu0.22.04.1 [29.2 kB]
#7 15.31 Get:158 http://archive.ubuntu.com/ubuntu jammy-updates/main amd64 libwebp7 amd64 1.2.2-2ubuntu0.22.04.2 [206 kB]
#7 15.31 Get:159 http://archive.ubuntu.com/ubuntu jammy-updates/main amd64 libtiff5 amd64 4.3.0-6ubuntu0.12 [185 kB]
#7 15.32 Get:160 http://archive.ubuntu.com/ubuntu jammy-updates/main amd64 libxpm4 amd64 1:3.5.12-1ubuntu0.22.04.2 [36.7 kB]
#7 15.32 Get:161 http://archive.ubuntu.com/ubuntu jammy-updates/main amd64 libgd3 amd64 2.3.0-2ubuntu2.3 [129 kB]
#7 15.32 Get:162 http://archive.ubuntu.com/ubuntu jammy-updates/main amd64 libc-devtools amd64 2.35-0ubuntu3.11 [29.0 kB]
#7 15.32 Get:163 http://archive.ubuntu.com/ubuntu jammy-updates/universe amd64 libclang-14-dev amd64 1:14.0.0-1ubuntu1.1 [25.2 MB]
#7 16.43 Get:164 http://archive.ubuntu.com/ubuntu jammy/universe amd64 libclang-dev amd64 1:14.0-55~exp2 [3138 B]
#7 16.45 Get:165 http://archive.ubuntu.com/ubuntu jammy/main amd64 libfile-fcntllock-perl amd64 0.22-3build7 [33.9 kB]
#7 16.46 Get:166 http://archive.ubuntu.com/ubuntu jammy/main amd64 libicu-dev amd64 70.1-2 [11.6 MB]
#7 ...

#9 [runtime 2/9] RUN apt-get update && apt-get install -y     libssl3     zlib1g     liblzo2-2     libncurses6     libreadline8     net-tools     iproute2     iputils-ping     && rm -rf /var/lib/apt/lists/*
#9 9.769 Reading package lists...
#9 11.01 Building dependency tree...
#9 11.23 Reading state information...
#9 11.44 libncurses6 is already the newest version (6.3-2ubuntu0.1).
#9 11.44 libssl3 is already the newest version (3.0.2-0ubuntu1.20).
#9 11.44 zlib1g is already the newest version (1:1.2.11.dfsg-2ubuntu9.2).
#9 11.44 The following additional packages will be installed:
#9 11.44   libatm1 libbpf0 libbsd0 libcap2-bin libelf1 libmd0 libmnl0 libpam-cap
#9 11.44   libxtables12 readline-common
#9 11.44 Suggested packages:
#9 11.44   iproute2-doc readline-doc
#9 11.55 The following NEW packages will be installed:
#9 11.55   iproute2 iputils-ping libatm1 libbpf0 libbsd0 libcap2-bin libelf1 liblzo2-2
#9 11.55   libmd0 libmnl0 libpam-cap libreadline8 libxtables12 net-tools
#9 11.55   readline-common
#9 11.85 0 upgraded, 15 newly installed, 0 to remove and 2 not upgraded.
#9 11.85 Need to get 1938 kB of archives.
#9 11.85 After this operation, 5803 kB of additional disk space will be used.
#9 11.85 Get:1 http://archive.ubuntu.com/ubuntu jammy-updates/main amd64 libelf1 amd64 0.186-1ubuntu0.1 [51.1 kB]
#9 12.22 Get:2 http://archive.ubuntu.com/ubuntu jammy-updates/main amd64 libbpf0 amd64 1:0.5.0-1ubuntu22.04.1 [140 kB]
#9 12.44 Get:3 http://archive.ubuntu.com/ubuntu jammy/main amd64 libmd0 amd64 1.0.4-1build1 [23.0 kB]
#9 12.46 Get:4 http://archive.ubuntu.com/ubuntu jammy/main amd64 libbsd0 amd64 0.11.5-1 [44.8 kB]
#9 12.49 Get:5 http://archive.ubuntu.com/ubuntu jammy/main amd64 libmnl0 amd64 1.0.4-3build2 [13.2 kB]
#9 12.50 Get:6 http://archive.ubuntu.com/ubuntu jammy-updates/main amd64 libxtables12 amd64 1.8.7-1ubuntu5.2 [31.3 kB]
#9 12.52 Get:7 http://archive.ubuntu.com/ubuntu jammy-updates/main amd64 libcap2-bin amd64 1:2.44-1ubuntu0.22.04.2 [26.0 kB]
#9 12.54 Get:8 http://archive.ubuntu.com/ubuntu jammy/main amd64 iproute2 amd64 5.15.0-1ubuntu2 [1070 kB]
#9 12.81 Get:9 http://archive.ubuntu.com/ubuntu jammy-updates/main amd64 iputils-ping amd64 3:20211215-1ubuntu0.1 [43.0 kB]
#9 12.81 Get:10 http://archive.ubuntu.com/ubuntu jammy/main amd64 libatm1 amd64 1:2.5.1-4build2 [22.8 kB]
#9 12.81 Get:11 http://archive.ubuntu.com/ubuntu jammy-updates/main amd64 libpam-cap amd64 1:2.44-1ubuntu0.22.04.2 [7930 B]
#9 12.82 Get:12 http://archive.ubuntu.com/ubuntu jammy/main amd64 readline-common all 8.1.2-1 [53.5 kB]
#9 12.82 Get:13 http://archive.ubuntu.com/ubuntu jammy/main amd64 libreadline8 amd64 8.1.2-1 [153 kB]
#9 12.84 Get:14 http://archive.ubuntu.com/ubuntu jammy/main amd64 liblzo2-2 amd64 2.10-2build3 [53.7 kB]
#9 12.84 Get:15 http://archive.ubuntu.com/ubuntu jammy-updates/main amd64 net-tools amd64 1.60+git20181103.0eebece-1ubuntu5.4 [204 kB]
#9 13.03 debconf: delaying package configuration, since apt-utils is not installed
#9 13.07 Fetched 1938 kB in 1s (1487 kB/s)
#9 13.15 Selecting previously unselected package libelf1:amd64.
#9 13.15 (Reading database ... (Reading database ... 5%(Reading database ... 10%(Reading database ... 15%(Reading database ... 20%(Reading database ... 25%(Reading database ... 30%(Reading database ... 35%(Reading database ... 40%(Reading database ... 45%(Reading database ... 50%(Reading database ... 55%(Reading database ... 60%(Reading database ... 65%(Reading database ... 70%(Reading database ... 75%(Reading database ... 80%(Reading database ... 85%(Reading database ... 90%(Reading database ... 95%(Reading database ... 100%(Reading database ... 4393 files and directories currently installed.)
#9 13.16 Preparing to unpack .../00-libelf1_0.186-1ubuntu0.1_amd64.deb ...
#9 13.19 Unpacking libelf1:amd64 (0.186-1ubuntu0.1) ...
#9 13.35 Selecting previously unselected package libbpf0:amd64.
#9 13.35 Preparing to unpack .../01-libbpf0_1%3a0.5.0-1ubuntu22.04.1_amd64.deb ...
#9 13.36 Unpacking libbpf0:amd64 (1:0.5.0-1ubuntu22.04.1) ...
#9 13.47 Selecting previously unselected package libmd0:amd64.
#9 13.48 Preparing to unpack .../02-libmd0_1.0.4-1build1_amd64.deb ...
#9 13.49 Unpacking libmd0:amd64 (1.0.4-1build1) ...
#9 13.58 Selecting previously unselected package libbsd0:amd64.
#9 13.58 Preparing to unpack .../03-libbsd0_0.11.5-1_amd64.deb ...
#9 13.59 Unpacking libbsd0:amd64 (0.11.5-1) ...
#9 13.71 Selecting previously unselected package libmnl0:amd64.
#9 13.72 Preparing to unpack .../04-libmnl0_1.0.4-3build2_amd64.deb ...
#9 13.73 Unpacking libmnl0:amd64 (1.0.4-3build2) ...
#9 13.83 Selecting previously unselected package libxtables12:amd64.
#9 13.83 Preparing to unpack .../05-libxtables12_1.8.7-1ubuntu5.2_amd64.deb ...
#9 13.84 Unpacking libxtables12:amd64 (1.8.7-1ubuntu5.2) ...
#9 13.92 Selecting previously unselected package libcap2-bin.
#9 13.92 Preparing to unpack .../06-libcap2-bin_1%3a2.44-1ubuntu0.22.04.2_amd64.deb ...
#9 13.94 Unpacking libcap2-bin (1:2.44-1ubuntu0.22.04.2) ...
#9 14.07 Selecting previously unselected package iproute2.
#9 14.07 Preparing to unpack .../07-iproute2_5.15.0-1ubuntu2_amd64.deb ...
#9 14.08 Unpacking iproute2 (5.15.0-1ubuntu2) ...
#9 14.21 Selecting previously unselected package iputils-ping.
#9 14.21 Preparing to unpack .../08-iputils-ping_3%3a20211215-1ubuntu0.1_amd64.deb ...
#9 14.22 Unpacking iputils-ping (3:20211215-1ubuntu0.1) ...
#9 14.31 Selecting previously unselected package libatm1:amd64.
#9 14.31 Preparing to unpack .../09-libatm1_1%3a2.5.1-4build2_amd64.deb ...
#9 14.32 Unpacking libatm1:amd64 (1:2.5.1-4build2) ...
#9 14.43 Selecting previously unselected package libpam-cap:amd64.
#9 14.43 Preparing to unpack .../10-libpam-cap_1%3a2.44-1ubuntu0.22.04.2_amd64.deb ...
#9 14.44 Unpacking libpam-cap:amd64 (1:2.44-1ubuntu0.22.04.2) ...
#9 14.54 Selecting previously unselected package readline-common.
#9 14.54 Preparing to unpack .../11-readline-common_8.1.2-1_all.deb ...
#9 14.55 Unpacking readline-common (8.1.2-1) ...
#9 14.60 Selecting previously unselected package libreadline8:amd64.
#9 14.60 Preparing to unpack .../12-libreadline8_8.1.2-1_amd64.deb ...
#9 14.60 Unpacking libreadline8:amd64 (8.1.2-1) ...
#9 14.74 Selecting previously unselected package liblzo2-2:amd64.
#9 14.75 Preparing to unpack .../13-liblzo2-2_2.10-2build3_amd64.deb ...
#9 14.76 Unpacking liblzo2-2:amd64 (2.10-2build3) ...
#9 14.86 Selecting previously unselected package net-tools.
#9 14.86 Preparing to unpack .../14-net-tools_1.60+git20181103.0eebece-1ubuntu5.4_amd64.deb ...
#9 14.87 Unpacking net-tools (1.60+git20181103.0eebece-1ubuntu5.4) ...
#9 14.98 Setting up net-tools (1.60+git20181103.0eebece-1ubuntu5.4) ...
#9 15.01 Setting up liblzo2-2:amd64 (2.10-2build3) ...
#9 15.06 Setting up libatm1:amd64 (1:2.5.1-4build2) ...
#9 15.10 Setting up libcap2-bin (1:2.44-1ubuntu0.22.04.2) ...
#9 15.13 Setting up libmnl0:amd64 (1.0.4-3build2) ...
#9 15.17 Setting up libxtables12:amd64 (1.8.7-1ubuntu5.2) ...
#9 15.21 Setting up libmd0:amd64 (1.0.4-1build1) ...
#9 15.24 Setting up libbsd0:amd64 (0.11.5-1) ...
#9 15.28 Setting up libelf1:amd64 (0.186-1ubuntu0.1) ...
#9 15.32 Setting up libpam-cap:amd64 (1:2.44-1ubuntu0.22.04.2) ...
#9 15.59 Setting up iputils-ping (3:20211215-1ubuntu0.1) ...
#9 15.64 Setting up readline-common (8.1.2-1) ...
#9 15.68 Setting up libreadline8:amd64 (8.1.2-1) ...
#9 15.72 Setting up libbpf0:amd64 (1:0.5.0-1ubuntu22.04.1) ...
#9 15.75 Setting up iproute2 (5.15.0-1ubuntu2) ...
#9 16.02 Processing triggers for libc-bin (2.35-0ubuntu3.11) ...
#9 DONE 16.8s

#8 [tinc-builder 2/9] RUN apt-get update && apt-get install -y     build-essential     autoconf     automake     libtool     libssl-dev     zlib1g-dev     liblzo2-dev     libncurses5-dev     libreadline-dev     && rm -rf /var/lib/apt/lists/*
#8 9.684 Reading package lists...
#8 10.95 Building dependency tree...
#8 11.17 Reading state information...
#8 11.39 The following additional packages will be installed:
#8 11.39   autotools-dev binutils binutils-common binutils-x86-64-linux-gnu bzip2 cpp
#8 11.39   cpp-11 dirmngr dpkg-dev fakeroot file fontconfig-config fonts-dejavu-core
#8 11.39   g++ g++-11 gcc gcc-11 gcc-11-base gnupg gnupg-l10n gnupg-utils gpg gpg-agent
#8 11.39   gpg-wks-client gpg-wks-server gpgconf gpgsm libalgorithm-diff-perl
#8 11.39   libalgorithm-diff-xs-perl libalgorithm-merge-perl libasan6 libassuan0
#8 11.39   libatomic1 libbinutils libbrotli1 libbsd0 libc-dev-bin libc-devtools
#8 11.39   libc6-dev libcc1-0 libcrypt-dev libctf-nobfd0 libctf0 libdeflate0
#8 11.39   libdpkg-perl libexpat1 libfakeroot libfile-fcntllock-perl libfontconfig1
#8 11.39   libfreetype6 libgcc-11-dev libgd3 libgdbm-compat4 libgdbm6 libgomp1 libisl23
#8 11.39   libitm1 libjbig0 libjpeg-turbo8 libjpeg8 libksba8 libldap-2.5-0
#8 11.39   libldap-common liblocale-gettext-perl liblsan0 libltdl-dev libltdl7
#8 11.39   liblzo2-2 libmagic-mgc libmagic1 libmd0 libmpc3 libmpfr6 libncurses-dev
#8 11.39   libnpth0 libnsl-dev libperl5.34 libpng16-16 libquadmath0 libreadline8
#8 11.39   libsasl2-2 libsasl2-modules libsasl2-modules-db libsigsegv2 libsqlite3-0
#8 11.39   libstdc++-11-dev libtiff5 libtirpc-dev libtsan0 libubsan1 libwebp7 libx11-6
#8 11.39   libx11-data libxau6 libxcb1 libxdmcp6 libxpm4 linux-libc-dev
#8 11.39   lto-disabled-list m4 make manpages manpages-dev netbase patch perl
#8 11.39   perl-modules-5.34 pinentry-curses readline-common rpcsvc-proto ucf xz-utils
#8 11.39 Suggested packages:
#8 11.39   autoconf-archive gnu-standards autoconf-doc gettext binutils-doc bzip2-doc
#8 11.39   cpp-doc gcc-11-locales dbus-user-session libpam-systemd pinentry-gnome3 tor
#8 11.39   debian-keyring g++-multilib g++-11-multilib gcc-11-doc gcc-multilib flex
#8 11.39   bison gdb gcc-doc gcc-11-multilib parcimonie xloadimage scdaemon glibc-doc
#8 11.39   git bzr libgd-tools gdbm-l10n libtool-doc ncurses-doc readline-doc
#8 11.39   libsasl2-modules-gssapi-mit | libsasl2-modules-gssapi-heimdal
#8 11.39   libsasl2-modules-ldap libsasl2-modules-otp libsasl2-modules-sql libssl-doc
#8 11.39   libstdc++-11-doc gfortran | fortran95-compiler gcj-jdk m4-doc make-doc
#8 11.39   man-browser ed diffutils-doc perl-doc libterm-readline-gnu-perl
#8 11.39   | libterm-readline-perl-perl libtap-harness-archive-perl pinentry-doc
#8 11.62 The following NEW packages will be installed:
#8 11.62   autoconf automake autotools-dev binutils binutils-common
#8 11.62   binutils-x86-64-linux-gnu build-essential bzip2 cpp cpp-11 dirmngr dpkg-dev
#8 11.62   fakeroot file fontconfig-config fonts-dejavu-core g++ g++-11 gcc gcc-11
#8 11.62   gcc-11-base gnupg gnupg-l10n gnupg-utils gpg gpg-agent gpg-wks-client
#8 11.62   gpg-wks-server gpgconf gpgsm libalgorithm-diff-perl
#8 11.62   libalgorithm-diff-xs-perl libalgorithm-merge-perl libasan6 libassuan0
#8 11.62   libatomic1 libbinutils libbrotli1 libbsd0 libc-dev-bin libc-devtools
#8 11.62   libc6-dev libcc1-0 libcrypt-dev libctf-nobfd0 libctf0 libdeflate0
#8 11.62   libdpkg-perl libexpat1 libfakeroot libfile-fcntllock-perl libfontconfig1
#8 11.62   libfreetype6 libgcc-11-dev libgd3 libgdbm-compat4 libgdbm6 libgomp1 libisl23
#8 11.62   libitm1 libjbig0 libjpeg-turbo8 libjpeg8 libksba8 libldap-2.5-0
#8 11.62   libldap-common liblocale-gettext-perl liblsan0 libltdl-dev libltdl7
#8 11.62   liblzo2-2 liblzo2-dev libmagic-mgc libmagic1 libmd0 libmpc3 libmpfr6
#8 11.62   libncurses-dev libncurses5-dev libnpth0 libnsl-dev libperl5.34 libpng16-16
#8 11.62   libquadmath0 libreadline-dev libreadline8 libsasl2-2 libsasl2-modules
#8 11.62   libsasl2-modules-db libsigsegv2 libsqlite3-0 libssl-dev libstdc++-11-dev
#8 11.62   libtiff5 libtirpc-dev libtool libtsan0 libubsan1 libwebp7 libx11-6
#8 11.62   libx11-data libxau6 libxcb1 libxdmcp6 libxpm4 linux-libc-dev
#8 11.62   lto-disabled-list m4 make manpages manpages-dev netbase patch perl
#8 11.62   perl-modules-5.34 pinentry-curses readline-common rpcsvc-proto ucf xz-utils
#8 11.62   zlib1g-dev
#8 11.92 0 upgraded, 121 newly installed, 0 to remove and 2 not upgraded.
#8 11.92 Need to get 88.9 MB of archives.
#8 11.92 After this operation, 324 MB of additional disk space will be used.
#8 11.92 Get:1 http://archive.ubuntu.com/ubuntu jammy/main amd64 liblocale-gettext-perl amd64 1.07-4build3 [17.1 kB]
#8 12.17 Get:2 http://archive.ubuntu.com/ubuntu jammy-updates/main amd64 perl-modules-5.34 all 5.34.0-3ubuntu1.5 [2977 kB]
#8 13.02 Get:3 http://archive.ubuntu.com/ubuntu jammy/main amd64 libgdbm6 amd64 1.23-1 [33.9 kB]
#8 13.02 Get:4 http://archive.ubuntu.com/ubuntu jammy/main amd64 libgdbm-compat4 amd64 1.23-1 [6606 B]
#8 13.02 Get:5 http://archive.ubuntu.com/ubuntu jammy-updates/main amd64 libperl5.34 amd64 5.34.0-3ubuntu1.5 [4797 kB]
#8 13.22 Get:6 http://archive.ubuntu.com/ubuntu jammy-updates/main amd64 perl amd64 5.34.0-3ubuntu1.5 [232 kB]
#8 13.22 Get:7 http://archive.ubuntu.com/ubuntu jammy/main amd64 libmd0 amd64 1.0.4-1build1 [23.0 kB]
#8 13.23 Get:8 http://archive.ubuntu.com/ubuntu jammy/main amd64 libbsd0 amd64 0.11.5-1 [44.8 kB]
#8 13.23 Get:9 http://archive.ubuntu.com/ubuntu jammy-updates/main amd64 libexpat1 amd64 2.4.7-1ubuntu0.6 [92.1 kB]
#8 13.24 Get:10 http://archive.ubuntu.com/ubuntu jammy/main amd64 readline-common all 8.1.2-1 [53.5 kB]
#8 13.25 Get:11 http://archive.ubuntu.com/ubuntu jammy/main amd64 libreadline8 amd64 8.1.2-1 [153 kB]
#8 13.25 Get:12 http://archive.ubuntu.com/ubuntu jammy-updates/main amd64 libsqlite3-0 amd64 3.37.2-2ubuntu0.5 [643 kB]
#8 13.26 Get:13 http://archive.ubuntu.com/ubuntu jammy/main amd64 netbase all 6.3 [12.9 kB]
#8 13.27 Get:14 http://archive.ubuntu.com/ubuntu jammy/main amd64 ucf all 3.0043 [56.1 kB]
#8 13.39 Get:15 http://archive.ubuntu.com/ubuntu jammy-updates/main amd64 libmagic-mgc amd64 1:5.41-3ubuntu0.1 [257 kB]
#8 13.39 Get:16 http://archive.ubuntu.com/ubuntu jammy-updates/main amd64 libmagic1 amd64 1:5.41-3ubuntu0.1 [87.2 kB]
#8 13.40 Get:17 http://archive.ubuntu.com/ubuntu jammy-updates/main amd64 file amd64 1:5.41-3ubuntu0.1 [21.5 kB]
#8 13.40 Get:18 http://archive.ubuntu.com/ubuntu jammy/main amd64 libpng16-16 amd64 1.6.37-3build5 [191 kB]
#8 13.41 Get:19 http://archive.ubuntu.com/ubuntu jammy/main amd64 libxau6 amd64 1:1.0.9-1build5 [7634 B]
#8 13.41 Get:20 http://archive.ubuntu.com/ubuntu jammy/main amd64 libxdmcp6 amd64 1:1.1.3-0ubuntu5 [10.9 kB]
#8 13.41 Get:21 http://archive.ubuntu.com/ubuntu jammy/main amd64 libxcb1 amd64 1.14-3ubuntu3 [49.0 kB]
#8 13.41 Get:22 http://archive.ubuntu.com/ubuntu jammy-updates/main amd64 libx11-data all 2:1.7.5-1ubuntu0.3 [120 kB]
#8 13.51 Get:23 http://archive.ubuntu.com/ubuntu jammy-updates/main amd64 libx11-6 amd64 2:1.7.5-1ubuntu0.3 [667 kB]
#8 13.52 Get:24 http://archive.ubuntu.com/ubuntu jammy/main amd64 manpages all 5.10-1ubuntu1 [1375 kB]
#8 13.63 Get:25 http://archive.ubuntu.com/ubuntu jammy/main amd64 xz-utils amd64 5.2.5-2ubuntu1 [84.8 kB]
#8 13.63 Get:26 http://archive.ubuntu.com/ubuntu jammy/main amd64 libsigsegv2 amd64 2.13-1ubuntu3 [14.6 kB]
#8 13.63 Get:27 http://archive.ubuntu.com/ubuntu jammy/main amd64 m4 amd64 1.4.18-5ubuntu2 [199 kB]
#8 13.63 Get:28 http://archive.ubuntu.com/ubuntu jammy/main amd64 autoconf all 2.71-2 [338 kB]
#8 13.64 Get:29 http://archive.ubuntu.com/ubuntu jammy/main amd64 autotools-dev all 20220109.1 [44.9 kB]
#8 13.64 Get:30 http://archive.ubuntu.com/ubuntu jammy/main amd64 automake all 1:1.16.5-1.3 [558 kB]
#8 13.65 Get:31 http://archive.ubuntu.com/ubuntu jammy-updates/main amd64 binutils-common amd64 2.38-4ubuntu2.10 [223 kB]
#8 13.66 Get:32 http://archive.ubuntu.com/ubuntu jammy-updates/main amd64 libbinutils amd64 2.38-4ubuntu2.10 [658 kB]
#8 13.75 Get:33 http://archive.ubuntu.com/ubuntu jammy-updates/main amd64 libctf-nobfd0 amd64 2.38-4ubuntu2.10 [108 kB]
#8 13.75 Get:34 http://archive.ubuntu.com/ubuntu jammy-updates/main amd64 libctf0 amd64 2.38-4ubuntu2.10 [103 kB]
#8 13.87 Get:35 http://archive.ubuntu.com/ubuntu jammy-updates/main amd64 binutils-x86-64-linux-gnu amd64 2.38-4ubuntu2.10 [2324 kB]
#8 13.90 Get:36 http://archive.ubuntu.com/ubuntu jammy-updates/main amd64 binutils amd64 2.38-4ubuntu2.10 [3198 B]
#8 13.90 Get:37 http://archive.ubuntu.com/ubuntu jammy-updates/main amd64 libc-dev-bin amd64 2.35-0ubuntu3.11 [20.3 kB]
#8 13.90 Get:38 http://archive.ubuntu.com/ubuntu jammy-updates/main amd64 linux-libc-dev amd64 5.15.0-161.171 [1307 kB]
#8 13.92 Get:39 http://archive.ubuntu.com/ubuntu jammy/main amd64 libcrypt-dev amd64 1:4.4.27-1 [112 kB]
#8 13.92 Get:40 http://archive.ubuntu.com/ubuntu jammy/main amd64 rpcsvc-proto amd64 1.4.2-0ubuntu6 [68.5 kB]
#8 13.92 Get:41 http://archive.ubuntu.com/ubuntu jammy-updates/main amd64 libtirpc-dev amd64 1.3.2-2ubuntu0.1 [192 kB]
#8 13.92 Get:42 http://archive.ubuntu.com/ubuntu jammy/main amd64 libnsl-dev amd64 1.3.0-2build2 [71.3 kB]
#8 13.99 Get:43 http://archive.ubuntu.com/ubuntu jammy-updates/main amd64 libc6-dev amd64 2.35-0ubuntu3.11 [2100 kB]
#8 14.04 Get:44 http://archive.ubuntu.com/ubuntu jammy-updates/main amd64 gcc-11-base amd64 11.4.0-1ubuntu1~22.04.2 [20.8 kB]
#8 14.12 Get:45 http://archive.ubuntu.com/ubuntu jammy/main amd64 libisl23 amd64 0.24-2build1 [727 kB]
#8 14.13 Get:46 http://archive.ubuntu.com/ubuntu jammy/main amd64 libmpfr6 amd64 4.1.0-3build3 [1425 kB]
#8 14.16 Get:47 http://archive.ubuntu.com/ubuntu jammy/main amd64 libmpc3 amd64 1.2.1-2build1 [46.9 kB]
#8 14.17 Get:48 http://archive.ubuntu.com/ubuntu jammy-updates/main amd64 cpp-11 amd64 11.4.0-1ubuntu1~22.04.2 [10.0 MB]
#8 14.63 Get:49 http://archive.ubuntu.com/ubuntu jammy/main amd64 cpp amd64 4:11.2.0-1ubuntu1 [27.7 kB]
#8 14.63 Get:50 http://archive.ubuntu.com/ubuntu jammy-updates/main amd64 libcc1-0 amd64 12.3.0-1ubuntu1~22.04.2 [48.3 kB]
#8 14.63 Get:51 http://archive.ubuntu.com/ubuntu jammy-updates/main amd64 libgomp1 amd64 12.3.0-1ubuntu1~22.04.2 [127 kB]
#8 14.64 Get:52 http://archive.ubuntu.com/ubuntu jammy-updates/main amd64 libitm1 amd64 12.3.0-1ubuntu1~22.04.2 [30.2 kB]
#8 14.64 Get:53 http://archive.ubuntu.com/ubuntu jammy-updates/main amd64 libatomic1 amd64 12.3.0-1ubuntu1~22.04.2 [10.4 kB]
#8 14.64 Get:54 http://archive.ubuntu.com/ubuntu jammy-updates/main amd64 libasan6 amd64 11.4.0-1ubuntu1~22.04.2 [2283 kB]
#8 14.70 Get:55 http://archive.ubuntu.com/ubuntu jammy-updates/main amd64 liblsan0 amd64 12.3.0-1ubuntu1~22.04.2 [1069 kB]
#8 14.73 Get:56 http://archive.ubuntu.com/ubuntu jammy-updates/main amd64 libtsan0 amd64 11.4.0-1ubuntu1~22.04.2 [2262 kB]
#8 14.83 Get:57 http://archive.ubuntu.com/ubuntu jammy-updates/main amd64 libubsan1 amd64 12.3.0-1ubuntu1~22.04.2 [976 kB]
#8 14.85 Get:58 http://archive.ubuntu.com/ubuntu jammy-updates/main amd64 libquadmath0 amd64 12.3.0-1ubuntu1~22.04.2 [154 kB]
#8 14.87 Get:59 http://archive.ubuntu.com/ubuntu jammy-updates/main amd64 libgcc-11-dev amd64 11.4.0-1ubuntu1~22.04.2 [2517 kB]
#8 14.93 Get:60 http://archive.ubuntu.com/ubuntu jammy-updates/main amd64 gcc-11 amd64 11.4.0-1ubuntu1~22.04.2 [20.1 MB]
#8 15.55 Get:61 http://archive.ubuntu.com/ubuntu jammy/main amd64 gcc amd64 4:11.2.0-1ubuntu1 [5112 B]
#8 15.55 Get:62 http://archive.ubuntu.com/ubuntu jammy-updates/main amd64 libstdc++-11-dev amd64 11.4.0-1ubuntu1~22.04.2 [2101 kB]
#8 15.57 Get:63 http://archive.ubuntu.com/ubuntu jammy-updates/main amd64 g++-11 amd64 11.4.0-1ubuntu1~22.04.2 [11.4 MB]
#8 15.92 Get:64 http://archive.ubuntu.com/ubuntu jammy/main amd64 g++ amd64 4:11.2.0-1ubuntu1 [1412 B]
#8 15.92 Get:65 http://archive.ubuntu.com/ubuntu jammy/main amd64 make amd64 4.3-4.1build1 [180 kB]
#8 15.93 Get:66 http://archive.ubuntu.com/ubuntu jammy-updates/main amd64 libdpkg-perl all 1.21.1ubuntu2.6 [237 kB]
#8 15.93 Get:67 http://archive.ubuntu.com/ubuntu jammy/main amd64 bzip2 amd64 1.0.8-5build1 [34.8 kB]
#8 15.93 Get:68 http://archive.ubuntu.com/ubuntu jammy/main amd64 patch amd64 2.7.6-7build2 [109 kB]
#8 15.93 Get:69 http://archive.ubuntu.com/ubuntu jammy/main amd64 lto-disabled-list all 24 [12.5 kB]
#8 15.93 Get:70 http://archive.ubuntu.com/ubuntu jammy-updates/main amd64 dpkg-dev all 1.21.1ubuntu2.6 [922 kB]
#8 15.94 Get:71 http://archive.ubuntu.com/ubuntu jammy/main amd64 build-essential amd64 12.9ubuntu3 [4744 B]
#8 15.94 Get:72 http://archive.ubuntu.com/ubuntu jammy/main amd64 libassuan0 amd64 2.5.5-1build1 [38.2 kB]
#8 16.05 Get:73 http://archive.ubuntu.com/ubuntu jammy-updates/main amd64 gpgconf amd64 2.2.27-3ubuntu2.4 [94.5 kB]
#8 16.05 Get:74 http://archive.ubuntu.com/ubuntu jammy-updates/main amd64 libksba8 amd64 1.6.0-2ubuntu0.2 [119 kB]
#8 16.17 Get:75 http://archive.ubuntu.com/ubuntu jammy-updates/main amd64 libsasl2-modules-db amd64 2.1.27+dfsg2-3ubuntu1.2 [20.5 kB]
#8 16.17 Get:76 http://archive.ubuntu.com/ubuntu jammy-updates/main amd64 libsasl2-2 amd64 2.1.27+dfsg2-3ubuntu1.2 [53.8 kB]
#8 16.18 Get:77 http://archive.ubuntu.com/ubuntu jammy-updates/main amd64 libldap-2.5-0 amd64 2.5.19+dfsg-0ubuntu0.22.04.1 [184 kB]
#8 16.19 Get:78 http://archive.ubuntu.com/ubuntu jammy/main amd64 libnpth0 amd64 1.6-3build2 [8664 B]
#8 16.21 Get:79 http://archive.ubuntu.com/ubuntu jammy-updates/main amd64 dirmngr amd64 2.2.27-3ubuntu2.4 [293 kB]
#8 16.21 Get:80 http://archive.ubuntu.com/ubuntu jammy/main amd64 libfakeroot amd64 1.28-1ubuntu1 [31.5 kB]
#8 16.23 Get:81 http://archive.ubuntu.com/ubuntu jammy/main amd64 fakeroot amd64 1.28-1ubuntu1 [60.4 kB]
#8 16.24 Get:82 http://archive.ubuntu.com/ubuntu jammy/main amd64 fonts-dejavu-core all 2.37-2build1 [1041 kB]
#8 16.29 Get:83 http://archive.ubuntu.com/ubuntu jammy/main amd64 fontconfig-config all 2.13.1-4.2ubuntu5 [29.1 kB]
#8 16.30 Get:84 http://archive.ubuntu.com/ubuntu jammy-updates/main amd64 gnupg-l10n all 2.2.27-3ubuntu2.4 [54.7 kB]
#8 16.41 Get:85 http://archive.ubuntu.com/ubuntu jammy-updates/main amd64 gnupg-utils amd64 2.2.27-3ubuntu2.4 [309 kB]
#8 16.43 Get:86 http://archive.ubuntu.com/ubuntu jammy-updates/main amd64 gpg amd64 2.2.27-3ubuntu2.4 [518 kB]
#8 16.45 Get:87 http://archive.ubuntu.com/ubuntu jammy/main amd64 pinentry-curses amd64 1.1.1-1build2 [34.4 kB]
#8 16.46 Get:88 http://archive.ubuntu.com/ubuntu jammy-updates/main amd64 gpg-agent amd64 2.2.27-3ubuntu2.4 [209 kB]
#8 16.48 Get:89 http://archive.ubuntu.com/ubuntu jammy-updates/main amd64 gpg-wks-client amd64 2.2.27-3ubuntu2.4 [62.7 kB]
#8 16.50 Get:90 http://archive.ubuntu.com/ubuntu jammy-updates/main amd64 gpg-wks-server amd64 2.2.27-3ubuntu2.4 [57.5 kB]
#8 16.52 Get:91 http://archive.ubuntu.com/ubuntu jammy-updates/main amd64 gpgsm amd64 2.2.27-3ubuntu2.4 [197 kB]
#8 16.54 Get:92 http://archive.ubuntu.com/ubuntu jammy-updates/main amd64 gnupg all 2.2.27-3ubuntu2.4 [315 kB]
#8 16.56 Get:93 http://archive.ubuntu.com/ubuntu jammy/main amd64 libalgorithm-diff-perl all 1.201-1 [41.8 kB]
#8 16.57 Get:94 http://archive.ubuntu.com/ubuntu jammy/main amd64 libalgorithm-diff-xs-perl amd64 0.04-6build3 [11.9 kB]
#8 16.66 Get:95 http://archive.ubuntu.com/ubuntu jammy/main amd64 libalgorithm-merge-perl all 0.08-3 [12.0 kB]
#8 16.67 Get:96 http://archive.ubuntu.com/ubuntu jammy/main amd64 libbrotli1 amd64 1.0.9-2build6 [315 kB]
#8 16.69 Get:97 http://archive.ubuntu.com/ubuntu jammy-updates/main amd64 libfreetype6 amd64 2.11.1+dfsg-1ubuntu0.3 [388 kB]
#8 16.70 Get:98 http://archive.ubuntu.com/ubuntu jammy/main amd64 libfontconfig1 amd64 2.13.1-4.2ubuntu5 [131 kB]
#8 16.71 Get:99 http://archive.ubuntu.com/ubuntu jammy/main amd64 libjpeg-turbo8 amd64 2.1.2-0ubuntu1 [134 kB]
#8 16.73 Get:100 http://archive.ubuntu.com/ubuntu jammy/main amd64 libjpeg8 amd64 8c-2ubuntu10 [2264 B]
#8 16.78 Get:101 http://archive.ubuntu.com/ubuntu jammy/main amd64 libdeflate0 amd64 1.10-2 [70.9 kB]
#8 ...

#7 [quiche-builder 2/6] RUN apt-get update && apt-get install -y     build-essential     curl     git     libssl-dev     pkg-config     cmake     libclang-dev     clang     && rm -rf /var/lib/apt/lists/*
#7 16.99 Get:167 http://archive.ubuntu.com/ubuntu jammy-updates/main amd64 libldap-common all 2.5.19+dfsg-0ubuntu0.22.04.1 [16.1 kB]
#7 16.99 Get:168 http://archive.ubuntu.com/ubuntu jammy-updates/main amd64 libncurses-dev amd64 6.3-2ubuntu0.1 [381 kB]
#7 16.99 Get:169 http://archive.ubuntu.com/ubuntu jammy-updates/main amd64 libsasl2-modules amd64 2.1.27+dfsg2-3ubuntu1.2 [68.8 kB]
#7 16.99 Get:170 http://archive.ubuntu.com/ubuntu jammy-updates/main amd64 libssl-dev amd64 3.0.2-0ubuntu1.20 [2376 kB]
#7 17.14 Get:171 http://archive.ubuntu.com/ubuntu jammy-updates/main amd64 libtinfo-dev amd64 6.3-2ubuntu0.1 [780 B]
#7 17.14 Get:172 http://archive.ubuntu.com/ubuntu jammy-updates/main amd64 libxml2-dev amd64 2.9.13+dfsg-1ubuntu0.10 [804 kB]
#7 17.17 Get:173 http://archive.ubuntu.com/ubuntu jammy-updates/universe amd64 llvm-14-runtime amd64 1:14.0.0-1ubuntu1.1 [484 kB]
#7 17.19 Get:174 http://archive.ubuntu.com/ubuntu jammy-updates/main amd64 libpfm4 amd64 4.11.1+git32-gd0b85fb-1ubuntu0.1 [345 kB]
#7 17.20 Get:175 http://archive.ubuntu.com/ubuntu jammy-updates/universe amd64 llvm-14 amd64 1:14.0.0-1ubuntu1.1 [12.7 MB]
#7 17.69 Get:176 http://archive.ubuntu.com/ubuntu jammy/main amd64 libffi-dev amd64 3.4.2-4 [63.7 kB]
#7 17.69 Get:177 http://archive.ubuntu.com/ubuntu jammy-updates/main amd64 python3-pygments all 2.11.2+dfsg-2ubuntu0.1 [750 kB]
#7 17.70 Get:178 http://archive.ubuntu.com/ubuntu jammy-updates/universe amd64 llvm-14-tools amd64 1:14.0.0-1ubuntu1.1 [404 kB]
#7 17.71 Get:179 http://archive.ubuntu.com/ubuntu jammy/universe amd64 libz3-4 amd64 4.8.12-1 [5766 kB]
#7 17.90 Get:180 http://archive.ubuntu.com/ubuntu jammy/universe amd64 libz3-dev amd64 4.8.12-1 [72.2 kB]
#7 17.91 Get:181 http://archive.ubuntu.com/ubuntu jammy-updates/universe amd64 llvm-14-dev amd64 1:14.0.0-1ubuntu1.1 [37.8 MB]
#7 19.27 Get:182 http://archive.ubuntu.com/ubuntu jammy/main amd64 manpages-dev all 5.10-1ubuntu1 [2309 kB]
#7 19.30 Get:183 http://archive.ubuntu.com/ubuntu jammy/main amd64 pkg-config amd64 0.29.2-1ubuntu3 [48.2 kB]
#7 19.52 debconf: delaying package configuration, since apt-utils is not installed
#7 19.55 Fetched 272 MB in 12s (23.5 MB/s)
#7 19.63 Selecting previously unselected package liblocale-gettext-perl.
#7 19.63 (Reading database ... (Reading database ... 5%(Reading database ... 10%(Reading database ... 15%(Reading database ... 20%(Reading database ... 25%(Reading database ... 30%(Reading database ... 35%(Reading database ... 40%(Reading database ... 45%(Reading database ... 50%(Reading database ... 55%(Reading database ... 60%(Reading database ... 65%(Reading database ... 70%(Reading database ... 75%(Reading database ... 80%(Reading database ... 85%(Reading database ... 90%(Reading database ... 95%(Reading database ... 100%(Reading database ... 4393 files and directories currently installed.)
#7 19.64 Preparing to unpack .../liblocale-gettext-perl_1.07-4build3_amd64.deb ...
#7 19.65 Unpacking liblocale-gettext-perl (1.07-4build3) ...
#7 19.81 Selecting previously unselected package libpython3.10-minimal:amd64.
#7 19.81 Preparing to unpack .../libpython3.10-minimal_3.10.12-1~22.04.11_amd64.deb ...
#7 19.83 Unpacking libpython3.10-minimal:amd64 (3.10.12-1~22.04.11) ...
#7 20.04 Selecting previously unselected package libexpat1:amd64.
#7 20.04 Preparing to unpack .../libexpat1_2.4.7-1ubuntu0.6_amd64.deb ...
#7 20.09 Unpacking libexpat1:amd64 (2.4.7-1ubuntu0.6) ...
#7 20.23 Selecting previously unselected package python3.10-minimal.
#7 20.23 Preparing to unpack .../python3.10-minimal_3.10.12-1~22.04.11_amd64.deb ...
#7 20.25 Unpacking python3.10-minimal (3.10.12-1~22.04.11) ...
#7 20.44 Setting up libpython3.10-minimal:amd64 (3.10.12-1~22.04.11) ...
#7 20.52 Setting up libexpat1:amd64 (2.4.7-1ubuntu0.6) ...
#7 20.58 Setting up python3.10-minimal (3.10.12-1~22.04.11) ...
#7 21.50 Selecting previously unselected package python3-minimal.
#7 21.50 (Reading database ... (Reading database ... 5%(Reading database ... 10%(Reading database ... 15%(Reading database ... 20%(Reading database ... 25%(Reading database ... 30%(Reading database ... 35%(Reading database ... 40%(Reading database ... 45%(Reading database ... 50%(Reading database ... 55%(Reading database ... 60%(Reading database ... 65%(Reading database ... 70%(Reading database ... 75%(Reading database ... 80%(Reading database ... 85%(Reading database ... 90%(Reading database ... 95%(Reading database ... 100%(Reading database ... 4711 files and directories currently installed.)
#7 21.50 Preparing to unpack .../0-python3-minimal_3.10.6-1~22.04.1_amd64.deb ...
#7 21.52 Unpacking python3-minimal (3.10.6-1~22.04.1) ...
#7 21.64 Selecting previously unselected package media-types.
#7 21.64 Preparing to unpack .../1-media-types_7.0.0_all.deb ...
#7 21.66 Unpacking media-types (7.0.0) ...
#7 21.82 Selecting previously unselected package libmpdec3:amd64.
#7 21.82 Preparing to unpack .../2-libmpdec3_2.5.1-2build2_amd64.deb ...
#7 21.84 Unpacking libmpdec3:amd64 (2.5.1-2build2) ...
#7 21.99 Selecting previously unselected package readline-common.
#7 21.99 Preparing to unpack .../3-readline-common_8.1.2-1_all.deb ...
#7 22.00 Unpacking readline-common (8.1.2-1) ...
#7 22.09 Selecting previously unselected package libreadline8:amd64.
#7 22.09 Preparing to unpack .../4-libreadline8_8.1.2-1_amd64.deb ...
#7 22.10 Unpacking libreadline8:amd64 (8.1.2-1) ...
#7 22.23 Selecting previously unselected package libsqlite3-0:amd64.
#7 22.24 Preparing to unpack .../5-libsqlite3-0_3.37.2-2ubuntu0.5_amd64.deb ...
#7 22.25 Unpacking libsqlite3-0:amd64 (3.37.2-2ubuntu0.5) ...
#7 22.38 Selecting previously unselected package libpython3.10-stdlib:amd64.
#7 22.38 Preparing to unpack .../6-libpython3.10-stdlib_3.10.12-1~22.04.11_amd64.deb ...
#7 22.40 Unpacking libpython3.10-stdlib:amd64 (3.10.12-1~22.04.11) ...
#7 22.58 Selecting previously unselected package python3.10.
#7 22.58 Preparing to unpack .../7-python3.10_3.10.12-1~22.04.11_amd64.deb ...
#7 22.59 Unpacking python3.10 (3.10.12-1~22.04.11) ...
#7 22.70 Selecting previously unselected package libpython3-stdlib:amd64.
#7 22.71 Preparing to unpack .../8-libpython3-stdlib_3.10.6-1~22.04.1_amd64.deb ...
#7 22.72 Unpacking libpython3-stdlib:amd64 (3.10.6-1~22.04.1) ...
#7 22.84 Setting up python3-minimal (3.10.6-1~22.04.1) ...
#7 23.18 Selecting previously unselected package python3.
#7 23.18 (Reading database ... (Reading database ... 5%(Reading database ... 10%(Reading database ... 15%(Reading database ... 20%(Reading database ... 25%(Reading database ... 30%(Reading database ... 35%(Reading database ... 40%(Reading database ... 45%(Reading database ... 50%(Reading database ... 55%(Reading database ... 60%(Reading database ... 65%(Reading database ... 70%(Reading database ... 75%(Reading database ... 80%(Reading database ... 85%(Reading database ... 90%(Reading database ... 95%(Reading database ... 100%(Reading database ... 5141 files and directories currently installed.)
#7 23.19 Preparing to unpack .../000-python3_3.10.6-1~22.04.1_amd64.deb ...
#7 23.22 Unpacking python3 (3.10.6-1~22.04.1) ...
#7 23.34 Selecting previously unselected package perl-modules-5.34.
#7 23.34 Preparing to unpack .../001-perl-modules-5.34_5.34.0-3ubuntu1.5_all.deb ...
#7 23.36 Unpacking perl-modules-5.34 (5.34.0-3ubuntu1.5) ...
#7 23.75 Selecting previously unselected package libgdbm6:amd64.
#7 23.76 Preparing to unpack .../002-libgdbm6_1.23-1_amd64.deb ...
#7 23.78 Unpacking libgdbm6:amd64 (1.23-1) ...
#7 23.91 Selecting previously unselected package libgdbm-compat4:amd64.
#7 23.91 Preparing to unpack .../003-libgdbm-compat4_1.23-1_amd64.deb ...
#7 23.93 Unpacking libgdbm-compat4:amd64 (1.23-1) ...
#7 24.06 Selecting previously unselected package libperl5.34:amd64.
#7 24.06 Preparing to unpack .../004-libperl5.34_5.34.0-3ubuntu1.5_amd64.deb ...
#7 24.08 Unpacking libperl5.34:amd64 (5.34.0-3ubuntu1.5) ...
#7 24.42 Selecting previously unselected package perl.
#7 24.42 Preparing to unpack .../005-perl_5.34.0-3ubuntu1.5_amd64.deb ...
#7 24.44 Unpacking perl (5.34.0-3ubuntu1.5) ...
#7 24.58 Selecting previously unselected package openssl.
#7 24.58 Preparing to unpack .../006-openssl_3.0.2-0ubuntu1.20_amd64.deb ...
#7 24.60 Unpacking openssl (3.0.2-0ubuntu1.20) ...
#7 24.73 Selecting previously unselected package ca-certificates.
#7 24.73 Preparing to unpack .../007-ca-certificates_20240203~22.04.1_all.deb ...
#7 24.74 Unpacking ca-certificates (20240203~22.04.1) ...
#7 24.97 Selecting previously unselected package less.
#7 24.97 Preparing to unpack .../008-less_590-1ubuntu0.22.04.3_amd64.deb ...
#7 24.99 Unpacking less (590-1ubuntu0.22.04.3) ...
#7 25.14 Selecting previously unselected package libmd0:amd64.
#7 25.14 Preparing to unpack .../009-libmd0_1.0.4-1build1_amd64.deb ...
#7 25.17 Unpacking libmd0:amd64 (1.0.4-1build1) ...
#7 25.29 Selecting previously unselected package libbsd0:amd64.
#7 25.29 Preparing to unpack .../010-libbsd0_0.11.5-1_amd64.deb ...
#7 25.30 Unpacking libbsd0:amd64 (0.11.5-1) ...
#7 25.41 Selecting previously unselected package libglib2.0-0:amd64.
#7 25.41 Preparing to unpack .../011-libglib2.0-0_2.72.4-0ubuntu2.6_amd64.deb ...
#7 25.42 Unpacking libglib2.0-0:amd64 (2.72.4-0ubuntu2.6) ...
#7 25.54 Selecting previously unselected package libglib2.0-data.
#7 25.54 Preparing to unpack .../012-libglib2.0-data_2.72.4-0ubuntu2.6_all.deb ...
#7 25.56 Unpacking libglib2.0-data (2.72.4-0ubuntu2.6) ...
#7 25.69 Selecting previously unselected package libicu70:amd64.
#7 25.69 Preparing to unpack .../013-libicu70_70.1-2_amd64.deb ...
#7 25.71 Unpacking libicu70:amd64 (70.1-2) ...
#7 ...

#8 [tinc-builder 2/9] RUN apt-get update && apt-get install -y     build-essential     autoconf     automake     libtool     libssl-dev     zlib1g-dev     liblzo2-dev     libncurses5-dev     libreadline-dev     && rm -rf /var/lib/apt/lists/*
#8 17.21 Get:102 http://archive.ubuntu.com/ubuntu jammy-updates/main amd64 libjbig0 amd64 2.1-3.1ubuntu0.22.04.1 [29.2 kB]
#8 17.49 Get:103 http://archive.ubuntu.com/ubuntu jammy-updates/main amd64 libwebp7 amd64 1.2.2-2ubuntu0.22.04.2 [206 kB]
#8 17.83 Get:104 http://archive.ubuntu.com/ubuntu jammy-updates/main amd64 libtiff5 amd64 4.3.0-6ubuntu0.12 [185 kB]
#8 17.94 Get:105 http://archive.ubuntu.com/ubuntu jammy-updates/main amd64 libxpm4 amd64 1:3.5.12-1ubuntu0.22.04.2 [36.7 kB]
#8 17.96 Get:106 http://archive.ubuntu.com/ubuntu jammy-updates/main amd64 libgd3 amd64 2.3.0-2ubuntu2.3 [129 kB]
#8 18.00 Get:107 http://archive.ubuntu.com/ubuntu jammy-updates/main amd64 libc-devtools amd64 2.35-0ubuntu3.11 [29.0 kB]
#8 18.01 Get:108 http://archive.ubuntu.com/ubuntu jammy/main amd64 libfile-fcntllock-perl amd64 0.22-3build7 [33.9 kB]
#8 18.02 Get:109 http://archive.ubuntu.com/ubuntu jammy-updates/main amd64 libldap-common all 2.5.19+dfsg-0ubuntu0.22.04.1 [16.1 kB]
#8 18.02 Get:110 http://archive.ubuntu.com/ubuntu jammy/main amd64 libltdl7 amd64 2.4.6-15build2 [39.6 kB]
#8 18.03 Get:111 http://archive.ubuntu.com/ubuntu jammy/main amd64 libltdl-dev amd64 2.4.6-15build2 [169 kB]
#8 18.07 Get:112 http://archive.ubuntu.com/ubuntu jammy/main amd64 liblzo2-2 amd64 2.10-2build3 [53.7 kB]
#8 18.08 Get:113 http://archive.ubuntu.com/ubuntu jammy/main amd64 liblzo2-dev amd64 2.10-2build3 [97.0 kB]
#8 18.10 Get:114 http://archive.ubuntu.com/ubuntu jammy-updates/main amd64 libncurses-dev amd64 6.3-2ubuntu0.1 [381 kB]
#8 18.19 Get:115 http://archive.ubuntu.com/ubuntu jammy-updates/main amd64 libncurses5-dev amd64 6.3-2ubuntu0.1 [790 B]
#8 18.19 Get:116 http://archive.ubuntu.com/ubuntu jammy/main amd64 libreadline-dev amd64 8.1.2-1 [166 kB]
#8 18.21 Get:117 http://archive.ubuntu.com/ubuntu jammy-updates/main amd64 libsasl2-modules amd64 2.1.27+dfsg2-3ubuntu1.2 [68.8 kB]
#8 18.22 Get:118 http://archive.ubuntu.com/ubuntu jammy-updates/main amd64 libssl-dev amd64 3.0.2-0ubuntu1.20 [2376 kB]
#8 18.38 Get:119 http://archive.ubuntu.com/ubuntu jammy/main amd64 libtool all 2.4.6-15build2 [164 kB]
#8 18.39 Get:120 http://archive.ubuntu.com/ubuntu jammy/main amd64 manpages-dev all 5.10-1ubuntu1 [2309 kB]
#8 18.46 Get:121 http://archive.ubuntu.com/ubuntu jammy-updates/main amd64 zlib1g-dev amd64 1:1.2.11.dfsg-2ubuntu9.2 [164 kB]
#8 18.66 debconf: delaying package configuration, since apt-utils is not installed
#8 18.70 Fetched 88.9 MB in 7s (13.0 MB/s)
#8 18.76 Selecting previously unselected package liblocale-gettext-perl.
#8 18.76 (Reading database ... (Reading database ... 5%(Reading database ... 10%(Reading database ... 15%(Reading database ... 20%(Reading database ... 25%(Reading database ... 30%(Reading database ... 35%(Reading database ... 40%(Reading database ... 45%(Reading database ... 50%(Reading database ... 55%(Reading database ... 60%(Reading database ... 65%(Reading database ... 70%(Reading database ... 75%(Reading database ... 80%(Reading database ... 85%(Reading database ... 90%(Reading database ... 95%(Reading database ... 100%(Reading database ... 4393 files and directories currently installed.)
#8 18.77 Preparing to unpack .../000-liblocale-gettext-perl_1.07-4build3_amd64.deb ...
#8 18.78 Unpacking liblocale-gettext-perl (1.07-4build3) ...
#8 18.89 Selecting previously unselected package perl-modules-5.34.
#8 18.89 Preparing to unpack .../001-perl-modules-5.34_5.34.0-3ubuntu1.5_all.deb ...
#8 18.90 Unpacking perl-modules-5.34 (5.34.0-3ubuntu1.5) ...
#8 19.38 Selecting previously unselected package libgdbm6:amd64.
#8 19.38 Preparing to unpack .../002-libgdbm6_1.23-1_amd64.deb ...
#8 19.40 Unpacking libgdbm6:amd64 (1.23-1) ...
#8 19.52 Selecting previously unselected package libgdbm-compat4:amd64.
#8 19.52 Preparing to unpack .../003-libgdbm-compat4_1.23-1_amd64.deb ...
#8 19.53 Unpacking libgdbm-compat4:amd64 (1.23-1) ...
#8 19.66 Selecting previously unselected package libperl5.34:amd64.
#8 19.66 Preparing to unpack .../004-libperl5.34_5.34.0-3ubuntu1.5_amd64.deb ...
#8 19.68 Unpacking libperl5.34:amd64 (5.34.0-3ubuntu1.5) ...
#8 20.00 Selecting previously unselected package perl.
#8 20.01 Preparing to unpack .../005-perl_5.34.0-3ubuntu1.5_amd64.deb ...
#8 20.03 Unpacking perl (5.34.0-3ubuntu1.5) ...
#8 20.19 Selecting previously unselected package libmd0:amd64.
#8 20.19 Preparing to unpack .../006-libmd0_1.0.4-1build1_amd64.deb ...
#8 20.22 Unpacking libmd0:amd64 (1.0.4-1build1) ...
#8 20.34 Selecting previously unselected package libbsd0:amd64.
#8 20.34 Preparing to unpack .../007-libbsd0_0.11.5-1_amd64.deb ...
#8 20.36 Unpacking libbsd0:amd64 (0.11.5-1) ...
#8 20.51 Selecting previously unselected package libexpat1:amd64.
#8 20.51 Preparing to unpack .../008-libexpat1_2.4.7-1ubuntu0.6_amd64.deb ...
#8 20.53 Unpacking libexpat1:amd64 (2.4.7-1ubuntu0.6) ...
#8 20.67 Selecting previously unselected package readline-common.
#8 20.67 Preparing to unpack .../009-readline-common_8.1.2-1_all.deb ...
#8 20.68 Unpacking readline-common (8.1.2-1) ...
#8 20.79 Selecting previously unselected package libreadline8:amd64.
#8 20.79 Preparing to unpack .../010-libreadline8_8.1.2-1_amd64.deb ...
#8 20.80 Unpacking libreadline8:amd64 (8.1.2-1) ...
#8 20.89 Selecting previously unselected package libsqlite3-0:amd64.
#8 20.89 Preparing to unpack .../011-libsqlite3-0_3.37.2-2ubuntu0.5_amd64.deb ...
#8 20.91 Unpacking libsqlite3-0:amd64 (3.37.2-2ubuntu0.5) ...
#8 21.01 Selecting previously unselected package netbase.
#8 21.01 Preparing to unpack .../012-netbase_6.3_all.deb ...
#8 21.02 Unpacking netbase (6.3) ...
#8 21.13 Selecting previously unselected package ucf.
#8 21.13 Preparing to unpack .../013-ucf_3.0043_all.deb ...
#8 21.14 Moving old data out of the way
#8 21.15 Unpacking ucf (3.0043) ...
#8 21.23 Selecting previously unselected package libmagic-mgc.
#8 21.23 Preparing to unpack .../014-libmagic-mgc_1%3a5.41-3ubuntu0.1_amd64.deb ...
#8 21.24 Unpacking libmagic-mgc (1:5.41-3ubuntu0.1) ...
#8 21.37 Selecting previously unselected package libmagic1:amd64.
#8 21.37 Preparing to unpack .../015-libmagic1_1%3a5.41-3ubuntu0.1_amd64.deb ...
#8 21.38 Unpacking libmagic1:amd64 (1:5.41-3ubuntu0.1) ...
#8 21.50 Selecting previously unselected package file.
#8 21.50 Preparing to unpack .../016-file_1%3a5.41-3ubuntu0.1_amd64.deb ...
#8 21.52 Unpacking file (1:5.41-3ubuntu0.1) ...
#8 21.66 Selecting previously unselected package libpng16-16:amd64.
#8 21.66 Preparing to unpack .../017-libpng16-16_1.6.37-3build5_amd64.deb ...
#8 21.68 Unpacking libpng16-16:amd64 (1.6.37-3build5) ...
#8 21.82 Selecting previously unselected package libxau6:amd64.
#8 21.82 Preparing to unpack .../018-libxau6_1%3a1.0.9-1build5_amd64.deb ...
#8 21.84 Unpacking libxau6:amd64 (1:1.0.9-1build5) ...
#8 21.97 Selecting previously unselected package libxdmcp6:amd64.
#8 21.97 Preparing to unpack .../019-libxdmcp6_1%3a1.1.3-0ubuntu5_amd64.deb ...
#8 21.99 Unpacking libxdmcp6:amd64 (1:1.1.3-0ubuntu5) ...
#8 22.08 Selecting previously unselected package libxcb1:amd64.
#8 22.09 Preparing to unpack .../020-libxcb1_1.14-3ubuntu3_amd64.deb ...
#8 22.09 Unpacking libxcb1:amd64 (1.14-3ubuntu3) ...
#8 22.19 Selecting previously unselected package libx11-data.
#8 22.19 Preparing to unpack .../021-libx11-data_2%3a1.7.5-1ubuntu0.3_all.deb ...
#8 22.21 Unpacking libx11-data (2:1.7.5-1ubuntu0.3) ...
#8 22.40 Selecting previously unselected package libx11-6:amd64.
#8 22.40 Preparing to unpack .../022-libx11-6_2%3a1.7.5-1ubuntu0.3_amd64.deb ...
#8 22.41 Unpacking libx11-6:amd64 (2:1.7.5-1ubuntu0.3) ...
#8 22.51 Selecting previously unselected package manpages.
#8 22.51 Preparing to unpack .../023-manpages_5.10-1ubuntu1_all.deb ...
#8 22.53 Unpacking manpages (5.10-1ubuntu1) ...
#8 22.76 Selecting previously unselected package xz-utils.
#8 22.76 Preparing to unpack .../024-xz-utils_5.2.5-2ubuntu1_amd64.deb ...
#8 22.79 Unpacking xz-utils (5.2.5-2ubuntu1) ...
#8 22.92 Selecting previously unselected package libsigsegv2:amd64.
#8 22.92 Preparing to unpack .../025-libsigsegv2_2.13-1ubuntu3_amd64.deb ...
#8 22.93 Unpacking libsigsegv2:amd64 (2.13-1ubuntu3) ...
#8 23.01 Selecting previously unselected package m4.
#8 23.01 Preparing to unpack .../026-m4_1.4.18-5ubuntu2_amd64.deb ...
#8 23.02 Unpacking m4 (1.4.18-5ubuntu2) ...
#8 23.14 Selecting previously unselected package autoconf.
#8 23.15 Preparing to unpack .../027-autoconf_2.71-2_all.deb ...
#8 23.17 Unpacking autoconf (2.71-2) ...
#8 23.30 Selecting previously unselected package autotools-dev.
#8 23.30 Preparing to unpack .../028-autotools-dev_20220109.1_all.deb ...
#8 23.32 Unpacking autotools-dev (20220109.1) ...
#8 23.44 Selecting previously unselected package automake.
#8 23.44 Preparing to unpack .../029-automake_1%3a1.16.5-1.3_all.deb ...
#8 23.46 Unpacking automake (1:1.16.5-1.3) ...
#8 23.56 Selecting previously unselected package binutils-common:amd64.
#8 23.56 Preparing to unpack .../030-binutils-common_2.38-4ubuntu2.10_amd64.deb ...
#8 23.58 Unpacking binutils-common:amd64 (2.38-4ubuntu2.10) ...
#8 23.71 Selecting previously unselected package libbinutils:amd64.
#8 23.71 Preparing to unpack .../031-libbinutils_2.38-4ubuntu2.10_amd64.deb ...
#8 23.73 Unpacking libbinutils:amd64 (2.38-4ubuntu2.10) ...
#8 23.87 Selecting previously unselected package libctf-nobfd0:amd64.
#8 23.87 Preparing to unpack .../032-libctf-nobfd0_2.38-4ubuntu2.10_amd64.deb ...
#8 23.89 Unpacking libctf-nobfd0:amd64 (2.38-4ubuntu2.10) ...
#8 24.02 Selecting previously unselected package libctf0:amd64.
#8 24.02 Preparing to unpack .../033-libctf0_2.38-4ubuntu2.10_amd64.deb ...
#8 24.04 Unpacking libctf0:amd64 (2.38-4ubuntu2.10) ...
#8 24.13 Selecting previously unselected package binutils-x86-64-linux-gnu.
#8 24.13 Preparing to unpack .../034-binutils-x86-64-linux-gnu_2.38-4ubuntu2.10_amd64.deb ...
#8 24.15 Unpacking binutils-x86-64-linux-gnu (2.38-4ubuntu2.10) ...
#8 24.31 Selecting previously unselected package binutils.
#8 24.31 Preparing to unpack .../035-binutils_2.38-4ubuntu2.10_amd64.deb ...
#8 24.33 Unpacking binutils (2.38-4ubuntu2.10) ...
#8 24.45 Selecting previously unselected package libc-dev-bin.
#8 24.45 Preparing to unpack .../036-libc-dev-bin_2.35-0ubuntu3.11_amd64.deb ...
#8 24.47 Unpacking libc-dev-bin (2.35-0ubuntu3.11) ...
#8 24.58 Selecting previously unselected package linux-libc-dev:amd64.
#8 24.58 Preparing to unpack .../037-linux-libc-dev_5.15.0-161.171_amd64.deb ...
#8 24.60 Unpacking linux-libc-dev:amd64 (5.15.0-161.171) ...
#8 24.89 Selecting previously unselected package libcrypt-dev:amd64.
#8 24.90 Preparing to unpack .../038-libcrypt-dev_1%3a4.4.27-1_amd64.deb ...
#8 24.91 Unpacking libcrypt-dev:amd64 (1:4.4.27-1) ...
#8 25.03 Selecting previously unselected package rpcsvc-proto.
#8 25.03 Preparing to unpack .../039-rpcsvc-proto_1.4.2-0ubuntu6_amd64.deb ...
#8 25.05 Unpacking rpcsvc-proto (1.4.2-0ubuntu6) ...
#8 25.16 Selecting previously unselected package libtirpc-dev:amd64.
#8 25.16 Preparing to unpack .../040-libtirpc-dev_1.3.2-2ubuntu0.1_amd64.deb ...
#8 25.18 Unpacking libtirpc-dev:amd64 (1.3.2-2ubuntu0.1) ...
#8 25.28 Selecting previously unselected package libnsl-dev:amd64.
#8 25.28 Preparing to unpack .../041-libnsl-dev_1.3.0-2build2_amd64.deb ...
#8 25.29 Unpacking libnsl-dev:amd64 (1.3.0-2build2) ...
#8 25.36 Selecting previously unselected package libc6-dev:amd64.
#8 25.36 Preparing to unpack .../042-libc6-dev_2.35-0ubuntu3.11_amd64.deb ...
#8 25.39 Unpacking libc6-dev:amd64 (2.35-0ubuntu3.11) ...
#8 25.65 Selecting previously unselected package gcc-11-base:amd64.
#8 25.65 Preparing to unpack .../043-gcc-11-base_11.4.0-1ubuntu1~22.04.2_amd64.deb ...
#8 25.67 Unpacking gcc-11-base:amd64 (11.4.0-1ubuntu1~22.04.2) ...
#8 25.78 Selecting previously unselected package libisl23:amd64.
#8 25.78 Preparing to unpack .../044-libisl23_0.24-2build1_amd64.deb ...
#8 25.79 Unpacking libisl23:amd64 (0.24-2build1) ...
#8 25.94 Selecting previously unselected package libmpfr6:amd64.
#8 25.94 Preparing to unpack .../045-libmpfr6_4.1.0-3build3_amd64.deb ...
#8 25.96 Unpacking libmpfr6:amd64 (4.1.0-3build3) ...
#8 26.11 Selecting previously unselected package libmpc3:amd64.
#8 ...

#7 [quiche-builder 2/6] RUN apt-get update && apt-get install -y     build-essential     curl     git     libssl-dev     pkg-config     cmake     libclang-dev     clang     && rm -rf /var/lib/apt/lists/*
#7 26.00 Selecting previously unselected package libxml2:amd64.
#7 26.00 Preparing to unpack .../014-libxml2_2.9.13+dfsg-1ubuntu0.10_amd64.deb ...
#7 26.02 Unpacking libxml2:amd64 (2.9.13+dfsg-1ubuntu0.10) ...
#7 26.18 Selecting previously unselected package libyaml-0-2:amd64.
#7 26.18 Preparing to unpack .../015-libyaml-0-2_0.2.2-1build2_amd64.deb ...
#7 26.20 Unpacking libyaml-0-2:amd64 (0.2.2-1build2) ...
#7 26.32 Selecting previously unselected package netbase.
#7 26.32 Preparing to unpack .../016-netbase_6.3_all.deb ...
#7 26.33 Unpacking netbase (6.3) ...
#7 26.44 Selecting previously unselected package python3-pkg-resources.
#7 26.44 Preparing to unpack .../017-python3-pkg-resources_59.6.0-1.2ubuntu0.22.04.3_all.deb ...
#7 26.46 Unpacking python3-pkg-resources (59.6.0-1.2ubuntu0.22.04.3) ...
#7 26.61 Selecting previously unselected package python3-yaml.
#7 26.61 Preparing to unpack .../018-python3-yaml_5.4.1-1ubuntu1_amd64.deb ...
#7 26.63 Unpacking python3-yaml (5.4.1-1ubuntu1) ...
#7 26.78 Selecting previously unselected package shared-mime-info.
#7 26.78 Preparing to unpack .../019-shared-mime-info_2.1-2_amd64.deb ...
#7 26.80 Unpacking shared-mime-info (2.1-2) ...
#7 27.00 Selecting previously unselected package ucf.
#7 27.01 Preparing to unpack .../020-ucf_3.0043_all.deb ...
#7 27.03 Moving old data out of the way
#7 27.03 Unpacking ucf (3.0043) ...
#7 27.20 Selecting previously unselected package xdg-user-dirs.
#7 27.20 Preparing to unpack .../021-xdg-user-dirs_0.17-2ubuntu4_amd64.deb ...
#7 27.23 Unpacking xdg-user-dirs (0.17-2ubuntu4) ...
#7 27.48 Selecting previously unselected package libcbor0.8:amd64.
#7 27.48 Preparing to unpack .../022-libcbor0.8_0.8.0-2ubuntu1_amd64.deb ...
#7 27.50 Unpacking libcbor0.8:amd64 (0.8.0-2ubuntu1) ...
#7 27.63 Selecting previously unselected package libedit2:amd64.
#7 27.63 Preparing to unpack .../023-libedit2_3.1-20210910-1build1_amd64.deb ...
#7 27.65 Unpacking libedit2:amd64 (3.1-20210910-1build1) ...
#7 27.79 Selecting previously unselected package libfido2-1:amd64.
#7 27.79 Preparing to unpack .../024-libfido2-1_1.10.0-1_amd64.deb ...
#7 27.81 Unpacking libfido2-1:amd64 (1.10.0-1) ...
#7 27.95 Selecting previously unselected package libnghttp2-14:amd64.
#7 27.96 Preparing to unpack .../025-libnghttp2-14_1.43.0-1ubuntu0.2_amd64.deb ...
#7 27.98 Unpacking libnghttp2-14:amd64 (1.43.0-1ubuntu0.2) ...
#7 28.13 Selecting previously unselected package libpipeline1:amd64.
#7 28.13 Preparing to unpack .../026-libpipeline1_1.5.5-1_amd64.deb ...
#7 28.15 Unpacking libpipeline1:amd64 (1.5.5-1) ...
#7 28.27 Selecting previously unselected package libpng16-16:amd64.
#7 28.27 Preparing to unpack .../027-libpng16-16_1.6.37-3build5_amd64.deb ...
#7 28.29 Unpacking libpng16-16:amd64 (1.6.37-3build5) ...
#7 28.41 Selecting previously unselected package libpsl5:amd64.
#7 28.41 Preparing to unpack .../028-libpsl5_0.21.0-1.2build2_amd64.deb ...
#7 28.43 Unpacking libpsl5:amd64 (0.21.0-1.2build2) ...
#7 28.54 Selecting previously unselected package libuv1:amd64.
#7 28.55 Preparing to unpack .../029-libuv1_1.43.0-1ubuntu0.1_amd64.deb ...
#7 28.56 Unpacking libuv1:amd64 (1.43.0-1ubuntu0.1) ...
#7 28.64 Selecting previously unselected package libxau6:amd64.
#7 28.65 Preparing to unpack .../030-libxau6_1%3a1.0.9-1build5_amd64.deb ...
#7 28.66 Unpacking libxau6:amd64 (1:1.0.9-1build5) ...
#7 28.74 Selecting previously unselected package libxdmcp6:amd64.
#7 28.74 Preparing to unpack .../031-libxdmcp6_1%3a1.1.3-0ubuntu5_amd64.deb ...
#7 28.76 Unpacking libxdmcp6:amd64 (1:1.1.3-0ubuntu5) ...
#7 28.89 Selecting previously unselected package libxcb1:amd64.
#7 28.89 Preparing to unpack .../032-libxcb1_1.14-3ubuntu3_amd64.deb ...
#7 28.90 Unpacking libxcb1:amd64 (1.14-3ubuntu3) ...
#7 28.95 Selecting previously unselected package libx11-data.
#7 28.95 Preparing to unpack .../033-libx11-data_2%3a1.7.5-1ubuntu0.3_all.deb ...
#7 28.96 Unpacking libx11-data (2:1.7.5-1ubuntu0.3) ...
#7 29.09 Selecting previously unselected package libx11-6:amd64.
#7 29.10 Preparing to unpack .../034-libx11-6_2%3a1.7.5-1ubuntu0.3_amd64.deb ...
#7 29.11 Unpacking libx11-6:amd64 (2:1.7.5-1ubuntu0.3) ...
#7 29.25 Selecting previously unselected package libxext6:amd64.
#7 29.25 Preparing to unpack .../035-libxext6_2%3a1.3.4-1build1_amd64.deb ...
#7 29.27 Unpacking libxext6:amd64 (2:1.3.4-1build1) ...
#7 29.36 Selecting previously unselected package libxmuu1:amd64.
#7 29.36 Preparing to unpack .../036-libxmuu1_2%3a1.1.3-3_amd64.deb ...
#7 29.37 Unpacking libxmuu1:amd64 (2:1.1.3-3) ...
#7 29.46 Selecting previously unselected package manpages.
#7 29.46 Preparing to unpack .../037-manpages_5.10-1ubuntu1_all.deb ...
#7 29.48 Unpacking manpages (5.10-1ubuntu1) ...
#7 29.73 Selecting previously unselected package openssh-client.
#7 29.73 Preparing to unpack .../038-openssh-client_1%3a8.9p1-3ubuntu0.13_amd64.deb ...
#7 29.76 Unpacking openssh-client (1:8.9p1-3ubuntu0.13) ...
#7 29.92 Selecting previously unselected package publicsuffix.
#7 29.92 Preparing to unpack .../039-publicsuffix_20211207.1025-1_all.deb ...
#7 29.94 Unpacking publicsuffix (20211207.1025-1) ...
#7 30.06 Selecting previously unselected package xauth.
#7 30.06 Preparing to unpack .../040-xauth_1%3a1.1-1build2_amd64.deb ...
#7 30.09 Unpacking xauth (1:1.1-1build2) ...
#7 30.23 Selecting previously unselected package xz-utils.
#7 30.23 Preparing to unpack .../041-xz-utils_5.2.5-2ubuntu1_amd64.deb ...
#7 30.25 Unpacking xz-utils (5.2.5-2ubuntu1) ...
#7 30.40 Selecting previously unselected package binfmt-support.
#7 30.40 Preparing to unpack .../042-binfmt-support_2.2.1-2_amd64.deb ...
#7 30.42 Unpacking binfmt-support (2.2.1-2) ...
#7 30.55 Selecting previously unselected package binutils-common:amd64.
#7 30.55 Preparing to unpack .../043-binutils-common_2.38-4ubuntu2.10_amd64.deb ...
#7 30.58 Unpacking binutils-common:amd64 (2.38-4ubuntu2.10) ...
#7 30.71 Selecting previously unselected package libbinutils:amd64.
#7 30.72 Preparing to unpack .../044-libbinutils_2.38-4ubuntu2.10_amd64.deb ...
#7 30.74 Unpacking libbinutils:amd64 (2.38-4ubuntu2.10) ...
#7 30.89 Selecting previously unselected package libctf-nobfd0:amd64.
#7 30.89 Preparing to unpack .../045-libctf-nobfd0_2.38-4ubuntu2.10_amd64.deb ...
#7 30.90 Unpacking libctf-nobfd0:amd64 (2.38-4ubuntu2.10) ...
#7 31.04 Selecting previously unselected package libctf0:amd64.
#7 31.04 Preparing to unpack .../046-libctf0_2.38-4ubuntu2.10_amd64.deb ...
#7 31.06 Unpacking libctf0:amd64 (2.38-4ubuntu2.10) ...
#7 31.17 Selecting previously unselected package binutils-x86-64-linux-gnu.
#7 31.17 Preparing to unpack .../047-binutils-x86-64-linux-gnu_2.38-4ubuntu2.10_amd64.deb ...
#7 31.19 Unpacking binutils-x86-64-linux-gnu (2.38-4ubuntu2.10) ...
#7 31.37 Selecting previously unselected package binutils.
#7 31.37 Preparing to unpack .../048-binutils_2.38-4ubuntu2.10_amd64.deb ...
#7 31.40 Unpacking binutils (2.38-4ubuntu2.10) ...
#7 31.52 Selecting previously unselected package libc-dev-bin.
#7 31.52 Preparing to unpack .../049-libc-dev-bin_2.35-0ubuntu3.11_amd64.deb ...
#7 31.54 Unpacking libc-dev-bin (2.35-0ubuntu3.11) ...
#7 31.67 Selecting previously unselected package linux-libc-dev:amd64.
#7 31.67 Preparing to unpack .../050-linux-libc-dev_5.15.0-161.171_amd64.deb ...
#7 31.69 Unpacking linux-libc-dev:amd64 (5.15.0-161.171) ...
#7 31.98 Selecting previously unselected package libcrypt-dev:amd64.
#7 31.98 Preparing to unpack .../051-libcrypt-dev_1%3a4.4.27-1_amd64.deb ...
#7 32.00 Unpacking libcrypt-dev:amd64 (1:4.4.27-1) ...
#7 32.12 Selecting previously unselected package rpcsvc-proto.
#7 32.12 Preparing to unpack .../052-rpcsvc-proto_1.4.2-0ubuntu6_amd64.deb ...
#7 32.13 Unpacking rpcsvc-proto (1.4.2-0ubuntu6) ...
#7 32.23 Selecting previously unselected package libtirpc-dev:amd64.
#7 32.23 Preparing to unpack .../053-libtirpc-dev_1.3.2-2ubuntu0.1_amd64.deb ...
#7 32.24 Unpacking libtirpc-dev:amd64 (1.3.2-2ubuntu0.1) ...
#7 32.30 Selecting previously unselected package libnsl-dev:amd64.
#7 32.30 Preparing to unpack .../054-libnsl-dev_1.3.0-2build2_amd64.deb ...
#7 32.31 Unpacking libnsl-dev:amd64 (1.3.0-2build2) ...
#7 32.41 Selecting previously unselected package libc6-dev:amd64.
#7 32.41 Preparing to unpack .../055-libc6-dev_2.35-0ubuntu3.11_amd64.deb ...
#7 32.43 Unpacking libc6-dev:amd64 (2.35-0ubuntu3.11) ...
#7 32.68 Selecting previously unselected package gcc-11-base:amd64.
#7 32.68 Preparing to unpack .../056-gcc-11-base_11.4.0-1ubuntu1~22.04.2_amd64.deb ...
#7 32.70 Unpacking gcc-11-base:amd64 (11.4.0-1ubuntu1~22.04.2) ...
#7 32.85 Selecting previously unselected package libisl23:amd64.
#7 32.85 Preparing to unpack .../057-libisl23_0.24-2build1_amd64.deb ...
#7 32.87 Unpacking libisl23:amd64 (0.24-2build1) ...
#7 33.06 Selecting previously unselected package libmpfr6:amd64.
#7 33.06 Preparing to unpack .../058-libmpfr6_4.1.0-3build3_amd64.deb ...
#7 33.08 Unpacking libmpfr6:amd64 (4.1.0-3build3) ...
#7 33.25 Selecting previously unselected package libmpc3:amd64.
#7 33.25 Preparing to unpack .../059-libmpc3_1.2.1-2build1_amd64.deb ...
#7 33.26 Unpacking libmpc3:amd64 (1.2.1-2build1) ...
#7 33.37 Selecting previously unselected package cpp-11.
#7 33.38 Preparing to unpack .../060-cpp-11_11.4.0-1ubuntu1~22.04.2_amd64.deb ...
#7 33.39 Unpacking cpp-11 (11.4.0-1ubuntu1~22.04.2) ...
#7 33.65 Selecting previously unselected package cpp.
#7 33.65 Preparing to unpack .../061-cpp_4%3a11.2.0-1ubuntu1_amd64.deb ...
#7 33.67 Unpacking cpp (4:11.2.0-1ubuntu1) ...
#7 33.82 Selecting previously unselected package libcc1-0:amd64.
#7 33.82 Preparing to unpack .../062-libcc1-0_12.3.0-1ubuntu1~22.04.2_amd64.deb ...
#7 33.84 Unpacking libcc1-0:amd64 (12.3.0-1ubuntu1~22.04.2) ...
#7 33.98 Selecting previously unselected package libgomp1:amd64.
#7 33.98 Preparing to unpack .../063-libgomp1_12.3.0-1ubuntu1~22.04.2_amd64.deb ...
#7 34.01 Unpacking libgomp1:amd64 (12.3.0-1ubuntu1~22.04.2) ...
#7 34.15 Selecting previously unselected package libitm1:amd64.
#7 34.15 Preparing to unpack .../064-libitm1_12.3.0-1ubuntu1~22.04.2_amd64.deb ...
#7 34.17 Unpacking libitm1:amd64 (12.3.0-1ubuntu1~22.04.2) ...
#7 34.31 Selecting previously unselected package libatomic1:amd64.
#7 34.31 Preparing to unpack .../065-libatomic1_12.3.0-1ubuntu1~22.04.2_amd64.deb ...
#7 34.33 Unpacking libatomic1:amd64 (12.3.0-1ubuntu1~22.04.2) ...
#7 34.47 Selecting previously unselected package libasan6:amd64.
#7 34.47 Preparing to unpack .../066-libasan6_11.4.0-1ubuntu1~22.04.2_amd64.deb ...
#7 34.49 Unpacking libasan6:amd64 (11.4.0-1ubuntu1~22.04.2) ...
#7 34.66 Selecting previously unselected package liblsan0:amd64.
#7 34.67 Preparing to unpack .../067-liblsan0_12.3.0-1ubuntu1~22.04.2_amd64.deb ...
#7 34.68 Unpacking liblsan0:amd64 (12.3.0-1ubuntu1~22.04.2) ...
#7 34.84 Selecting previously unselected package libtsan0:amd64.
#7 34.84 Preparing to unpack .../068-libtsan0_11.4.0-1ubuntu1~22.04.2_amd64.deb ...
#7 34.86 Unpacking libtsan0:amd64 (11.4.0-1ubuntu1~22.04.2) ...
#7 35.05 Selecting previously unselected package libubsan1:amd64.
#7 35.05 Preparing to unpack .../069-libubsan1_12.3.0-1ubuntu1~22.04.2_amd64.deb ...
#7 35.07 Unpacking libubsan1:amd64 (12.3.0-1ubuntu1~22.04.2) ...
#7 35.22 Selecting previously unselected package libquadmath0:amd64.
#7 35.22 Preparing to unpack .../070-libquadmath0_12.3.0-1ubuntu1~22.04.2_amd64.deb ...
#7 35.24 Unpacking libquadmath0:amd64 (12.3.0-1ubuntu1~22.04.2) ...
#7 35.35 Selecting previously unselected package libgcc-11-dev:amd64.
#7 35.35 Preparing to unpack .../071-libgcc-11-dev_11.4.0-1ubuntu1~22.04.2_amd64.deb ...
#7 35.37 Unpacking libgcc-11-dev:amd64 (11.4.0-1ubuntu1~22.04.2) ...
#7 35.55 Selecting previously unselected package gcc-11.
#7 35.56 Preparing to unpack .../072-gcc-11_11.4.0-1ubuntu1~22.04.2_amd64.deb ...
#7 35.57 Unpacking gcc-11 (11.4.0-1ubuntu1~22.04.2) ...
#7 ...

#8 [tinc-builder 2/9] RUN apt-get update && apt-get install -y     build-essential     autoconf     automake     libtool     libssl-dev     zlib1g-dev     liblzo2-dev     libncurses5-dev     libreadline-dev     && rm -rf /var/lib/apt/lists/*
#8 26.11 Preparing to unpack .../046-libmpc3_1.2.1-2build1_amd64.deb ...
#8 26.12 Unpacking libmpc3:amd64 (1.2.1-2build1) ...
#8 26.23 Selecting previously unselected package cpp-11.
#8 26.23 Preparing to unpack .../047-cpp-11_11.4.0-1ubuntu1~22.04.2_amd64.deb ...
#8 26.25 Unpacking cpp-11 (11.4.0-1ubuntu1~22.04.2) ...
#8 26.53 Selecting previously unselected package cpp.
#8 26.53 Preparing to unpack .../048-cpp_4%3a11.2.0-1ubuntu1_amd64.deb ...
#8 26.55 Unpacking cpp (4:11.2.0-1ubuntu1) ...
#8 26.70 Selecting previously unselected package libcc1-0:amd64.
#8 26.70 Preparing to unpack .../049-libcc1-0_12.3.0-1ubuntu1~22.04.2_amd64.deb ...
#8 26.72 Unpacking libcc1-0:amd64 (12.3.0-1ubuntu1~22.04.2) ...
#8 26.86 Selecting previously unselected package libgomp1:amd64.
#8 26.86 Preparing to unpack .../050-libgomp1_12.3.0-1ubuntu1~22.04.2_amd64.deb ...
#8 26.88 Unpacking libgomp1:amd64 (12.3.0-1ubuntu1~22.04.2) ...
#8 27.03 Selecting previously unselected package libitm1:amd64.
#8 27.03 Preparing to unpack .../051-libitm1_12.3.0-1ubuntu1~22.04.2_amd64.deb ...
#8 27.05 Unpacking libitm1:amd64 (12.3.0-1ubuntu1~22.04.2) ...
#8 27.20 Selecting previously unselected package libatomic1:amd64.
#8 27.20 Preparing to unpack .../052-libatomic1_12.3.0-1ubuntu1~22.04.2_amd64.deb ...
#8 27.22 Unpacking libatomic1:amd64 (12.3.0-1ubuntu1~22.04.2) ...
#8 27.36 Selecting previously unselected package libasan6:amd64.
#8 27.36 Preparing to unpack .../053-libasan6_11.4.0-1ubuntu1~22.04.2_amd64.deb ...
#8 27.38 Unpacking libasan6:amd64 (11.4.0-1ubuntu1~22.04.2) ...
#8 27.57 Selecting previously unselected package liblsan0:amd64.
#8 27.57 Preparing to unpack .../054-liblsan0_12.3.0-1ubuntu1~22.04.2_amd64.deb ...
#8 27.59 Unpacking liblsan0:amd64 (12.3.0-1ubuntu1~22.04.2) ...
#8 27.74 Selecting previously unselected package libtsan0:amd64.
#8 27.75 Preparing to unpack .../055-libtsan0_11.4.0-1ubuntu1~22.04.2_amd64.deb ...
#8 27.77 Unpacking libtsan0:amd64 (11.4.0-1ubuntu1~22.04.2) ...
#8 27.95 Selecting previously unselected package libubsan1:amd64.
#8 27.95 Preparing to unpack .../056-libubsan1_12.3.0-1ubuntu1~22.04.2_amd64.deb ...
#8 27.97 Unpacking libubsan1:amd64 (12.3.0-1ubuntu1~22.04.2) ...
#8 28.13 Selecting previously unselected package libquadmath0:amd64.
#8 28.13 Preparing to unpack .../057-libquadmath0_12.3.0-1ubuntu1~22.04.2_amd64.deb ...
#8 28.15 Unpacking libquadmath0:amd64 (12.3.0-1ubuntu1~22.04.2) ...
#8 28.27 Selecting previously unselected package libgcc-11-dev:amd64.
#8 28.27 Preparing to unpack .../058-libgcc-11-dev_11.4.0-1ubuntu1~22.04.2_amd64.deb ...
#8 28.29 Unpacking libgcc-11-dev:amd64 (11.4.0-1ubuntu1~22.04.2) ...
#8 28.47 Selecting previously unselected package gcc-11.
#8 28.48 Preparing to unpack .../059-gcc-11_11.4.0-1ubuntu1~22.04.2_amd64.deb ...
#8 28.50 Unpacking gcc-11 (11.4.0-1ubuntu1~22.04.2) ...
#8 28.88 Selecting previously unselected package gcc.
#8 28.88 Preparing to unpack .../060-gcc_4%3a11.2.0-1ubuntu1_amd64.deb ...
#8 28.89 Unpacking gcc (4:11.2.0-1ubuntu1) ...
#8 28.95 Selecting previously unselected package libstdc++-11-dev:amd64.
#8 28.95 Preparing to unpack .../061-libstdc++-11-dev_11.4.0-1ubuntu1~22.04.2_amd64.deb ...
#8 28.96 Unpacking libstdc++-11-dev:amd64 (11.4.0-1ubuntu1~22.04.2) ...
#8 29.25 Selecting previously unselected package g++-11.
#8 29.26 Preparing to unpack .../062-g++-11_11.4.0-1ubuntu1~22.04.2_amd64.deb ...
#8 29.28 Unpacking g++-11 (11.4.0-1ubuntu1~22.04.2) ...
#8 29.51 Selecting previously unselected package g++.
#8 29.51 Preparing to unpack .../063-g++_4%3a11.2.0-1ubuntu1_amd64.deb ...
#8 29.52 Unpacking g++ (4:11.2.0-1ubuntu1) ...
#8 29.61 Selecting previously unselected package make.
#8 29.62 Preparing to unpack .../064-make_4.3-4.1build1_amd64.deb ...
#8 29.64 Unpacking make (4.3-4.1build1) ...
#8 29.75 Selecting previously unselected package libdpkg-perl.
#8 29.76 Preparing to unpack .../065-libdpkg-perl_1.21.1ubuntu2.6_all.deb ...
#8 29.77 Unpacking libdpkg-perl (1.21.1ubuntu2.6) ...
#8 29.91 Selecting previously unselected package bzip2.
#8 29.92 Preparing to unpack .../066-bzip2_1.0.8-5build1_amd64.deb ...
#8 29.94 Unpacking bzip2 (1.0.8-5build1) ...
#8 30.06 Selecting previously unselected package patch.
#8 30.06 Preparing to unpack .../067-patch_2.7.6-7build2_amd64.deb ...
#8 30.08 Unpacking patch (2.7.6-7build2) ...
#8 30.20 Selecting previously unselected package lto-disabled-list.
#8 30.20 Preparing to unpack .../068-lto-disabled-list_24_all.deb ...
#8 30.22 Unpacking lto-disabled-list (24) ...
#8 30.34 Selecting previously unselected package dpkg-dev.
#8 30.34 Preparing to unpack .../069-dpkg-dev_1.21.1ubuntu2.6_all.deb ...
#8 30.36 Unpacking dpkg-dev (1.21.1ubuntu2.6) ...
#8 30.51 Selecting previously unselected package build-essential.
#8 30.51 Preparing to unpack .../070-build-essential_12.9ubuntu3_amd64.deb ...
#8 30.53 Unpacking build-essential (12.9ubuntu3) ...
#8 30.67 Selecting previously unselected package libassuan0:amd64.
#8 30.67 Preparing to unpack .../071-libassuan0_2.5.5-1build1_amd64.deb ...
#8 30.69 Unpacking libassuan0:amd64 (2.5.5-1build1) ...
#8 30.79 Selecting previously unselected package gpgconf.
#8 30.80 Preparing to unpack .../072-gpgconf_2.2.27-3ubuntu2.4_amd64.deb ...
#8 30.82 Unpacking gpgconf (2.2.27-3ubuntu2.4) ...
#8 30.96 Selecting previously unselected package libksba8:amd64.
#8 30.96 Preparing to unpack .../073-libksba8_1.6.0-2ubuntu0.2_amd64.deb ...
#8 30.98 Unpacking libksba8:amd64 (1.6.0-2ubuntu0.2) ...
#8 31.10 Selecting previously unselected package libsasl2-modules-db:amd64.
#8 31.11 Preparing to unpack .../074-libsasl2-modules-db_2.1.27+dfsg2-3ubuntu1.2_amd64.deb ...
#8 31.13 Unpacking libsasl2-modules-db:amd64 (2.1.27+dfsg2-3ubuntu1.2) ...
#8 31.23 Selecting previously unselected package libsasl2-2:amd64.
#8 31.24 Preparing to unpack .../075-libsasl2-2_2.1.27+dfsg2-3ubuntu1.2_amd64.deb ...
#8 31.25 Unpacking libsasl2-2:amd64 (2.1.27+dfsg2-3ubuntu1.2) ...
#8 31.38 Selecting previously unselected package libldap-2.5-0:amd64.
#8 31.38 Preparing to unpack .../076-libldap-2.5-0_2.5.19+dfsg-0ubuntu0.22.04.1_amd64.deb ...
#8 31.40 Unpacking libldap-2.5-0:amd64 (2.5.19+dfsg-0ubuntu0.22.04.1) ...
#8 31.56 Selecting previously unselected package libnpth0:amd64.
#8 31.56 Preparing to unpack .../077-libnpth0_1.6-3build2_amd64.deb ...
#8 31.58 Unpacking libnpth0:amd64 (1.6-3build2) ...
#8 31.72 Selecting previously unselected package dirmngr.
#8 31.73 Preparing to unpack .../078-dirmngr_2.2.27-3ubuntu2.4_amd64.deb ...
#8 31.75 Unpacking dirmngr (2.2.27-3ubuntu2.4) ...
#8 31.86 Selecting previously unselected package libfakeroot:amd64.
#8 31.86 Preparing to unpack .../079-libfakeroot_1.28-1ubuntu1_amd64.deb ...
#8 31.88 Unpacking libfakeroot:amd64 (1.28-1ubuntu1) ...
#8 32.03 Selecting previously unselected package fakeroot.
#8 32.03 Preparing to unpack .../080-fakeroot_1.28-1ubuntu1_amd64.deb ...
#8 32.05 Unpacking fakeroot (1.28-1ubuntu1) ...
#8 32.16 Selecting previously unselected package fonts-dejavu-core.
#8 32.16 Preparing to unpack .../081-fonts-dejavu-core_2.37-2build1_all.deb ...
#8 32.18 Unpacking fonts-dejavu-core (2.37-2build1) ...
#8 32.38 Selecting previously unselected package fontconfig-config.
#8 32.38 Preparing to unpack .../082-fontconfig-config_2.13.1-4.2ubuntu5_all.deb ...
#8 32.40 Unpacking fontconfig-config (2.13.1-4.2ubuntu5) ...
#8 32.49 Selecting previously unselected package gnupg-l10n.
#8 32.50 Preparing to unpack .../083-gnupg-l10n_2.2.27-3ubuntu2.4_all.deb ...
#8 32.55 Unpacking gnupg-l10n (2.2.27-3ubuntu2.4) ...
#8 32.67 Selecting previously unselected package gnupg-utils.
#8 32.67 Preparing to unpack .../084-gnupg-utils_2.2.27-3ubuntu2.4_amd64.deb ...
#8 32.69 Unpacking gnupg-utils (2.2.27-3ubuntu2.4) ...
#8 32.82 Selecting previously unselected package gpg.
#8 32.82 Preparing to unpack .../085-gpg_2.2.27-3ubuntu2.4_amd64.deb ...
#8 32.84 Unpacking gpg (2.2.27-3ubuntu2.4) ...
#8 32.98 Selecting previously unselected package pinentry-curses.
#8 32.98 Preparing to unpack .../086-pinentry-curses_1.1.1-1build2_amd64.deb ...
#8 33.00 Unpacking pinentry-curses (1.1.1-1build2) ...
#8 33.14 Selecting previously unselected package gpg-agent.
#8 33.15 Preparing to unpack .../087-gpg-agent_2.2.27-3ubuntu2.4_amd64.deb ...
#8 33.17 Unpacking gpg-agent (2.2.27-3ubuntu2.4) ...
#8 33.29 Selecting previously unselected package gpg-wks-client.
#8 33.29 Preparing to unpack .../088-gpg-wks-client_2.2.27-3ubuntu2.4_amd64.deb ...
#8 33.31 Unpacking gpg-wks-client (2.2.27-3ubuntu2.4) ...
#8 33.41 Selecting previously unselected package gpg-wks-server.
#8 33.41 Preparing to unpack .../089-gpg-wks-server_2.2.27-3ubuntu2.4_amd64.deb ...
#8 33.42 Unpacking gpg-wks-server (2.2.27-3ubuntu2.4) ...
#8 33.50 Selecting previously unselected package gpgsm.
#8 33.50 Preparing to unpack .../090-gpgsm_2.2.27-3ubuntu2.4_amd64.deb ...
#8 33.51 Unpacking gpgsm (2.2.27-3ubuntu2.4) ...
#8 33.63 Selecting previously unselected package gnupg.
#8 33.63 Preparing to unpack .../091-gnupg_2.2.27-3ubuntu2.4_all.deb ...
#8 33.65 Unpacking gnupg (2.2.27-3ubuntu2.4) ...
#8 33.77 Selecting previously unselected package libalgorithm-diff-perl.
#8 33.77 Preparing to unpack .../092-libalgorithm-diff-perl_1.201-1_all.deb ...
#8 33.79 Unpacking libalgorithm-diff-perl (1.201-1) ...
#8 33.91 Selecting previously unselected package libalgorithm-diff-xs-perl.
#8 33.91 Preparing to unpack .../093-libalgorithm-diff-xs-perl_0.04-6build3_amd64.deb ...
#8 33.93 Unpacking libalgorithm-diff-xs-perl (0.04-6build3) ...
#8 34.03 Selecting previously unselected package libalgorithm-merge-perl.
#8 34.03 Preparing to unpack .../094-libalgorithm-merge-perl_0.08-3_all.deb ...
#8 34.06 Unpacking libalgorithm-merge-perl (0.08-3) ...
#8 34.20 Selecting previously unselected package libbrotli1:amd64.
#8 34.20 Preparing to unpack .../095-libbrotli1_1.0.9-2build6_amd64.deb ...
#8 34.22 Unpacking libbrotli1:amd64 (1.0.9-2build6) ...
#8 34.37 Selecting previously unselected package libfreetype6:amd64.
#8 34.37 Preparing to unpack .../096-libfreetype6_2.11.1+dfsg-1ubuntu0.3_amd64.deb ...
#8 34.39 Unpacking libfreetype6:amd64 (2.11.1+dfsg-1ubuntu0.3) ...
#8 34.52 Selecting previously unselected package libfontconfig1:amd64.
#8 34.52 Preparing to unpack .../097-libfontconfig1_2.13.1-4.2ubuntu5_amd64.deb ...
#8 34.53 Unpacking libfontconfig1:amd64 (2.13.1-4.2ubuntu5) ...
#8 34.68 Selecting previously unselected package libjpeg-turbo8:amd64.
#8 34.68 Preparing to unpack .../098-libjpeg-turbo8_2.1.2-0ubuntu1_amd64.deb ...
#8 34.69 Unpacking libjpeg-turbo8:amd64 (2.1.2-0ubuntu1) ...
#8 34.81 Selecting previously unselected package libjpeg8:amd64.
#8 34.81 Preparing to unpack .../099-libjpeg8_8c-2ubuntu10_amd64.deb ...
#8 34.83 Unpacking libjpeg8:amd64 (8c-2ubuntu10) ...
#8 34.95 Selecting previously unselected package libdeflate0:amd64.
#8 34.95 Preparing to unpack .../100-libdeflate0_1.10-2_amd64.deb ...
#8 34.97 Unpacking libdeflate0:amd64 (1.10-2) ...
#8 35.10 Selecting previously unselected package libjbig0:amd64.
#8 35.10 Preparing to unpack .../101-libjbig0_2.1-3.1ubuntu0.22.04.1_amd64.deb ...
#8 35.12 Unpacking libjbig0:amd64 (2.1-3.1ubuntu0.22.04.1) ...
#8 35.24 Selecting previously unselected package libwebp7:amd64.
#8 35.24 Preparing to unpack .../102-libwebp7_1.2.2-2ubuntu0.22.04.2_amd64.deb ...
#8 35.26 Unpacking libwebp7:amd64 (1.2.2-2ubuntu0.22.04.2) ...
#8 35.39 Selecting previously unselected package libtiff5:amd64.
#8 35.40 Preparing to unpack .../103-libtiff5_4.3.0-6ubuntu0.12_amd64.deb ...
#8 35.41 Unpacking libtiff5:amd64 (4.3.0-6ubuntu0.12) ...
#8 35.53 Selecting previously unselected package libxpm4:amd64.
#8 35.53 Preparing to unpack .../104-libxpm4_1%3a3.5.12-1ubuntu0.22.04.2_amd64.deb ...
#8 35.55 Unpacking libxpm4:amd64 (1:3.5.12-1ubuntu0.22.04.2) ...
#8 35.64 Selecting previously unselected package libgd3:amd64.
#8 35.65 Preparing to unpack .../105-libgd3_2.3.0-2ubuntu2.3_amd64.deb ...
#8 35.65 Unpacking libgd3:amd64 (2.3.0-2ubuntu2.3) ...
#8 35.70 Selecting previously unselected package libc-devtools.
#8 35.71 Preparing to unpack .../106-libc-devtools_2.35-0ubuntu3.11_amd64.deb ...
#8 35.71 Unpacking libc-devtools (2.35-0ubuntu3.11) ...
#8 35.74 Selecting previously unselected package libfile-fcntllock-perl.
#8 35.75 Preparing to unpack .../107-libfile-fcntllock-perl_0.22-3build7_amd64.deb ...
#8 35.76 Unpacking libfile-fcntllock-perl (0.22-3build7) ...
#8 35.84 Selecting previously unselected package libldap-common.
#8 35.85 Preparing to unpack .../108-libldap-common_2.5.19+dfsg-0ubuntu0.22.04.1_all.deb ...
#8 35.87 Unpacking libldap-common (2.5.19+dfsg-0ubuntu0.22.04.1) ...
#8 ...

#7 [quiche-builder 2/6] RUN apt-get update && apt-get install -y     build-essential     curl     git     libssl-dev     pkg-config     cmake     libclang-dev     clang     && rm -rf /var/lib/apt/lists/*
#7 35.96 Selecting previously unselected package gcc.
#7 35.96 Preparing to unpack .../073-gcc_4%3a11.2.0-1ubuntu1_amd64.deb ...
#7 35.98 Unpacking gcc (4:11.2.0-1ubuntu1) ...
#7 36.10 Selecting previously unselected package libstdc++-11-dev:amd64.
#7 36.10 Preparing to unpack .../074-libstdc++-11-dev_11.4.0-1ubuntu1~22.04.2_amd64.deb ...
#7 36.13 Unpacking libstdc++-11-dev:amd64 (11.4.0-1ubuntu1~22.04.2) ...
#7 36.43 Selecting previously unselected package g++-11.
#7 36.43 Preparing to unpack .../075-g++-11_11.4.0-1ubuntu1~22.04.2_amd64.deb ...
#7 36.45 Unpacking g++-11 (11.4.0-1ubuntu1~22.04.2) ...
#7 36.73 Selecting previously unselected package g++.
#7 36.73 Preparing to unpack .../076-g++_4%3a11.2.0-1ubuntu1_amd64.deb ...
#7 36.75 Unpacking g++ (4:11.2.0-1ubuntu1) ...
#7 36.88 Selecting previously unselected package make.
#7 36.88 Preparing to unpack .../077-make_4.3-4.1build1_amd64.deb ...
#7 36.90 Unpacking make (4.3-4.1build1) ...
#7 37.01 Selecting previously unselected package libdpkg-perl.
#7 37.02 Preparing to unpack .../078-libdpkg-perl_1.21.1ubuntu2.6_all.deb ...
#7 37.03 Unpacking libdpkg-perl (1.21.1ubuntu2.6) ...
#7 37.14 Selecting previously unselected package bzip2.
#7 37.14 Preparing to unpack .../079-bzip2_1.0.8-5build1_amd64.deb ...
#7 37.16 Unpacking bzip2 (1.0.8-5build1) ...
#7 37.26 Selecting previously unselected package patch.
#7 37.27 Preparing to unpack .../080-patch_2.7.6-7build2_amd64.deb ...
#7 37.29 Unpacking patch (2.7.6-7build2) ...
#7 37.39 Selecting previously unselected package lto-disabled-list.
#7 37.39 Preparing to unpack .../081-lto-disabled-list_24_all.deb ...
#7 37.41 Unpacking lto-disabled-list (24) ...
#7 37.49 Selecting previously unselected package dpkg-dev.
#7 37.49 Preparing to unpack .../082-dpkg-dev_1.21.1ubuntu2.6_all.deb ...
#7 37.50 Unpacking dpkg-dev (1.21.1ubuntu2.6) ...
#7 37.59 Selecting previously unselected package build-essential.
#7 37.59 Preparing to unpack .../083-build-essential_12.9ubuntu3_amd64.deb ...
#7 37.61 Unpacking build-essential (12.9ubuntu3) ...
#7 37.76 Selecting previously unselected package libllvm14:amd64.
#7 37.77 Preparing to unpack .../084-libllvm14_1%3a14.0.0-1ubuntu1.1_amd64.deb ...
#7 37.79 Unpacking libllvm14:amd64 (1:14.0.0-1ubuntu1.1) ...
#7 38.35 Selecting previously unselected package libclang-cpp14.
#7 38.35 Preparing to unpack .../085-libclang-cpp14_1%3a14.0.0-1ubuntu1.1_amd64.deb ...
#7 38.37 Unpacking libclang-cpp14 (1:14.0.0-1ubuntu1.1) ...
#7 38.72 Selecting previously unselected package libgc1:amd64.
#7 38.73 Preparing to unpack .../086-libgc1_1%3a8.0.6-1.1build1_amd64.deb ...
#7 38.74 Unpacking libgc1:amd64 (1:8.0.6-1.1build1) ...
#7 38.90 Selecting previously unselected package libobjc4:amd64.
#7 38.90 Preparing to unpack .../087-libobjc4_12.3.0-1ubuntu1~22.04.2_amd64.deb ...
#7 38.92 Unpacking libobjc4:amd64 (12.3.0-1ubuntu1~22.04.2) ...
#7 39.03 Selecting previously unselected package libobjc-11-dev:amd64.
#7 39.04 Preparing to unpack .../088-libobjc-11-dev_11.4.0-1ubuntu1~22.04.2_amd64.deb ...
#7 39.05 Unpacking libobjc-11-dev:amd64 (11.4.0-1ubuntu1~22.04.2) ...
#7 39.18 Selecting previously unselected package libc6-i386.
#7 39.18 Preparing to unpack .../089-libc6-i386_2.35-0ubuntu3.11_amd64.deb ...
#7 39.19 Unpacking libc6-i386 (2.35-0ubuntu3.11) ...
#7 39.46 Selecting previously unselected package lib32gcc-s1.
#7 39.46 Preparing to unpack .../090-lib32gcc-s1_12.3.0-1ubuntu1~22.04.2_amd64.deb ...
#7 39.48 Unpacking lib32gcc-s1 (12.3.0-1ubuntu1~22.04.2) ...
#7 39.66 Selecting previously unselected package lib32stdc++6.
#7 39.66 Preparing to unpack .../091-lib32stdc++6_12.3.0-1ubuntu1~22.04.2_amd64.deb ...
#7 39.68 Unpacking lib32stdc++6 (12.3.0-1ubuntu1~22.04.2) ...
#7 39.80 Selecting previously unselected package libclang-common-14-dev.
#7 39.80 Preparing to unpack .../092-libclang-common-14-dev_1%3a14.0.0-1ubuntu1.1_amd64.deb ...
#7 39.82 Unpacking libclang-common-14-dev (1:14.0.0-1ubuntu1.1) ...
#7 40.26 Selecting previously unselected package llvm-14-linker-tools.
#7 40.26 Preparing to unpack .../093-llvm-14-linker-tools_1%3a14.0.0-1ubuntu1.1_amd64.deb ...
#7 40.28 Unpacking llvm-14-linker-tools (1:14.0.0-1ubuntu1.1) ...
#7 40.39 Selecting previously unselected package libclang1-14.
#7 40.39 Preparing to unpack .../094-libclang1-14_1%3a14.0.0-1ubuntu1.1_amd64.deb ...
#7 40.41 Unpacking libclang1-14 (1:14.0.0-1ubuntu1.1) ...
#7 40.65 Selecting previously unselected package clang-14.
#7 40.65 Preparing to unpack .../095-clang-14_1%3a14.0.0-1ubuntu1.1_amd64.deb ...
#7 40.67 Unpacking clang-14 (1:14.0.0-1ubuntu1.1) ...
#7 40.85 Selecting previously unselected package clang.
#7 40.85 Preparing to unpack .../096-clang_1%3a14.0-55~exp2_amd64.deb ...
#7 40.87 Unpacking clang (1:14.0-55~exp2) ...
#7 41.02 Selecting previously unselected package libarchive13:amd64.
#7 41.02 Preparing to unpack .../097-libarchive13_3.6.0-1ubuntu1.5_amd64.deb ...
#7 41.04 Unpacking libarchive13:amd64 (3.6.0-1ubuntu1.5) ...
#7 41.19 Selecting previously unselected package libbrotli1:amd64.
#7 41.19 Preparing to unpack .../098-libbrotli1_1.0.9-2build6_amd64.deb ...
#7 41.21 Unpacking libbrotli1:amd64 (1.0.9-2build6) ...
#7 41.33 Selecting previously unselected package libsasl2-modules-db:amd64.
#7 41.34 Preparing to unpack .../099-libsasl2-modules-db_2.1.27+dfsg2-3ubuntu1.2_amd64.deb ...
#7 41.36 Unpacking libsasl2-modules-db:amd64 (2.1.27+dfsg2-3ubuntu1.2) ...
#7 41.50 Selecting previously unselected package libsasl2-2:amd64.
#7 41.50 Preparing to unpack .../100-libsasl2-2_2.1.27+dfsg2-3ubuntu1.2_amd64.deb ...
#7 41.52 Unpacking libsasl2-2:amd64 (2.1.27+dfsg2-3ubuntu1.2) ...
#7 41.68 Selecting previously unselected package libldap-2.5-0:amd64.
#7 41.68 Preparing to unpack .../101-libldap-2.5-0_2.5.19+dfsg-0ubuntu0.22.04.1_amd64.deb ...
#7 41.71 Unpacking libldap-2.5-0:amd64 (2.5.19+dfsg-0ubuntu0.22.04.1) ...
#7 41.85 Selecting previously unselected package librtmp1:amd64.
#7 41.86 Preparing to unpack .../102-librtmp1_2.4+20151223.gitfa8646d.1-2build4_amd64.deb ...
#7 41.87 Unpacking librtmp1:amd64 (2.4+20151223.gitfa8646d.1-2build4) ...
#7 42.01 Selecting previously unselected package libssh-4:amd64.
#7 42.01 Preparing to unpack .../103-libssh-4_0.9.6-2ubuntu0.22.04.5_amd64.deb ...
#7 42.03 Unpacking libssh-4:amd64 (0.9.6-2ubuntu0.22.04.5) ...
#7 42.18 Selecting previously unselected package libcurl4:amd64.
#7 42.19 Preparing to unpack .../104-libcurl4_7.81.0-1ubuntu1.21_amd64.deb ...
#7 42.21 Unpacking libcurl4:amd64 (7.81.0-1ubuntu1.21) ...
#7 42.35 Selecting previously unselected package libjsoncpp25:amd64.
#7 42.35 Preparing to unpack .../105-libjsoncpp25_1.9.5-3_amd64.deb ...
#7 42.37 Unpacking libjsoncpp25:amd64 (1.9.5-3) ...
#7 42.49 Selecting previously unselected package librhash0:amd64.
#7 42.49 Preparing to unpack .../106-librhash0_1.4.2-1ubuntu1_amd64.deb ...
#7 42.50 Unpacking librhash0:amd64 (1.4.2-1ubuntu1) ...
#7 42.59 Selecting previously unselected package dh-elpa-helper.
#7 42.59 Preparing to unpack .../107-dh-elpa-helper_2.0.9ubuntu1_all.deb ...
#7 42.61 Unpacking dh-elpa-helper (2.0.9ubuntu1) ...
#7 42.77 Selecting previously unselected package emacsen-common.
#7 42.77 Preparing to unpack .../108-emacsen-common_3.0.4_all.deb ...
#7 42.81 Unpacking emacsen-common (3.0.4) ...
#7 42.98 Selecting previously unselected package cmake-data.
#7 42.98 Preparing to unpack .../109-cmake-data_3.22.1-1ubuntu1.22.04.2_all.deb ...
#7 43.00 Unpacking cmake-data (3.22.1-1ubuntu1.22.04.2) ...
#7 43.58 Selecting previously unselected package cmake.
#7 43.59 Preparing to unpack .../110-cmake_3.22.1-1ubuntu1.22.04.2_amd64.deb ...
#7 43.61 Unpacking cmake (3.22.1-1ubuntu1.22.04.2) ...
#7 43.81 Selecting previously unselected package curl.
#7 43.82 Preparing to unpack .../111-curl_7.81.0-1ubuntu1.21_amd64.deb ...
#7 43.83 Unpacking curl (7.81.0-1ubuntu1.21) ...
#7 43.93 Selecting previously unselected package libassuan0:amd64.
#7 43.94 Preparing to unpack .../112-libassuan0_2.5.5-1build1_amd64.deb ...
#7 43.95 Unpacking libassuan0:amd64 (2.5.5-1build1) ...
#7 44.02 Selecting previously unselected package gpgconf.
#7 44.02 Preparing to unpack .../113-gpgconf_2.2.27-3ubuntu2.4_amd64.deb ...
#7 44.04 Unpacking gpgconf (2.2.27-3ubuntu2.4) ...
#7 44.13 Selecting previously unselected package libksba8:amd64.
#7 44.14 Preparing to unpack .../114-libksba8_1.6.0-2ubuntu0.2_amd64.deb ...
#7 44.15 Unpacking libksba8:amd64 (1.6.0-2ubuntu0.2) ...
#7 44.24 Selecting previously unselected package libnpth0:amd64.
#7 44.24 Preparing to unpack .../115-libnpth0_1.6-3build2_amd64.deb ...
#7 44.25 Unpacking libnpth0:amd64 (1.6-3build2) ...
#7 44.35 Selecting previously unselected package dirmngr.
#7 44.35 Preparing to unpack .../116-dirmngr_2.2.27-3ubuntu2.4_amd64.deb ...
#7 44.38 Unpacking dirmngr (2.2.27-3ubuntu2.4) ...
#7 44.48 Selecting previously unselected package libfakeroot:amd64.
#7 44.48 Preparing to unpack .../117-libfakeroot_1.28-1ubuntu1_amd64.deb ...
#7 44.49 Unpacking libfakeroot:amd64 (1.28-1ubuntu1) ...
#7 44.61 Selecting previously unselected package fakeroot.
#7 44.62 Preparing to unpack .../118-fakeroot_1.28-1ubuntu1_amd64.deb ...
#7 44.64 Unpacking fakeroot (1.28-1ubuntu1) ...
#7 44.77 Selecting previously unselected package fonts-dejavu-core.
#7 44.77 Preparing to unpack .../119-fonts-dejavu-core_2.37-2build1_all.deb ...
#7 44.79 Unpacking fonts-dejavu-core (2.37-2build1) ...
#7 44.99 Selecting previously unselected package fontconfig-config.
#7 45.00 Preparing to unpack .../120-fontconfig-config_2.13.1-4.2ubuntu5_all.deb ...
#7 45.01 Unpacking fontconfig-config (2.13.1-4.2ubuntu5) ...
#7 45.17 Selecting previously unselected package libcurl3-gnutls:amd64.
#7 45.17 Preparing to unpack .../121-libcurl3-gnutls_7.81.0-1ubuntu1.21_amd64.deb ...
#7 45.19 Unpacking libcurl3-gnutls:amd64 (7.81.0-1ubuntu1.21) ...
#7 45.31 Selecting previously unselected package liberror-perl.
#7 45.31 Preparing to unpack .../122-liberror-perl_0.17029-1_all.deb ...
#7 45.33 Unpacking liberror-perl (0.17029-1) ...
#7 45.45 Selecting previously unselected package git-man.
#7 45.45 Preparing to unpack .../123-git-man_1%3a2.34.1-1ubuntu1.15_all.deb ...
#7 45.47 Unpacking git-man (1:2.34.1-1ubuntu1.15) ...
#7 45.65 Selecting previously unselected package git.
#7 45.66 Preparing to unpack .../124-git_1%3a2.34.1-1ubuntu1.15_amd64.deb ...
#7 45.68 Unpacking git (1:2.34.1-1ubuntu1.15) ...
#7 ...

#8 [tinc-builder 2/9] RUN apt-get update && apt-get install -y     build-essential     autoconf     automake     libtool     libssl-dev     zlib1g-dev     liblzo2-dev     libncurses5-dev     libreadline-dev     && rm -rf /var/lib/apt/lists/*
#8 35.98 Selecting previously unselected package libltdl7:amd64.
#8 35.98 Preparing to unpack .../109-libltdl7_2.4.6-15build2_amd64.deb ...
#8 36.00 Unpacking libltdl7:amd64 (2.4.6-15build2) ...
#8 36.12 Selecting previously unselected package libltdl-dev:amd64.
#8 36.12 Preparing to unpack .../110-libltdl-dev_2.4.6-15build2_amd64.deb ...
#8 36.14 Unpacking libltdl-dev:amd64 (2.4.6-15build2) ...
#8 36.25 Selecting previously unselected package liblzo2-2:amd64.
#8 36.25 Preparing to unpack .../111-liblzo2-2_2.10-2build3_amd64.deb ...
#8 36.26 Unpacking liblzo2-2:amd64 (2.10-2build3) ...
#8 36.36 Selecting previously unselected package liblzo2-dev:amd64.
#8 36.36 Preparing to unpack .../112-liblzo2-dev_2.10-2build3_amd64.deb ...
#8 36.38 Unpacking liblzo2-dev:amd64 (2.10-2build3) ...
#8 36.49 Selecting previously unselected package libncurses-dev:amd64.
#8 36.49 Preparing to unpack .../113-libncurses-dev_6.3-2ubuntu0.1_amd64.deb ...
#8 36.50 Unpacking libncurses-dev:amd64 (6.3-2ubuntu0.1) ...
#8 36.60 Selecting previously unselected package libncurses5-dev:amd64.
#8 36.60 Preparing to unpack .../114-libncurses5-dev_6.3-2ubuntu0.1_amd64.deb ...
#8 36.62 Unpacking libncurses5-dev:amd64 (6.3-2ubuntu0.1) ...
#8 36.73 Selecting previously unselected package libreadline-dev:amd64.
#8 36.73 Preparing to unpack .../115-libreadline-dev_8.1.2-1_amd64.deb ...
#8 36.75 Unpacking libreadline-dev:amd64 (8.1.2-1) ...
#8 36.89 Selecting previously unselected package libsasl2-modules:amd64.
#8 36.89 Preparing to unpack .../116-libsasl2-modules_2.1.27+dfsg2-3ubuntu1.2_amd64.deb ...
#8 36.91 Unpacking libsasl2-modules:amd64 (2.1.27+dfsg2-3ubuntu1.2) ...
#8 37.02 Selecting previously unselected package libssl-dev:amd64.
#8 37.03 Preparing to unpack .../117-libssl-dev_3.0.2-0ubuntu1.20_amd64.deb ...
#8 37.05 Unpacking libssl-dev:amd64 (3.0.2-0ubuntu1.20) ...
#8 37.22 Selecting previously unselected package libtool.
#8 37.22 Preparing to unpack .../118-libtool_2.4.6-15build2_all.deb ...
#8 37.24 Unpacking libtool (2.4.6-15build2) ...
#8 37.36 Selecting previously unselected package manpages-dev.
#8 37.36 Preparing to unpack .../119-manpages-dev_5.10-1ubuntu1_all.deb ...
#8 37.38 Unpacking manpages-dev (5.10-1ubuntu1) ...
#8 37.72 Selecting previously unselected package zlib1g-dev:amd64.
#8 37.73 Preparing to unpack .../120-zlib1g-dev_1%3a1.2.11.dfsg-2ubuntu9.2_amd64.deb ...
#8 37.75 Unpacking zlib1g-dev:amd64 (1:1.2.11.dfsg-2ubuntu9.2) ...
#8 37.85 Setting up libksba8:amd64 (1.6.0-2ubuntu0.2) ...
#8 37.89 Setting up libexpat1:amd64 (2.4.7-1ubuntu0.6) ...
#8 37.92 Setting up gcc-11-base:amd64 (11.4.0-1ubuntu1~22.04.2) ...
#8 37.96 Setting up libxau6:amd64 (1:1.0.9-1build5) ...
#8 38.00 Setting up lto-disabled-list (24) ...
#8 38.03 Setting up libmagic-mgc (1:5.41-3ubuntu0.1) ...
#8 38.07 Setting up manpages (5.10-1ubuntu1) ...
#8 38.10 Setting up libbrotli1:amd64 (1.0.9-2build6) ...
#8 38.14 Setting up libsqlite3-0:amd64 (3.37.2-2ubuntu0.5) ...
#8 38.17 Setting up libsasl2-modules:amd64 (2.1.27+dfsg2-3ubuntu1.2) ...
#8 38.23 Setting up binutils-common:amd64 (2.38-4ubuntu2.10) ...
#8 38.30 Setting up libmagic1:amd64 (1:5.41-3ubuntu0.1) ...
#8 38.39 Setting up libdeflate0:amd64 (1.10-2) ...
#8 38.43 Setting up linux-libc-dev:amd64 (5.15.0-161.171) ...
#8 38.46 Setting up libctf-nobfd0:amd64 (2.38-4ubuntu2.10) ...
#8 38.50 Setting up liblzo2-2:amd64 (2.10-2build3) ...
#8 38.53 Setting up libnpth0:amd64 (1.6-3build2) ...
#8 38.56 Setting up file (1:5.41-3ubuntu0.1) ...
#8 38.61 Setting up libassuan0:amd64 (2.5.5-1build1) ...
#8 38.67 Setting up libgomp1:amd64 (12.3.0-1ubuntu1~22.04.2) ...
#8 38.74 Setting up perl-modules-5.34 (5.34.0-3ubuntu1.5) ...
#8 38.80 Setting up bzip2 (1.0.8-5build1) ...
#8 38.86 Setting up libldap-common (2.5.19+dfsg-0ubuntu0.22.04.1) ...
#8 38.95 Setting up libjbig0:amd64 (2.1-3.1ubuntu0.22.04.1) ...
#8 39.01 Setting up libfakeroot:amd64 (1.28-1ubuntu1) ...
#8 39.07 Setting up libasan6:amd64 (11.4.0-1ubuntu1~22.04.2) ...
#8 39.13 Setting up libsasl2-modules-db:amd64 (2.1.27+dfsg2-3ubuntu1.2) ...
#8 39.16 Setting up fakeroot (1.28-1ubuntu1) ...
#8 39.18 update-alternatives: using /usr/bin/fakeroot-sysv to provide /usr/bin/fakeroot (fakeroot) in auto mode
#8 39.19 update-alternatives: warning: skip creation of /usr/share/man/man1/fakeroot.1.gz because associated file /usr/share/man/man1/fakeroot-sysv.1.gz (of link group fakeroot) doesn't exist
#8 39.19 update-alternatives: warning: skip creation of /usr/share/man/man1/faked.1.gz because associated file /usr/share/man/man1/faked-sysv.1.gz (of link group fakeroot) doesn't exist
#8 39.19 update-alternatives: warning: skip creation of /usr/share/man/es/man1/fakeroot.1.gz because associated file /usr/share/man/es/man1/fakeroot-sysv.1.gz (of link group fakeroot) doesn't exist
#8 39.19 update-alternatives: warning: skip creation of /usr/share/man/es/man1/faked.1.gz because associated file /usr/share/man/es/man1/faked-sysv.1.gz (of link group fakeroot) doesn't exist
#8 39.19 update-alternatives: warning: skip creation of /usr/share/man/fr/man1/fakeroot.1.gz because associated file /usr/share/man/fr/man1/fakeroot-sysv.1.gz (of link group fakeroot) doesn't exist
#8 39.19 update-alternatives: warning: skip creation of /usr/share/man/fr/man1/faked.1.gz because associated file /usr/share/man/fr/man1/faked-sysv.1.gz (of link group fakeroot) doesn't exist
#8 39.19 update-alternatives: warning: skip creation of /usr/share/man/sv/man1/fakeroot.1.gz because associated file /usr/share/man/sv/man1/fakeroot-sysv.1.gz (of link group fakeroot) doesn't exist
#8 39.19 update-alternatives: warning: skip creation of /usr/share/man/sv/man1/faked.1.gz because associated file /usr/share/man/sv/man1/faked-sysv.1.gz (of link group fakeroot) doesn't exist
#8 39.23 Setting up autotools-dev (20220109.1) ...
#8 39.27 Setting up libtirpc-dev:amd64 (1.3.2-2ubuntu0.1) ...
#8 39.31 Setting up rpcsvc-proto (1.4.2-0ubuntu6) ...
#8 39.37 Setting up libx11-data (2:1.7.5-1ubuntu0.3) ...
#8 39.43 Setting up make (4.3-4.1build1) ...
#8 39.50 Setting up libmpfr6:amd64 (4.1.0-3build3) ...
#8 39.56 Setting up gnupg-l10n (2.2.27-3ubuntu2.4) ...
#8 39.63 Setting up libsigsegv2:amd64 (2.13-1ubuntu3) ...
#8 39.69 Setting up xz-utils (5.2.5-2ubuntu1) ...
#8 39.73 update-alternatives: using /usr/bin/xz to provide /usr/bin/lzma (lzma) in auto mode
#8 39.73 update-alternatives: warning: skip creation of /usr/share/man/man1/lzma.1.gz because associated file /usr/share/man/man1/xz.1.gz (of link group lzma) doesn't exist
#8 39.73 update-alternatives: warning: skip creation of /usr/share/man/man1/unlzma.1.gz because associated file /usr/share/man/man1/unxz.1.gz (of link group lzma) doesn't exist
#8 39.73 update-alternatives: warning: skip creation of /usr/share/man/man1/lzcat.1.gz because associated file /usr/share/man/man1/xzcat.1.gz (of link group lzma) doesn't exist
#8 39.73 update-alternatives: warning: skip creation of /usr/share/man/man1/lzmore.1.gz because associated file /usr/share/man/man1/xzmore.1.gz (of link group lzma) doesn't exist
#8 39.73 update-alternatives: warning: skip creation of /usr/share/man/man1/lzless.1.gz because associated file /usr/share/man/man1/xzless.1.gz (of link group lzma) doesn't exist
#8 39.73 update-alternatives: warning: skip creation of /usr/share/man/man1/lzdiff.1.gz because associated file /usr/share/man/man1/xzdiff.1.gz (of link group lzma) doesn't exist
#8 39.73 update-alternatives: warning: skip creation of /usr/share/man/man1/lzcmp.1.gz because associated file /usr/share/man/man1/xzcmp.1.gz (of link group lzma) doesn't exist
#8 39.73 update-alternatives: warning: skip creation of /usr/share/man/man1/lzgrep.1.gz because associated file /usr/share/man/man1/xzgrep.1.gz (of link group lzma) doesn't exist
#8 39.73 update-alternatives: warning: skip creation of /usr/share/man/man1/lzegrep.1.gz because associated file /usr/share/man/man1/xzegrep.1.gz (of link group lzma) doesn't exist
#8 39.73 update-alternatives: warning: skip creation of /usr/share/man/man1/lzfgrep.1.gz because associated file /usr/share/man/man1/xzfgrep.1.gz (of link group lzma) doesn't exist
#8 39.77 Setting up libquadmath0:amd64 (12.3.0-1ubuntu1~22.04.2) ...
#8 39.83 Setting up libssl-dev:amd64 (3.0.2-0ubuntu1.20) ...
#8 39.87 Setting up libpng16-16:amd64 (1.6.37-3build5) ...
#8 39.90 Setting up libmpc3:amd64 (1.2.1-2build1) ...
#8 39.94 Setting up libatomic1:amd64 (12.3.0-1ubuntu1~22.04.2) ...
#8 39.98 Setting up patch (2.7.6-7build2) ...
#8 40.01 Setting up fonts-dejavu-core (2.37-2build1) ...
#8 40.25 Setting up ucf (3.0043) ...
#8 40.43 Setting up libjpeg-turbo8:amd64 (2.1.2-0ubuntu1) ...
#8 40.47 Setting up libltdl7:amd64 (2.4.6-15build2) ...
#8 40.50 Setting up libsasl2-2:amd64 (2.1.27+dfsg2-3ubuntu1.2) ...
#8 40.54 Setting up libwebp7:amd64 (1.2.2-2ubuntu0.22.04.2) ...
#8 40.61 Setting up liblzo2-dev:amd64 (2.10-2build3) ...
#8 40.67 Setting up libubsan1:amd64 (12.3.0-1ubuntu1~22.04.2) ...
#8 40.73 Setting up libmd0:amd64 (1.0.4-1build1) ...
#8 40.80 Setting up libnsl-dev:amd64 (1.3.0-2build2) ...
#8 40.86 Setting up libcrypt-dev:amd64 (1:4.4.27-1) ...
#8 40.93 Setting up netbase (6.3) ...
#8 41.07 Setting up libbinutils:amd64 (2.38-4ubuntu2.10) ...
#8 41.14 Setting up libisl23:amd64 (0.24-2build1) ...
#8 41.20 Setting up libc-dev-bin (2.35-0ubuntu3.11) ...
#8 41.26 Setting up libbsd0:amd64 (0.11.5-1) ...
#8 41.32 Setting up readline-common (8.1.2-1) ...
#8 41.39 Setting up libcc1-0:amd64 (12.3.0-1ubuntu1~22.04.2) ...
#8 41.45 Setting up liblocale-gettext-perl (1.07-4build3) ...
#8 41.52 Setting up liblsan0:amd64 (12.3.0-1ubuntu1~22.04.2) ...
#8 41.58 Setting up libitm1:amd64 (12.3.0-1ubuntu1~22.04.2) ...
#8 41.64 Setting up libgdbm6:amd64 (1.23-1) ...
#8 41.71 Setting up libtsan0:amd64 (11.4.0-1ubuntu1~22.04.2) ...
#8 41.77 Setting up libctf0:amd64 (2.38-4ubuntu2.10) ...
#8 41.83 Setting up libjpeg8:amd64 (8c-2ubuntu10) ...
#8 41.88 Setting up pinentry-curses (1.1.1-1build2) ...
#8 41.95 Setting up cpp-11 (11.4.0-1ubuntu1~22.04.2) ...
#8 42.01 Setting up manpages-dev (5.10-1ubuntu1) ...
#8 42.08 Setting up libxdmcp6:amd64 (1:1.1.3-0ubuntu5) ...
#8 42.14 Setting up libxcb1:amd64 (1.14-3ubuntu3) ...
#8 42.20 Setting up fontconfig-config (2.13.1-4.2ubuntu5) ...
#8 43.02 Setting up libreadline8:amd64 (8.1.2-1) ...
#8 43.06 Setting up m4 (1.4.18-5ubuntu2) ...
#8 43.10 Setting up libldap-2.5-0:amd64 (2.5.19+dfsg-0ubuntu0.22.04.1) ...
#8 43.14 Setting up libfreetype6:amd64 (2.11.1+dfsg-1ubuntu0.3) ...
#8 43.18 Setting up libgdbm-compat4:amd64 (1.23-1) ...
#8 43.21 Setting up libgcc-11-dev:amd64 (11.4.0-1ubuntu1~22.04.2) ...
#8 43.25 Setting up cpp (4:11.2.0-1ubuntu1) ...
#8 43.30 Setting up gpgconf (2.2.27-3ubuntu2.4) ...
#8 43.34 Setting up libc6-dev:amd64 (2.35-0ubuntu3.11) ...
#8 43.38 Setting up libx11-6:amd64 (2:1.7.5-1ubuntu0.3) ...
#8 43.41 Setting up libtiff5:amd64 (4.3.0-6ubuntu0.12) ...
#8 43.46 Setting up libfontconfig1:amd64 (2.13.1-4.2ubuntu5) ...
#8 43.52 Setting up gpg (2.2.27-3ubuntu2.4) ...
#8 43.57 Setting up gnupg-utils (2.2.27-3ubuntu2.4) ...
#8 43.62 Setting up binutils-x86-64-linux-gnu (2.38-4ubuntu2.10) ...
#8 43.66 Setting up libperl5.34:amd64 (5.34.0-3ubuntu1.5) ...
#8 43.70 Setting up libncurses-dev:amd64 (6.3-2ubuntu0.1) ...
#8 43.77 Setting up gpg-agent (2.2.27-3ubuntu2.4) ...
#8 44.54 Setting up libxpm4:amd64 (1:3.5.12-1ubuntu0.22.04.2) ...
#8 44.60 Setting up gpgsm (2.2.27-3ubuntu2.4) ...
#8 44.66 Setting up binutils (2.38-4ubuntu2.10) ...
#8 44.73 Setting up libreadline-dev:amd64 (8.1.2-1) ...
#8 44.79 Setting up dirmngr (2.2.27-3ubuntu2.4) ...
#8 45.01 Setting up perl (5.34.0-3ubuntu1.5) ...
#8 45.09 Setting up libgd3:amd64 (2.3.0-2ubuntu2.3) ...
#8 45.15 Setting up libdpkg-perl (1.21.1ubuntu2.6) ...
#8 45.21 Setting up autoconf (2.71-2) ...
#8 45.29 Setting up libstdc++-11-dev:amd64 (11.4.0-1ubuntu1~22.04.2) ...
#8 45.35 Setting up gpg-wks-server (2.2.27-3ubuntu2.4) ...
#8 45.42 Setting up zlib1g-dev:amd64 (1:1.2.11.dfsg-2ubuntu9.2) ...
#8 45.48 Setting up gcc-11 (11.4.0-1ubuntu1~22.04.2) ...
#8 45.53 Setting up libncurses5-dev:amd64 (6.3-2ubuntu0.1) ...
#8 45.60 Setting up libc-devtools (2.35-0ubuntu3.11) ...
#8 45.66 Setting up automake (1:1.16.5-1.3) ...
#8 45.70 update-alternatives: using /usr/bin/automake-1.16 to provide /usr/bin/automake (automake) in auto mode
#8 45.70 update-alternatives: warning: skip creation of /usr/share/man/man1/automake.1.gz because associated file /usr/share/man/man1/automake-1.16.1.gz (of link group automake) doesn't exist
#8 45.70 update-alternatives: warning: skip creation of /usr/share/man/man1/aclocal.1.gz because associated file /usr/share/man/man1/aclocal-1.16.1.gz (of link group automake) doesn't exist
#8 45.71 Setting up gpg-wks-client (2.2.27-3ubuntu2.4) ...
#8 45.75 Setting up libtool (2.4.6-15build2) ...
#8 45.77 Setting up g++-11 (11.4.0-1ubuntu1~22.04.2) ...
#8 45.78 Setting up libfile-fcntllock-perl (0.22-3build7) ...
#8 45.82 Setting up libalgorithm-diff-perl (1.201-1) ...
#8 45.88 Setting up gcc (4:11.2.0-1ubuntu1) ...
#8 ...

#7 [quiche-builder 2/6] RUN apt-get update && apt-get install -y     build-essential     curl     git     libssl-dev     pkg-config     cmake     libclang-dev     clang     && rm -rf /var/lib/apt/lists/*
#7 45.91 Selecting previously unselected package gnupg-l10n.
#7 45.91 Preparing to unpack .../125-gnupg-l10n_2.2.27-3ubuntu2.4_all.deb ...
#7 45.93 Unpacking gnupg-l10n (2.2.27-3ubuntu2.4) ...
#7 46.04 Selecting previously unselected package gnupg-utils.
#7 46.05 Preparing to unpack .../126-gnupg-utils_2.2.27-3ubuntu2.4_amd64.deb ...
#7 46.07 Unpacking gnupg-utils (2.2.27-3ubuntu2.4) ...
#7 46.19 Selecting previously unselected package gpg.
#7 46.19 Preparing to unpack .../127-gpg_2.2.27-3ubuntu2.4_amd64.deb ...
#7 46.21 Unpacking gpg (2.2.27-3ubuntu2.4) ...
#7 46.35 Selecting previously unselected package pinentry-curses.
#7 46.35 Preparing to unpack .../128-pinentry-curses_1.1.1-1build2_amd64.deb ...
#7 46.37 Unpacking pinentry-curses (1.1.1-1build2) ...
#7 46.52 Selecting previously unselected package gpg-agent.
#7 46.52 Preparing to unpack .../129-gpg-agent_2.2.27-3ubuntu2.4_amd64.deb ...
#7 46.54 Unpacking gpg-agent (2.2.27-3ubuntu2.4) ...
#7 46.65 Selecting previously unselected package gpg-wks-client.
#7 46.66 Preparing to unpack .../130-gpg-wks-client_2.2.27-3ubuntu2.4_amd64.deb ...
#7 46.67 Unpacking gpg-wks-client (2.2.27-3ubuntu2.4) ...
#7 46.96 Selecting previously unselected package gpg-wks-server.
#7 46.96 Preparing to unpack .../131-gpg-wks-server_2.2.27-3ubuntu2.4_amd64.deb ...
#7 47.07 Unpacking gpg-wks-server (2.2.27-3ubuntu2.4) ...
#7 47.95 Selecting previously unselected package gpgsm.
#7 47.95 Preparing to unpack .../132-gpgsm_2.2.27-3ubuntu2.4_amd64.deb ...
#7 48.15 Unpacking gpgsm (2.2.27-3ubuntu2.4) ...
#7 49.05 Selecting previously unselected package gnupg.
#7 49.05 Preparing to unpack .../133-gnupg_2.2.27-3ubuntu2.4_all.deb ...
#7 49.23 Unpacking gnupg (2.2.27-3ubuntu2.4) ...
#7 50.23 Selecting previously unselected package icu-devtools.
#7 ...

#8 [tinc-builder 2/9] RUN apt-get update && apt-get install -y     build-essential     autoconf     automake     libtool     libssl-dev     zlib1g-dev     liblzo2-dev     libncurses5-dev     libreadline-dev     && rm -rf /var/lib/apt/lists/*
#8 45.97 Setting up dpkg-dev (1.21.1ubuntu2.6) ...
#8 46.07 Setting up libltdl-dev:amd64 (2.4.6-15build2) ...
#8 46.14 Setting up g++ (4:11.2.0-1ubuntu1) ...
#8 46.20 update-alternatives: using /usr/bin/g++ to provide /usr/bin/c++ (c++) in auto mode
#8 46.20 update-alternatives: warning: skip creation of /usr/share/man/man1/c++.1.gz because associated file /usr/share/man/man1/g++.1.gz (of link group c++) doesn't exist
#8 46.23 Setting up gnupg (2.2.27-3ubuntu2.4) ...
#8 46.30 Setting up build-essential (12.9ubuntu3) ...
#8 46.36 Setting up libalgorithm-diff-xs-perl (0.04-6build3) ...
#8 46.42 Setting up libalgorithm-merge-perl (0.08-3) ...
#8 46.49 Processing triggers for libc-bin (2.35-0ubuntu3.11) ...
#8 DONE 50.3s

#7 [quiche-builder 2/6] RUN apt-get update && apt-get install -y     build-essential     curl     git     libssl-dev     pkg-config     cmake     libclang-dev     clang     && rm -rf /var/lib/apt/lists/*
#7 50.23 Preparing to unpack .../134-icu-devtools_70.1-2_amd64.deb ...
#7 50.26 Unpacking icu-devtools (70.1-2) ...
#7 50.37 Selecting previously unselected package libalgorithm-diff-perl.
#7 ...

#10 [tinc-builder 3/9] WORKDIR /build
#10 DONE 0.2s

#7 [quiche-builder 2/6] RUN apt-get update && apt-get install -y     build-essential     curl     git     libssl-dev     pkg-config     cmake     libclang-dev     clang     && rm -rf /var/lib/apt/lists/*
#7 50.37 Preparing to unpack .../135-libalgorithm-diff-perl_1.201-1_all.deb ...
#7 50.39 Unpacking libalgorithm-diff-perl (1.201-1) ...
#7 50.48 Selecting previously unselected package libalgorithm-diff-xs-perl.
#7 50.48 Preparing to unpack .../136-libalgorithm-diff-xs-perl_0.04-6build3_amd64.deb ...
#7 50.49 Unpacking libalgorithm-diff-xs-perl (0.04-6build3) ...
#7 50.57 Selecting previously unselected package libalgorithm-merge-perl.
#7 50.57 Preparing to unpack .../137-libalgorithm-merge-perl_0.08-3_all.deb ...
#7 50.58 Unpacking libalgorithm-merge-perl (0.08-3) ...
#7 50.67 Selecting previously unselected package libfreetype6:amd64.
#7 50.67 Preparing to unpack .../138-libfreetype6_2.11.1+dfsg-1ubuntu0.3_amd64.deb ...
#7 50.68 Unpacking libfreetype6:amd64 (2.11.1+dfsg-1ubuntu0.3) ...
#7 50.78 Selecting previously unselected package libfontconfig1:amd64.
#7 50.78 Preparing to unpack .../139-libfontconfig1_2.13.1-4.2ubuntu5_amd64.deb ...
#7 50.80 Unpacking libfontconfig1:amd64 (2.13.1-4.2ubuntu5) ...
#7 50.89 Selecting previously unselected package libjpeg-turbo8:amd64.
#7 50.89 Preparing to unpack .../140-libjpeg-turbo8_2.1.2-0ubuntu1_amd64.deb ...
#7 50.90 Unpacking libjpeg-turbo8:amd64 (2.1.2-0ubuntu1) ...
#7 50.98 Selecting previously unselected package libjpeg8:amd64.
#7 50.98 Preparing to unpack .../141-libjpeg8_8c-2ubuntu10_amd64.deb ...
#7 50.99 Unpacking libjpeg8:amd64 (8c-2ubuntu10) ...
#7 51.09 Selecting previously unselected package libdeflate0:amd64.
#7 51.09 Preparing to unpack .../142-libdeflate0_1.10-2_amd64.deb ...
#7 51.10 Unpacking libdeflate0:amd64 (1.10-2) ...
#7 51.19 Selecting previously unselected package libjbig0:amd64.
#7 51.20 Preparing to unpack .../143-libjbig0_2.1-3.1ubuntu0.22.04.1_amd64.deb ...
#7 51.21 Unpacking libjbig0:amd64 (2.1-3.1ubuntu0.22.04.1) ...
#7 51.29 Selecting previously unselected package libwebp7:amd64.
#7 51.29 Preparing to unpack .../144-libwebp7_1.2.2-2ubuntu0.22.04.2_amd64.deb ...
#7 51.30 Unpacking libwebp7:amd64 (1.2.2-2ubuntu0.22.04.2) ...
#7 51.39 Selecting previously unselected package libtiff5:amd64.
#7 51.40 Preparing to unpack .../145-libtiff5_4.3.0-6ubuntu0.12_amd64.deb ...
#7 51.41 Unpacking libtiff5:amd64 (4.3.0-6ubuntu0.12) ...
#7 51.49 Selecting previously unselected package libxpm4:amd64.
#7 51.49 Preparing to unpack .../146-libxpm4_1%3a3.5.12-1ubuntu0.22.04.2_amd64.deb ...
#7 51.50 Unpacking libxpm4:amd64 (1:3.5.12-1ubuntu0.22.04.2) ...
#7 51.55 Selecting previously unselected package libgd3:amd64.
#7 51.55 Preparing to unpack .../147-libgd3_2.3.0-2ubuntu2.3_amd64.deb ...
#7 51.56 Unpacking libgd3:amd64 (2.3.0-2ubuntu2.3) ...
#7 51.62 Selecting previously unselected package libc-devtools.
#7 51.62 Preparing to unpack .../148-libc-devtools_2.35-0ubuntu3.11_amd64.deb ...
#7 51.63 Unpacking libc-devtools (2.35-0ubuntu3.11) ...
#7 51.70 Selecting previously unselected package libclang-14-dev.
#7 51.70 Preparing to unpack .../149-libclang-14-dev_1%3a14.0.0-1ubuntu1.1_amd64.deb ...
#7 51.71 Unpacking libclang-14-dev (1:14.0.0-1ubuntu1.1) ...
#7 52.66 Selecting previously unselected package libclang-dev.
#7 52.67 Preparing to unpack .../150-libclang-dev_1%3a14.0-55~exp2_amd64.deb ...
#7 52.68 Unpacking libclang-dev (1:14.0-55~exp2) ...
#7 52.75 Selecting previously unselected package libfile-fcntllock-perl.
#7 52.75 Preparing to unpack .../151-libfile-fcntllock-perl_0.22-3build7_amd64.deb ...
#7 52.77 Unpacking libfile-fcntllock-perl (0.22-3build7) ...
#7 52.84 Selecting previously unselected package libicu-dev:amd64.
#7 52.85 Preparing to unpack .../152-libicu-dev_70.1-2_amd64.deb ...
#7 52.86 Unpacking libicu-dev:amd64 (70.1-2) ...
#7 53.13 Selecting previously unselected package libldap-common.
#7 53.14 Preparing to unpack .../153-libldap-common_2.5.19+dfsg-0ubuntu0.22.04.1_all.deb ...
#7 53.15 Unpacking libldap-common (2.5.19+dfsg-0ubuntu0.22.04.1) ...
#7 53.23 Selecting previously unselected package libncurses-dev:amd64.
#7 53.23 Preparing to unpack .../154-libncurses-dev_6.3-2ubuntu0.1_amd64.deb ...
#7 53.24 Unpacking libncurses-dev:amd64 (6.3-2ubuntu0.1) ...
#7 53.35 Selecting previously unselected package libsasl2-modules:amd64.
#7 53.35 Preparing to unpack .../155-libsasl2-modules_2.1.27+dfsg2-3ubuntu1.2_amd64.deb ...
#7 53.36 Unpacking libsasl2-modules:amd64 (2.1.27+dfsg2-3ubuntu1.2) ...
#7 53.44 Selecting previously unselected package libssl-dev:amd64.
#7 53.45 Preparing to unpack .../156-libssl-dev_3.0.2-0ubuntu1.20_amd64.deb ...
#7 53.46 Unpacking libssl-dev:amd64 (3.0.2-0ubuntu1.20) ...
#7 53.59 Selecting previously unselected package libtinfo-dev:amd64.
#7 53.60 Preparing to unpack .../157-libtinfo-dev_6.3-2ubuntu0.1_amd64.deb ...
#7 53.61 Unpacking libtinfo-dev:amd64 (6.3-2ubuntu0.1) ...
#7 53.68 Selecting previously unselected package libxml2-dev:amd64.
#7 53.68 Preparing to unpack .../158-libxml2-dev_2.9.13+dfsg-1ubuntu0.10_amd64.deb ...
#7 53.70 Unpacking libxml2-dev:amd64 (2.9.13+dfsg-1ubuntu0.10) ...
#7 53.81 Selecting previously unselected package llvm-14-runtime.
#7 53.81 Preparing to unpack .../159-llvm-14-runtime_1%3a14.0.0-1ubuntu1.1_amd64.deb ...
#7 53.82 Unpacking llvm-14-runtime (1:14.0.0-1ubuntu1.1) ...
#7 53.92 Selecting previously unselected package libpfm4:amd64.
#7 53.92 Preparing to unpack .../160-libpfm4_4.11.1+git32-gd0b85fb-1ubuntu0.1_amd64.deb ...
#7 53.93 Unpacking libpfm4:amd64 (4.11.1+git32-gd0b85fb-1ubuntu0.1) ...
#7 54.01 Selecting previously unselected package llvm-14.
#7 54.02 Preparing to unpack .../161-llvm-14_1%3a14.0.0-1ubuntu1.1_amd64.deb ...
#7 54.03 Unpacking llvm-14 (1:14.0.0-1ubuntu1.1) ...
#7 54.32 Selecting previously unselected package libffi-dev:amd64.
#7 54.32 Preparing to unpack .../162-libffi-dev_3.4.2-4_amd64.deb ...
#7 54.34 Unpacking libffi-dev:amd64 (3.4.2-4) ...
#7 54.44 Selecting previously unselected package python3-pygments.
#7 54.44 Preparing to unpack .../163-python3-pygments_2.11.2+dfsg-2ubuntu0.1_all.deb ...
#7 54.46 Unpacking python3-pygments (2.11.2+dfsg-2ubuntu0.1) ...
#7 54.59 Selecting previously unselected package llvm-14-tools.
#7 54.60 Preparing to unpack .../164-llvm-14-tools_1%3a14.0.0-1ubuntu1.1_amd64.deb ...
#7 54.61 Unpacking llvm-14-tools (1:14.0.0-1ubuntu1.1) ...
#7 54.78 Selecting previously unselected package libz3-4:amd64.
#7 54.78 Preparing to unpack .../165-libz3-4_4.8.12-1_amd64.deb ...
#7 54.79 Unpacking libz3-4:amd64 (4.8.12-1) ...
#7 54.94 Selecting previously unselected package libz3-dev:amd64.
#7 54.94 Preparing to unpack .../166-libz3-dev_4.8.12-1_amd64.deb ...
#7 54.96 Unpacking libz3-dev:amd64 (4.8.12-1) ...
#7 55.04 Selecting previously unselected package llvm-14-dev.
#7 55.05 Preparing to unpack .../167-llvm-14-dev_1%3a14.0.0-1ubuntu1.1_amd64.deb ...
#7 55.09 Unpacking llvm-14-dev (1:14.0.0-1ubuntu1.1) ...
#7 56.31 Selecting previously unselected package manpages-dev.
#7 56.32 Preparing to unpack .../168-manpages-dev_5.10-1ubuntu1_all.deb ...
#7 56.33 Unpacking manpages-dev (5.10-1ubuntu1) ...
#7 56.64 Selecting previously unselected package pkg-config.
#7 56.65 Preparing to unpack .../169-pkg-config_0.29.2-1ubuntu3_amd64.deb ...
#7 56.66 Unpacking pkg-config (0.29.2-1ubuntu3) ...
#7 56.76 Setting up libksba8:amd64 (1.6.0-2ubuntu0.2) ...
#7 56.79 Setting up media-types (7.0.0) ...
#7 56.84 Setting up libpipeline1:amd64 (1.5.5-1) ...
#7 56.88 Setting up gcc-11-base:amd64 (11.4.0-1ubuntu1~22.04.2) ...
#7 56.91 Setting up libxau6:amd64 (1:1.0.9-1build5) ...
#7 56.95 Setting up lto-disabled-list (24) ...
#7 56.98 Setting up libpsl5:amd64 (0.21.0-1.2build2) ...
#7 57.02 Setting up xdg-user-dirs (0.17-2ubuntu4) ...
#7 57.09 Setting up libyaml-0-2:amd64 (0.2.2-1build2) ...
#7 57.13 Setting up libglib2.0-0:amd64 (2.72.4-0ubuntu2.6) ...
#7 57.16 No schema files found: doing nothing.
#7 57.18 Setting up manpages (5.10-1ubuntu1) ...
#7 57.21 Setting up libcbor0.8:amd64 (0.8.0-2ubuntu1) ...
#7 57.25 Setting up libbrotli1:amd64 (1.0.9-2build6) ...
#7 57.28 Setting up libsqlite3-0:amd64 (3.37.2-2ubuntu0.5) ...
#7 57.32 Setting up libsasl2-modules:amd64 (2.1.27+dfsg2-3ubuntu1.2) ...
#7 57.37 Setting up binutils-common:amd64 (2.38-4ubuntu2.10) ...
#7 57.41 Setting up libnghttp2-14:amd64 (1.43.0-1ubuntu0.2) ...
#7 57.45 Setting up libdeflate0:amd64 (1.10-2) ...
#7 57.48 Setting up less (590-1ubuntu0.22.04.3) ...
#7 57.54 Setting up linux-libc-dev:amd64 (5.15.0-161.171) ...
#7 57.58 Setting up libctf-nobfd0:amd64 (2.38-4ubuntu2.10) ...
#7 57.62 Setting up libnpth0:amd64 (1.6-3build2) ...
#7 57.65 Setting up libassuan0:amd64 (2.5.5-1build1) ...
#7 57.69 Setting up libgomp1:amd64 (12.3.0-1ubuntu1~22.04.2) ...
#7 57.72 Setting up perl-modules-5.34 (5.34.0-3ubuntu1.5) ...
#7 57.76 Setting up bzip2 (1.0.8-5build1) ...
#7 57.80 Setting up libffi-dev:amd64 (3.4.2-4) ...
#7 57.83 Setting up libldap-common (2.5.19+dfsg-0ubuntu0.22.04.1) ...
#7 57.88 Setting up libjbig0:amd64 (2.1-3.1ubuntu0.22.04.1) ...
#7 57.91 Setting up libfakeroot:amd64 (1.28-1ubuntu1) ...
#7 57.96 Setting up libasan6:amd64 (11.4.0-1ubuntu1~22.04.2) ...
#7 58.00 Setting up libsasl2-modules-db:amd64 (2.1.27+dfsg2-3ubuntu1.2) ...
#7 58.03 Setting up fakeroot (1.28-1ubuntu1) ...
#7 58.06 update-alternatives: using /usr/bin/fakeroot-sysv to provide /usr/bin/fakeroot (fakeroot) in auto mode
#7 58.06 update-alternatives: warning: skip creation of /usr/share/man/man1/fakeroot.1.gz because associated file /usr/share/man/man1/fakeroot-sysv.1.gz (of link group fakeroot) doesn't exist
#7 58.06 update-alternatives: warning: skip creation of /usr/share/man/man1/faked.1.gz because associated file /usr/share/man/man1/faked-sysv.1.gz (of link group fakeroot) doesn't exist
#7 58.06 update-alternatives: warning: skip creation of /usr/share/man/es/man1/fakeroot.1.gz because associated file /usr/share/man/es/man1/fakeroot-sysv.1.gz (of link group fakeroot) doesn't exist
#7 58.06 update-alternatives: warning: skip creation of /usr/share/man/es/man1/faked.1.gz because associated file /usr/share/man/es/man1/faked-sysv.1.gz (of link group fakeroot) doesn't exist
#7 58.06 update-alternatives: warning: skip creation of /usr/share/man/fr/man1/fakeroot.1.gz because associated file /usr/share/man/fr/man1/fakeroot-sysv.1.gz (of link group fakeroot) doesn't exist
#7 58.06 update-alternatives: warning: skip creation of /usr/share/man/fr/man1/faked.1.gz because associated file /usr/share/man/fr/man1/faked-sysv.1.gz (of link group fakeroot) doesn't exist
#7 58.06 update-alternatives: warning: skip creation of /usr/share/man/sv/man1/fakeroot.1.gz because associated file /usr/share/man/sv/man1/fakeroot-sysv.1.gz (of link group fakeroot) doesn't exist
#7 58.06 update-alternatives: warning: skip creation of /usr/share/man/sv/man1/faked.1.gz because associated file /usr/share/man/sv/man1/faked-sysv.1.gz (of link group fakeroot) doesn't exist
#7 58.09 Setting up libz3-4:amd64 (4.8.12-1) ...
#7 58.12 Setting up libglib2.0-data (2.72.4-0ubuntu2.6) ...
#7 58.16 Setting up libtirpc-dev:amd64 (1.3.2-2ubuntu0.1) ...
#7 58.19 Setting up libuv1:amd64 (1.43.0-1ubuntu0.1) ...
#7 58.23 Setting up libpfm4:amd64 (4.11.1+git32-gd0b85fb-1ubuntu0.1) ...
#7 58.26 Setting up rpcsvc-proto (1.4.2-0ubuntu6) ...
#7 58.30 Setting up emacsen-common (3.0.4) ...
#7 58.38 Setting up libx11-data (2:1.7.5-1ubuntu0.3) ...
#7 58.41 Setting up make (4.3-4.1build1) ...
#7 58.45 Setting up libmpfr6:amd64 (4.1.0-3build3) ...
#7 58.48 Setting up gnupg-l10n (2.2.27-3ubuntu2.4) ...
#7 58.52 Setting up librtmp1:amd64 (2.4+20151223.gitfa8646d.1-2build4) ...
#7 58.55 Setting up dh-elpa-helper (2.0.9ubuntu1) ...
#7 58.58 Setting up xz-utils (5.2.5-2ubuntu1) ...
#7 58.60 update-alternatives: using /usr/bin/xz to provide /usr/bin/lzma (lzma) in auto mode
#7 58.60 update-alternatives: warning: skip creation of /usr/share/man/man1/lzma.1.gz because associated file /usr/share/man/man1/xz.1.gz (of link group lzma) doesn't exist
#7 58.60 update-alternatives: warning: skip creation of /usr/share/man/man1/unlzma.1.gz because associated file /usr/share/man/man1/unxz.1.gz (of link group lzma) doesn't exist
#7 58.60 update-alternatives: warning: skip creation of /usr/share/man/man1/lzcat.1.gz because associated file /usr/share/man/man1/xzcat.1.gz (of link group lzma) doesn't exist
#7 58.60 update-alternatives: warning: skip creation of /usr/share/man/man1/lzmore.1.gz because associated file /usr/share/man/man1/xzmore.1.gz (of link group lzma) doesn't exist
#7 58.60 update-alternatives: warning: skip creation of /usr/share/man/man1/lzless.1.gz because associated file /usr/share/man/man1/xzless.1.gz (of link group lzma) doesn't exist
#7 58.60 update-alternatives: warning: skip creation of /usr/share/man/man1/lzdiff.1.gz because associated file /usr/share/man/man1/xzdiff.1.gz (of link group lzma) doesn't exist
#7 58.60 update-alternatives: warning: skip creation of /usr/share/man/man1/lzcmp.1.gz because associated file /usr/share/man/man1/xzcmp.1.gz (of link group lzma) doesn't exist
#7 58.60 update-alternatives: warning: skip creation of /usr/share/man/man1/lzgrep.1.gz because associated file /usr/share/man/man1/xzgrep.1.gz (of link group lzma) doesn't exist
#7 58.60 update-alternatives: warning: skip creation of /usr/share/man/man1/lzegrep.1.gz because associated file /usr/share/man/man1/xzegrep.1.gz (of link group lzma) doesn't exist
#7 58.60 update-alternatives: warning: skip creation of /usr/share/man/man1/lzfgrep.1.gz because associated file /usr/share/man/man1/xzfgrep.1.gz (of link group lzma) doesn't exist
#7 58.61 Setting up libquadmath0:amd64 (12.3.0-1ubuntu1~22.04.2) ...
#7 58.62 Setting up libssl-dev:amd64 (3.0.2-0ubuntu1.20) ...
#7 58.63 Setting up libpng16-16:amd64 (1.6.37-3build5) ...
#7 58.67 Setting up libmpc3:amd64 (1.2.1-2build1) ...
#7 58.70 Setting up libatomic1:amd64 (12.3.0-1ubuntu1~22.04.2) ...
#7 58.73 Setting up patch (2.7.6-7build2) ...
#7 58.77 Setting up binfmt-support (2.2.1-2) ...
#7 58.85 invoke-rc.d: could not determine current runlevel
#7 58.86 invoke-rc.d: policy-rc.d denied execution of restart.
#7 59.06 Setting up libjsoncpp25:amd64 (1.9.5-3) ...
#7 59.10 Setting up fonts-dejavu-core (2.37-2build1) ...
#7 59.28 Setting up ucf (3.0043) ...
#7 59.44 Setting up libjpeg-turbo8:amd64 (2.1.2-0ubuntu1) ...
#7 59.48 Setting up libgc1:amd64 (1:8.0.6-1.1build1) ...
#7 59.51 Setting up libsasl2-2:amd64 (2.1.27+dfsg2-3ubuntu1.2) ...
#7 59.55 Setting up libssh-4:amd64 (0.9.6-2ubuntu0.22.04.5) ...
#7 59.59 Setting up libwebp7:amd64 (1.2.2-2ubuntu0.22.04.2) ...
#7 59.62 Setting up libubsan1:amd64 (12.3.0-1ubuntu1~22.04.2) ...
#7 59.66 Setting up libmd0:amd64 (1.0.4-1build1) ...
#7 59.69 Setting up libnsl-dev:amd64 (1.3.0-2build2) ...
#7 59.73 Setting up librhash0:amd64 (1.4.2-1ubuntu1) ...
#7 59.77 Setting up libcrypt-dev:amd64 (1:4.4.27-1) ...
#7 59.80 Setting up libmpdec3:amd64 (2.5.1-2build2) ...
#7 59.84 Setting up libc6-i386 (2.35-0ubuntu3.11) ...
#7 59.89 Setting up git-man (1:2.34.1-1ubuntu1.15) ...
#7 59.92 Setting up netbase (6.3) ...
#7 60.01 Setting up cmake-data (3.22.1-1ubuntu1.22.04.2) ...
#7 60.10 Setting up libbinutils:amd64 (2.38-4ubuntu2.10) ...
#7 60.13 Setting up libfido2-1:amd64 (1.10.0-1) ...
#7 60.17 Setting up libisl23:amd64 (0.24-2build1) ...
#7 60.24 Setting up libc-dev-bin (2.35-0ubuntu3.11) ...
#7 60.27 Setting up openssl (3.0.2-0ubuntu1.20) ...
#7 60.32 Setting up libbsd0:amd64 (0.11.5-1) ...
#7 60.35 Setting up readline-common (8.1.2-1) ...
#7 60.39 Setting up publicsuffix (20211207.1025-1) ...
#7 60.43 Setting up libcc1-0:amd64 (12.3.0-1ubuntu1~22.04.2) ...
#7 60.47 Setting up liblocale-gettext-perl (1.07-4build3) ...
#7 60.50 Setting up liblsan0:amd64 (12.3.0-1ubuntu1~22.04.2) ...
#7 60.54 Setting up libitm1:amd64 (12.3.0-1ubuntu1~22.04.2) ...
#7 60.57 Setting up libgdbm6:amd64 (1.23-1) ...
#7 60.61 Setting up libicu70:amd64 (70.1-2) ...
#7 60.65 Setting up libtsan0:amd64 (11.4.0-1ubuntu1~22.04.2) ...
#7 60.68 Setting up libctf0:amd64 (2.38-4ubuntu2.10) ...
#7 60.72 Setting up libjpeg8:amd64 (8c-2ubuntu10) ...
#7 60.75 Setting up pinentry-curses (1.1.1-1build2) ...
#7 60.80 Setting up cpp-11 (11.4.0-1ubuntu1~22.04.2) ...
#7 60.84 Setting up libz3-dev:amd64 (4.8.12-1) ...
#7 60.87 Setting up manpages-dev (5.10-1ubuntu1) ...
#7 60.91 Setting up libxdmcp6:amd64 (1:1.1.3-0ubuntu5) ...
#7 60.94 Setting up libxcb1:amd64 (1.14-3ubuntu3) ...
#7 60.98 Setting up fontconfig-config (2.13.1-4.2ubuntu5) ...
#7 61.50 Setting up libedit2:amd64 (3.1-20210910-1build1) ...
#7 61.54 Setting up libreadline8:amd64 (8.1.2-1) ...
#7 61.58 Setting up libobjc4:amd64 (12.3.0-1ubuntu1~22.04.2) ...
#7 61.61 Setting up libldap-2.5-0:amd64 (2.5.19+dfsg-0ubuntu0.22.04.1) ...
#7 61.65 Setting up libpython3.10-stdlib:amd64 (3.10.12-1~22.04.11) ...
#7 61.68 Setting up ca-certificates (20240203~22.04.1) ...
#7 62.42 Updating certificates in /etc/ssl/certs...
#7 63.32 146 added, 0 removed; done.
#7 63.39 Setting up libfreetype6:amd64 (2.11.1+dfsg-1ubuntu0.3) ...
#7 63.43 Setting up lib32gcc-s1 (12.3.0-1ubuntu1~22.04.2) ...
#7 63.46 Setting up lib32stdc++6 (12.3.0-1ubuntu1~22.04.2) ...
#7 63.50 Setting up icu-devtools (70.1-2) ...
#7 63.53 Setting up libgdbm-compat4:amd64 (1.23-1) ...
#7 63.57 Setting up libgcc-11-dev:amd64 (11.4.0-1ubuntu1~22.04.2) ...
#7 63.60 Setting up cpp (4:11.2.0-1ubuntu1) ...
#7 63.65 Setting up gpgconf (2.2.27-3ubuntu2.4) ...
#7 63.69 Setting up libcurl4:amd64 (7.81.0-1ubuntu1.21) ...
#7 63.73 Setting up libc6-dev:amd64 (2.35-0ubuntu3.11) ...
#7 63.76 Setting up libx11-6:amd64 (2:1.7.5-1ubuntu0.3) ...
#7 63.80 Setting up libtiff5:amd64 (4.3.0-6ubuntu0.12) ...
#7 63.83 Setting up curl (7.81.0-1ubuntu1.21) ...
#7 63.87 Setting up libfontconfig1:amd64 (2.13.1-4.2ubuntu5) ...
#7 63.90 Setting up libicu-dev:amd64 (70.1-2) ...
#7 63.94 Setting up libxml2:amd64 (2.9.13+dfsg-1ubuntu0.10) ...
#7 63.97 Setting up libxmuu1:amd64 (2:1.1.3-3) ...
#7 64.01 Setting up gpg (2.2.27-3ubuntu2.4) ...
#7 64.05 Setting up libpython3-stdlib:amd64 (3.10.6-1~22.04.1) ...
#7 64.08 Setting up gnupg-utils (2.2.27-3ubuntu2.4) ...
#7 64.12 Setting up binutils-x86-64-linux-gnu (2.38-4ubuntu2.10) ...
#7 64.15 Setting up libperl5.34:amd64 (5.34.0-3ubuntu1.5) ...
#7 64.18 Setting up libncurses-dev:amd64 (6.3-2ubuntu0.1) ...
#7 64.22 Setting up gpg-agent (2.2.27-3ubuntu2.4) ...
#7 64.89 Setting up python3.10 (3.10.12-1~22.04.11) ...
#7 65.64 Setting up libxpm4:amd64 (1:3.5.12-1ubuntu0.22.04.2) ...
#7 65.66 Setting up libarchive13:amd64 (3.6.0-1ubuntu1.5) ...
#7 65.71 Setting up openssh-client (1:8.9p1-3ubuntu0.13) ...
#7 65.84 update-alternatives: using /usr/bin/ssh to provide /usr/bin/rsh (rsh) in auto mode
#7 65.84 update-alternatives: warning: skip creation of /usr/share/man/man1/rsh.1.gz because associated file /usr/share/man/man1/ssh.1.gz (of link group rsh) doesn't exist
#7 65.85 update-alternatives: using /usr/bin/slogin to provide /usr/bin/rlogin (rlogin) in auto mode
#7 65.85 update-alternatives: warning: skip creation of /usr/share/man/man1/rlogin.1.gz because associated file /usr/share/man/man1/slogin.1.gz (of link group rlogin) doesn't exist
#7 65.86 update-alternatives: using /usr/bin/scp to provide /usr/bin/rcp (rcp) in auto mode
#7 65.86 update-alternatives: warning: skip creation of /usr/share/man/man1/rcp.1.gz because associated file /usr/share/man/man1/scp.1.gz (of link group rcp) doesn't exist
#7 65.89 Setting up gpgsm (2.2.27-3ubuntu2.4) ...
#7 65.92 Setting up libxext6:amd64 (2:1.3.4-1build1) ...
#7 65.96 Setting up libobjc-11-dev:amd64 (11.4.0-1ubuntu1~22.04.2) ...
#7 66.00 Setting up libcurl3-gnutls:amd64 (7.81.0-1ubuntu1.21) ...
#7 66.03 Setting up python3 (3.10.6-1~22.04.1) ...
#7 66.19 Setting up binutils (2.38-4ubuntu2.10) ...
#7 66.22 Setting up dirmngr (2.2.27-3ubuntu2.4) ...
#7 66.44 Setting up perl (5.34.0-3ubuntu1.5) ...
#7 66.49 Setting up libxml2-dev:amd64 (2.9.13+dfsg-1ubuntu0.10) ...
#7 66.53 Setting up shared-mime-info (2.1-2) ...
#7 71.85 Setting up libgd3:amd64 (2.3.0-2ubuntu2.3) ...
#7 71.89 Setting up libdpkg-perl (1.21.1ubuntu2.6) ...
#7 71.92 Setting up libstdc++-11-dev:amd64 (11.4.0-1ubuntu1~22.04.2) ...
#7 71.96 Setting up gpg-wks-server (2.2.27-3ubuntu2.4) ...
#7 72.02 Setting up libllvm14:amd64 (1:14.0.0-1ubuntu1.1) ...
#7 72.06 Setting up gcc-11 (11.4.0-1ubuntu1~22.04.2) ...
#7 72.09 Setting up xauth (1:1.1-1build2) ...
#7 72.13 Setting up cmake (3.22.1-1ubuntu1.22.04.2) ...
#7 72.17 Setting up llvm-14-linker-tools (1:14.0.0-1ubuntu1.1) ...
#7 72.20 Setting up libc-devtools (2.35-0ubuntu3.11) ...
#7 72.24 Setting up python3-pkg-resources (59.6.0-1.2ubuntu0.22.04.3) ...
#7 72.50 Setting up libtinfo-dev:amd64 (6.3-2ubuntu0.1) ...
#7 72.53 Setting up gpg-wks-client (2.2.27-3ubuntu2.4) ...
#7 72.57 Setting up g++-11 (11.4.0-1ubuntu1~22.04.2) ...
#7 72.60 Setting up libfile-fcntllock-perl (0.22-3build7) ...
#7 72.64 Setting up libalgorithm-diff-perl (1.201-1) ...
#7 72.67 Setting up libclang1-14 (1:14.0.0-1ubuntu1.1) ...
#7 72.71 Setting up python3-yaml (5.4.1-1ubuntu1) ...
#7 72.93 Setting up gcc (4:11.2.0-1ubuntu1) ...
#7 72.99 Setting up dpkg-dev (1.21.1ubuntu2.6) ...
#7 73.05 Setting up liberror-perl (0.17029-1) ...
#7 73.08 Setting up python3-pygments (2.11.2+dfsg-2ubuntu0.1) ...
#7 73.80 Setting up llvm-14-runtime (1:14.0.0-1ubuntu1.1) ...
#7 73.84 Setting up libclang-common-14-dev (1:14.0.0-1ubuntu1.1) ...
#7 73.87 Setting up pkg-config (0.29.2-1ubuntu3) ...
#7 73.97 Setting up libclang-cpp14 (1:14.0.0-1ubuntu1.1) ...
#7 74.00 Setting up git (1:2.34.1-1ubuntu1.15) ...
#7 74.05 Setting up g++ (4:11.2.0-1ubuntu1) ...
#7 74.09 update-alternatives: using /usr/bin/g++ to provide /usr/bin/c++ (c++) in auto mode
#7 74.09 update-alternatives: warning: skip creation of /usr/share/man/man1/c++.1.gz because associated file /usr/share/man/man1/g++.1.gz (of link group c++) doesn't exist
#7 74.10 Setting up libclang-14-dev (1:14.0.0-1ubuntu1.1) ...
#7 74.12 Setting up gnupg (2.2.27-3ubuntu2.4) ...
#7 74.13 Setting up build-essential (12.9ubuntu3) ...
#7 74.14 Setting up libalgorithm-diff-xs-perl (0.04-6build3) ...
#7 74.19 Setting up libalgorithm-merge-perl (0.08-3) ...
#7 74.22 Setting up llvm-14 (1:14.0.0-1ubuntu1.1) ...
#7 74.25 Setting up llvm-14-tools (1:14.0.0-1ubuntu1.1) ...
#7 74.29 Setting up clang-14 (1:14.0.0-1ubuntu1.1) ...
#7 74.32 Setting up libclang-dev (1:14.0-55~exp2) ...
#7 74.36 Setting up clang (1:14.0-55~exp2) ...
#7 74.43 Setting up llvm-14-dev (1:14.0.0-1ubuntu1.1) ...
#7 74.47 Processing triggers for libc-bin (2.35-0ubuntu3.11) ...
#7 74.53 Processing triggers for ca-certificates (20240203~22.04.1) ...
#7 74.55 Updating certificates in /etc/ssl/certs...
#7 75.23 0 added, 0 removed; done.
#7 75.23 Running hooks in /etc/ca-certificates/update.d...
#7 75.23 done.
#7 DONE 77.6s

#11 [quiche-builder 3/6] RUN curl --proto '=https' --tlsv1.2 -sSf https://sh.rustup.rs | sh -s -- -y
#11 0.527 info: downloading installer
#11 1.369 info: profile set to 'default'
#11 1.369 info: default host triple is x86_64-unknown-linux-gnu
#11 1.369 info: syncing channel updates for 'stable-x86_64-unknown-linux-gnu'
#11 1.908 info: latest update on 2025-11-10, rust version 1.91.1 (ed61e7d7e 2025-11-07)
#11 1.908 info: downloading component 'cargo'
#11 3.049 info: downloading component 'clippy'
#11 3.452 info: downloading component 'rust-docs'
#11 4.239 info: downloading component 'rust-std'
#11 5.237 info: downloading component 'rustc'
#11 7.402 info: downloading component 'rustfmt'
#11 7.716 info: installing component 'cargo'
#11 8.745 info: installing component 'clippy'
#11 9.268 info: installing component 'rust-docs'
#11 11.97 info: installing component 'rust-std'
#11 14.75 info: installing component 'rustc'
#11 21.33 info: installing component 'rustfmt'
#11 21.75 
#11 21.75 info: default toolchain set to 'stable-x86_64-unknown-linux-gnu'
#11 21.76   stable-x86_64-unknown-linux-gnu installed - rustc 1.91.1 (ed61e7d7e 2025-11-07)
#11 21.76 
#11 21.76 
#11 21.76 Rust is installed now. Great!
#11 21.76 
#11 21.76 To get started you may need to restart your current shell.
#11 21.76 This would reload your PATH environment variable to include
#11 21.76 Cargo's bin directory ($HOME/.cargo/bin).
#11 21.76 
#11 21.76 To configure your current shell, you need to source
#11 21.76 the corresponding env file under $HOME/.cargo.
#11 21.76 
#11 21.76 This is usually done by running one of the following (note the leading DOT):
#11 21.76 . "$HOME/.cargo/env"            # For sh/bash/zsh/ash/dash/pdksh
#11 21.76 source "$HOME/.cargo/env.fish"  # For fish
#11 21.76 source $"($nu.home-path)/.cargo/env.nu"  # For nushell
#11 DONE 26.3s

#12 [quiche-builder 4/6] WORKDIR /build
#12 DONE 0.1s

#13 [quiche-builder 5/6] COPY deps/quiche /build/deps/quiche
#13 DONE 14.4s

#14 [quiche-builder 6/6] RUN cd deps/quiche &&     cargo build --release --features ffi,pkg-config-meta
#14 0.607     Updating crates.io index
#14 2.803  Downloading crates ...
#14 3.025   Downloaded anstyle-parse v0.2.7
#14 3.033   Downloaded anstyle v1.0.13
#14 3.076   Downloaded anstream v0.6.21
#14 3.085   Downloaded addr2line v0.25.1
#14 3.089   Downloaded cdylib-link-lines v0.1.5
#14 3.092   Downloaded adler2 v2.0.1
#14 3.095   Downloaded anstyle-query v1.1.4
#14 3.115   Downloaded anyhow v1.0.100
#14 3.124   Downloaded atty v0.2.14
#14 3.127   Downloaded autocfg v1.5.0
#14 3.132   Downloaded cfg_aliases v0.2.1
#14 3.134   Downloaded cf-rustracing v1.2.1
#14 3.138   Downloaded iana-time-zone v0.1.64
#14 3.144   Downloaded cfg-if v1.0.4
#14 3.147   Downloaded async-trait v0.1.89
#14 3.156   Downloaded foreign-types-macros v0.2.3
#14 3.159   Downloaded atomic-waker v1.1.2
#14 3.163   Downloaded arrayvec v0.7.6
#14 3.167   Downloaded crossbeam-queue v0.3.12
#14 3.170   Downloaded equivalent v1.0.2
#14 3.173   Downloaded foreign-types-shared v0.3.1
#14 3.175   Downloaded debug_panic v0.2.1
#14 3.177   Downloaded hyper-timeout v0.5.2
#14 3.181   Downloaded http-body v1.0.1
#14 3.184   Downloaded hostname v0.4.1
#14 3.190   Downloaded futures-timer v3.0.3
#14 3.195   Downloaded rustversion v1.0.22
#14 3.204   Downloaded nonzero_ext v0.3.0
#14 3.214   Downloaded scopeguard v1.2.0
#14 3.218   Downloaded serde_path_to_error v0.1.20
#14 3.223   Downloaded is-terminal v0.4.17
#14 3.225   Downloaded sfv v0.9.4
#14 3.229   Downloaded signal-hook-mio v0.2.5
#14 3.232   Downloaded slog-async v2.8.0
#14 3.236   Downloaded signal-hook v0.3.18
#14 3.243   Downloaded schemars v1.1.0
#14 3.275   Downloaded slog-scope v4.4.0
#14 3.278   Downloaded smallvec v1.15.1
#14 3.282   Downloaded socket2 v0.6.1
#14 3.285   Downloaded rustix v1.1.2
#14 3.333   Downloaded trackable_derive v1.0.0
#14 3.336   Downloaded rustc-demangle v0.1.26
#14 3.339   Downloaded pin-project v1.1.10
#14 3.361   Downloaded strsim v0.11.1
#14 3.364   Downloaded strsim v0.10.0
#14 3.366   Downloaded prometheus-client v0.18.1
#14 3.371   Downloaded log v0.4.28
#14 3.375   Downloaded neli v0.6.5
#14 3.379   Downloaded zerovec-derive v0.11.2
#14 3.382   Downloaded proc-macro2 v1.0.103
#14 3.387   Downloaded icu_properties v2.1.1
#14 3.390   Downloaded icu_normalizer_data v2.1.1
#14 3.394   Downloaded procfs v0.17.0
#14 3.406   Downloaded triomphe v0.1.15
#14 3.415   Downloaded rand v0.8.5
#14 3.426   Downloaded textwrap v0.16.2
#14 3.433   Downloaded termcolor v1.4.1
#14 3.436   Downloaded synstructure v0.13.2
#14 3.439   Downloaded take_mut v0.2.2
#14 3.441   Downloaded nom v7.1.3
#14 3.451   Downloaded thread_local v1.1.9
#14 3.455   Downloaded tokio-macros v2.6.0
#14 3.457   Downloaded tower-service v0.3.3
#14 3.458   Downloaded tokio-stream v0.1.17
#14 3.467   Downloaded tracing-attributes v0.1.30
#14 3.471   Downloaded trackable v1.3.0
#14 3.474   Downloaded tracing-core v0.1.34
#14 3.478   Downloaded idna v1.1.0
#14 3.485   Downloaded zerofrom v0.1.6
#14 3.487   Downloaded yoke-derive v0.8.1
#14 3.488   Downloaded untrusted v0.9.0
#14 3.491   Downloaded yaml-rust v0.4.5
#14 3.496   Downloaded zerofrom-derive v0.1.6
#14 3.497   Downloaded yoke v0.8.1
#14 3.500   Downloaded proptest v1.9.0
#14 3.516   Downloaded syn v1.0.109
#14 3.531   Downloaded time v0.3.44
#14 3.544   Downloaded tower v0.5.2
#14 3.560   Downloaded syn v2.0.109
#14 3.577   Downloaded opentelemetry_sdk v0.31.0
#14 3.591   Downloaded portable-atomic v1.11.1
#14 3.602   Downloaded zerotrie v0.2.3
#14 3.607   Downloaded url v2.5.7
#14 3.611   Downloaded object v0.37.3
#14 3.628   Downloaded unicode-segmentation v1.12.0
#14 3.633   Downloaded nix v0.30.1
#14 3.651   Downloaded unicode-width v0.2.2
#14 3.659   Downloaded tracing v0.1.41
#14 3.665   Downloaded zerovec v0.11.5
#14 3.674   Downloaded tonic v0.14.2
#14 3.683   Downloaded tokio-util v0.7.17
#14 3.696   Downloaded tokio v1.48.0
#14 3.759   Downloaded regex-syntax v0.8.8
#14 3.770   Downloaded yaml-merge-keys v0.5.1
#14 3.773   Downloaded serde_with v3.15.1
#14 3.793   Downloaded zerocopy v0.8.27
#14 3.831   Downloaded utf8_iter v1.0.4
#14 3.832   Downloaded typeid v1.0.3
#14 3.834   Downloaded unicode-ident v1.0.22
#14 3.838   Downloaded unarray v0.1.4
#14 3.840   Downloaded regex-automata v0.4.13
#14 3.864   Downloaded jiff v0.2.15
#14 3.887   Downloaded try-lock v0.2.5
#14 3.888   Downloaded libc v0.2.177
#14 3.929   Downloaded boring-sys v4.19.0
#14 4.264   Downloaded writeable v0.6.2
#14 4.267   Downloaded want v0.3.1
#14 4.268   Downloaded utf8parse v0.2.2
#14 4.270   Downloaded icu_properties_data v2.1.1
#14 4.284   Downloaded regex v1.12.2
#14 4.294   Downloaded libm v0.2.15
#14 4.312   Downloaded hyper v1.7.0
#14 4.322   Downloaded tower-layer v0.3.3
#14 4.324   Downloaded tonic-prost v0.14.2
#14 4.325   Downloaded tinystr v0.8.2
#14 4.328   Downloaded itertools v0.13.0
#14 4.338   Downloaded rust_decimal v1.39.0
#14 4.348   Downloaded itertools v0.14.0
#14 4.359   Downloaded time-macros v0.2.24
#14 4.362   Downloaded time-core v0.1.6
#14 4.364   Downloaded thrift_codec v0.3.2
#14 4.367   Downloaded thiserror-impl v2.0.17
#14 4.369   Downloaded thiserror-impl v1.0.69
#14 4.371   Downloaded thiserror v2.0.17
#14 4.381   Downloaded thiserror v1.0.69
#14 4.389   Downloaded term v1.2.0
#14 4.394   Downloaded raw-cpuid v11.6.0
#14 4.399   Downloaded mio v1.1.0
#14 4.408   Downloaded sync_wrapper v1.0.2
#14 4.409   Downloaded inquire v0.9.1
#14 4.419   Downloaded indexmap v2.12.0
#14 4.425   Downloaded stable_deref_trait v1.2.1
#14 4.427   Downloaded rand v0.9.2
#14 4.432   Downloaded prometheus v0.14.0
#14 4.440   Downloaded minimal-lexical v0.2.1
#14 4.447   Downloaded memchr v2.7.6
#14 4.456   Downloaded procfs-core v0.17.0
#14 4.461   Downloaded opentelemetry-proto v0.31.0
#14 4.465   Downloaded opentelemetry v0.31.0
#14 4.472   Downloaded indexmap v1.9.3
#14 4.477   Downloaded miniz_oxide v0.8.9
#14 4.481   Downloaded http v1.3.1
#14 4.486   Downloaded ring v0.17.14
#14 4.551   Downloaded spinning_top v0.3.0
#14 4.553   Downloaded slog-term v2.9.2
#14 4.557   Downloaded slog-json v2.6.1
#14 4.559   Downloaded parking_lot v0.12.5
#14 4.563   Downloaded os_str_bytes v6.6.1
#14 4.566   Downloaded num-traits v0.2.19
#14 4.570   Downloaded litrs v1.0.0
#14 4.575   Downloaded intrusive-collections v0.9.7
#14 4.578   Downloaded icu_provider v2.1.1
#14 4.582   Downloaded icu_normalizer v2.1.1
#14 4.587   Downloaded rand_core v0.9.3
#14 4.589   Downloaded rand_core v0.6.4
#14 4.591   Downloaded rand_chacha v0.9.0
#14 4.593   Downloaded quote v1.0.42
#14 4.597   Downloaded quanta v0.12.6
#14 4.601   Downloaded prost v0.14.1
#14 4.603   Downloaded pin-project-lite v0.2.16
#14 4.612   Downloaded pin-project-internal v1.1.10
#14 4.614   Downloaded parking_lot_core v0.9.12
#14 4.617   Downloaded once_cell v1.21.3
#14 4.621   Downloaded memoffset v0.9.1
#14 4.623   Downloaded lock_api v0.4.14
#14 4.625   Downloaded local-ip-address v0.6.5
#14 4.628   Downloaded litemap v0.8.1
#14 4.631   Downloaded libloading v0.8.9
#14 4.635   Downloaded idna_adapter v1.2.1
#14 4.636   Downloaded icu_locale_core v2.1.1
#14 4.646   Downloaded hyper-util v0.1.17
#14 4.655   Downloaded httparse v1.10.1
#14 4.659   Downloaded slog-stdlog v4.1.1
#14 4.661   Downloaded rustc-hash v2.1.1
#14 4.663   Downloaded ref-cast-impl v1.0.25
#14 4.665   Downloaded ref-cast v1.0.25
#14 4.670   Downloaded rand_xorshift v0.4.0
#14 4.672   Downloaded rand_chacha v0.3.1
#14 4.673   Downloaded linux-raw-sys v0.4.15
#14 4.744   Downloaded prost-derive v0.14.1
#14 4.746   Downloaded prometools v0.2.2
#14 4.748   Downloaded ppv-lite86 v0.2.21
#14 4.750   Downloaded powerfmt v0.2.0
#14 4.752   Downloaded potential_utf v0.1.4
#14 4.753   Downloaded pin-utils v0.1.0
#14 4.755   Downloaded percent-encoding v2.3.2
#14 4.756   Downloaded openssl-macros v0.1.1
#14 4.757   Downloaded no-std-compat v0.4.1
#14 4.759   Downloaded neli-proc-macros v0.1.4
#14 4.760   Downloaded multimap v0.10.1
#14 4.762   Downloaded linked-hash-map v0.5.6
#14 4.763   Downloaded icu_collections v2.1.1
#14 4.773   Downloaded serde_json v1.0.145
#14 4.784   Downloaded serde v1.0.228
#14 4.789   Downloaded rustix v0.38.44
#14 4.828   Downloaded h2 v0.4.12
#14 4.838   Downloaded gimli v0.32.3
#14 4.848   Downloaded futures-util v0.3.31
#14 4.868   Downloaded foundations v5.2.0
#14 4.910   Downloaded clap v3.2.25
#14 4.930   Downloaded chrono v0.4.42
#14 4.940   Downloaded boring v4.19.0
#14 4.952   Downloaded bindgen v0.72.1
#14 4.963   Downloaded slog v2.8.2
#14 4.968   Downloaded lazy_static v1.5.0
#14 4.970   Downloaded is_terminal_polyfill v1.70.2
#14 4.972   Downloaded ipnetwork v0.20.0
#14 4.974   Downloaded hashbrown v0.14.5
#14 4.981   Downloaded governor v0.6.3
#14 4.987   Downloaded hashbrown v0.16.0
#14 4.995   Downloaded crossterm v0.29.0
#14 5.005   Downloaded ident_case v1.0.1
#14 5.006   Downloaded linux-raw-sys v0.11.0
#14 5.090   Downloaded slab v0.4.11
#14 5.092   Downloaded signal-hook-registry v1.4.6
#14 5.094   Downloaded shlex v1.3.0
#14 5.095   Downloaded serde_yaml v0.8.26
#14 5.099   Downloaded prometheus-client-derive-text-encode v0.3.0
#14 5.100   Downloaded hashbrown v0.12.3
#14 5.105   Downloaded crossbeam-channel v0.5.15
#14 5.111   Downloaded aho-corasick v1.1.4
#14 5.119   Downloaded serde_derive v1.0.228
#14 5.124   Downloaded serde_core v1.0.228
#14 5.128   Downloaded schemars v0.9.0
#14 5.149   Downloaded serde_with_macros v3.15.1
#14 5.152   Downloaded num-conv v0.1.0
#14 5.153   Downloaded getrandom v0.3.4
#14 5.158   Downloaded derive_more-impl v2.0.1
#14 5.165   Downloaded derive_more v2.0.1
#14 5.180   Downloaded darling_core v0.21.3
#14 5.188   Downloaded cf-rustracing-jaeger v1.2.2
#14 5.191   Downloaded cc v1.2.45
#14 5.196   Downloaded bytes v1.10.1
#14 5.202   Downloaded backtrace v0.3.76
#14 5.209   Downloaded ryu v1.0.20
#14 5.214   Downloaded futures v0.3.31
#14 5.221   Downloaded foreign-types v0.5.0
#14 5.222   Downloaded darling v0.21.3
#14 5.230   Downloaded crossbeam-utils v0.8.21
#14 5.234   Downloaded crossbeam-epoch v0.9.18
#14 5.238   Downloaded base64 v0.22.1
#14 5.243   Downloaded getrandom v0.2.16
#14 5.248   Downloaded futures-channel v0.3.31
#14 5.250   Downloaded find-msvc-tools v0.1.4
#14 5.253   Downloaded env_logger v0.11.8
#14 5.256   Downloaded enum_dispatch v0.3.13
#14 5.261   Downloaded docopt v1.1.1
#14 5.264   Downloaded deranged v0.5.5
#14 5.266   Downloaded dashmap v6.1.0
#14 5.270   Downloaded const-hex v1.17.0
#14 5.273   Downloaded itoa v1.0.15
#14 5.275   Downloaded futures-macro v0.3.31
#14 5.276   Downloaded fs_extra v1.3.0
#14 5.279   Downloaded dashmap v5.5.3
#14 5.282   Downloaded http-body-util v0.1.3
#14 5.285   Downloaded fuzzy-matcher v0.3.7
#14 5.287   Downloaded futures-task v0.3.31
#14 5.288   Downloaded futures-sink v0.3.31
#14 5.290   Downloaded futures-io v0.3.31
#14 5.291   Downloaded futures-executor v0.3.31
#14 5.293   Downloaded either v1.15.0
#14 5.295   Downloaded dyn-clone v1.0.20
#14 5.297   Downloaded dtoa v1.0.10
#14 5.299   Downloaded displaydoc v0.2.5
#14 5.304   Downloaded futures-core v0.3.31
#14 5.306   Downloaded fslock v0.2.1
#14 5.308   Downloaded foundations-macros v5.2.0
#14 5.310   Downloaded form_urlencoded v1.2.2
#14 5.311   Downloaded data-encoding v2.9.0
#14 5.313   Downloaded cmake v0.1.54
#14 5.315   Downloaded clang-sys v1.8.1
#14 5.318   Downloaded bitflags v2.10.0
#14 5.324   Downloaded glob v0.3.3
#14 5.327   Downloaded fnv v1.0.7
#14 5.328   Downloaded erased-serde v0.4.9
#14 5.331   Downloaded env_filter v0.1.4
#14 5.333   Downloaded document-features v0.2.12
#14 5.335   Downloaded cpufeatures v0.2.17
#14 5.337   Downloaded convert_case v0.7.1
#14 5.339   Downloaded hex v0.4.3
#14 5.342   Downloaded errno v0.3.14
#14 5.344   Downloaded erased-serde v0.3.31
#14 5.347   Downloaded crossbeam v0.8.4
#14 5.349   Downloaded colorchoice v1.0.4
#14 5.350   Downloaded byteorder v1.5.0
#14 5.353   Downloaded darling_macro v0.21.3
#14 5.353   Downloaded clap_lex v0.2.4
#14 5.355   Downloaded arc-swap v1.7.1
#14 5.360   Downloaded cexpr v0.6.0
#14 5.363   Downloaded bitflags v1.3.2
#14 5.679    Compiling proc-macro2 v1.0.103
#14 5.679    Compiling unicode-ident v1.0.22
#14 5.679    Compiling quote v1.0.42
#14 5.679    Compiling libc v0.2.177
#14 5.679    Compiling serde_core v1.0.228
#14 5.679    Compiling serde v1.0.228
#14 5.684    Compiling cfg-if v1.0.4
#14 5.690    Compiling memchr v2.7.6
#14 5.693    Compiling log v0.4.28
#14 5.698    Compiling autocfg v1.5.0
#14 5.703    Compiling itoa v1.0.15
#14 5.705    Compiling pin-project-lite v0.2.16
#14 5.705    Compiling either v1.15.0
#14 5.707    Compiling slab v0.4.11
#14 5.710    Compiling equivalent v1.0.2
#14 5.715    Compiling hashbrown v0.16.0
#14 5.718    Compiling bytes v1.10.1
#14 5.720    Compiling futures-core v0.3.31
#14 5.720    Compiling bitflags v2.10.0
#14 5.727    Compiling stable_deref_trait v1.2.1
#14 5.727    Compiling shlex v1.3.0
#14 5.727    Compiling futures-sink v0.3.31
#14 5.730    Compiling once_cell v1.21.3
#14 5.731    Compiling find-msvc-tools v0.1.4
#14 5.946    Compiling futures-channel v0.3.31
#14 5.950    Compiling futures-io v0.3.31
#14 5.954    Compiling futures-task v0.3.31
#14 5.959    Compiling pin-utils v0.1.0
#14 5.960    Compiling scopeguard v1.2.0
#14 5.992    Compiling glob v0.3.3
#14 6.040    Compiling cc v1.2.45
#14 6.046    Compiling ryu v1.0.20
#14 6.050    Compiling parking_lot_core v0.9.12
#14 6.086    Compiling lock_api v0.4.14
#14 6.090    Compiling ident_case v1.0.1
#14 6.113    Compiling crossbeam-utils v0.8.21
#14 6.118    Compiling syn v1.0.109
#14 6.138    Compiling strsim v0.11.1
#14 6.168    Compiling fnv v1.0.7
#14 6.201    Compiling minimal-lexical v0.2.1
#14 6.235    Compiling zerocopy v0.8.27
#14 6.273    Compiling regex-syntax v0.8.8
#14 6.293    Compiling serde_json v1.0.145
#14 6.372    Compiling percent-encoding v2.3.2
#14 6.386    Compiling tracing-core v0.1.34
#14 6.396    Compiling libloading v0.8.9
#14 6.412    Compiling num-traits v0.2.19
#14 6.451    Compiling litemap v0.8.1
#14 6.491    Compiling writeable v0.6.2
#14 6.525    Compiling clang-sys v1.8.1
#14 6.534    Compiling bindgen v0.72.1
#14 6.541    Compiling itertools v0.13.0
#14 6.603    Compiling icu_normalizer_data v2.1.1
#14 6.609    Compiling icu_properties_data v2.1.1
#14 6.617    Compiling rustversion v1.0.22
#14 6.771    Compiling rustc-hash v2.1.1
#14 6.807    Compiling http v1.3.1
#14 6.826    Compiling aho-corasick v1.1.4
#14 6.828    Compiling memoffset v0.9.1
#14 6.874    Compiling fs_extra v1.3.0
#14 6.921    Compiling lazy_static v1.5.0
#14 6.989    Compiling thiserror v2.0.17
#14 6.999    Compiling rust_decimal v1.39.0
#14 6.999    Compiling getrandom v0.3.4
#14 7.009    Compiling nom v7.1.3
#14 7.209    Compiling httparse v1.10.1
#14 7.344    Compiling cmake v0.1.54
#14 7.379    Compiling indexmap v1.9.3
#14 7.385    Compiling atomic-waker v1.1.2
#14 7.556    Compiling arrayvec v0.7.6
#14 7.586    Compiling try-lock v0.2.5
#14 7.602    Compiling syn v2.0.109
#14 7.753    Compiling cdylib-link-lines v0.1.5
#14 7.777    Compiling foreign-types-shared v0.3.1
#14 7.832    Compiling libm v0.2.15
#14 7.886    Compiling want v0.3.1
#14 7.915    Compiling thread_local v1.1.9
#14 7.923    Compiling utf8_iter v1.0.4
#14 7.924    Compiling object v0.37.3
#14 7.925    Compiling slog v2.8.2
#14 8.128    Compiling anyhow v1.0.100
#14 8.135    Compiling tower-service v0.3.3
#14 8.150    Compiling regex-automata v0.4.13
#14 8.224    Compiling data-encoding v2.9.0
#14 8.371    Compiling http-body v1.0.1
#14 8.489    Compiling fslock v0.2.1
#14 8.509    Compiling hashbrown v0.12.3
#14 8.529    Compiling utf8parse v0.2.2
#14 8.636    Compiling anstyle-parse v0.2.7
#14 8.653    Compiling intrusive-collections v0.9.7
#14 8.679    Compiling quiche v0.24.6 (/build/deps/quiche/quiche)
#14 8.728    Compiling ring v0.17.14
#14 8.751    Compiling form_urlencoded v1.2.2
#14 8.979    Compiling unicode-segmentation v1.12.0
#14 9.000    Compiling gimli v0.32.3
#14 9.024    Compiling cfg_aliases v0.2.1
#14 9.053    Compiling anstyle v1.0.13
#14 9.355    Compiling signal-hook v0.3.18
#14 9.385    Compiling adler2 v2.0.1
#14 9.450    Compiling mio v1.1.0
#14 9.535    Compiling socket2 v0.6.1
#14 9.558    Compiling getrandom v0.2.16
#14 9.598    Compiling is_terminal_polyfill v1.70.2
#14 9.609    Compiling debug_panic v0.2.1
#14 9.687    Compiling anstyle-query v1.1.4
#14 9.703    Compiling colorchoice v1.0.4
#14 9.713    Compiling octets v0.3.3 (/build/deps/quiche/octets)
#14 9.782    Compiling cexpr v0.6.0
#14 9.815    Compiling rand_core v0.6.4
#14 9.884    Compiling rand_core v0.9.3
#14 9.945    Compiling strsim v0.10.0
#14 9.963    Compiling anstream v0.6.21
#14 10.05    Compiling ppv-lite86 v0.2.21
#14 10.23    Compiling convert_case v0.7.1
#14 10.42    Compiling miniz_oxide v0.8.9
#14 10.52    Compiling signal-hook-registry v1.4.6
#14 10.70    Compiling regex v1.12.2
#14 10.83    Compiling indexmap v2.12.0
#14 11.00    Compiling rand_chacha v0.9.0
#14 11.08    Compiling rand_chacha v0.3.1
#14 11.12    Compiling nix v0.30.1
#14 11.80    Compiling itertools v0.14.0
#14 11.85    Compiling powerfmt v0.2.0
#14 11.85    Compiling rustix v0.38.44
#14 11.89    Compiling byteorder v1.5.0
#14 12.11    Compiling sync_wrapper v1.0.2
#14 12.23    Compiling jiff v0.2.15
#14 12.26    Compiling hashbrown v0.14.5
#14 12.26    Compiling num-conv v0.1.0
#14 12.31    Compiling time-core v0.1.6
#14 12.33    Compiling untrusted v0.9.0
#14 12.35    Compiling rustix v1.1.2
#14 12.36    Compiling rustc-demangle v0.1.26
#14 12.49    Compiling sfv v0.9.4
#14 12.50    Compiling tower-layer v0.3.3
#14 12.53    Compiling time-macros v0.2.24
#14 12.59    Compiling deranged v0.5.5
#14 12.64    Compiling rand v0.8.5
#14 12.71    Compiling rand v0.9.2
#14 13.01    Compiling http-body-util v0.1.3
#14 13.30    Compiling addr2line v0.25.1
#14 13.42    Compiling procfs v0.17.0
#14 13.44    Compiling litrs v1.0.0
#14 13.46    Compiling base64 v0.22.1
#14 13.69    Compiling linux-raw-sys v0.11.0
#14 14.16    Compiling synstructure v0.13.2
#14 14.22    Compiling darling_core v0.21.3
#14 14.34    Compiling hex v0.4.3
#14 14.39    Compiling linux-raw-sys v0.4.15
#14 14.53    Compiling typeid v1.0.3
#14 14.78    Compiling portable-atomic v1.11.1
#14 14.83    Compiling linked-hash-map v0.5.6
#14 14.84    Compiling thiserror v1.0.69
#14 15.10    Compiling yaml-rust v0.4.5
#14 15.18    Compiling procfs-core v0.17.0
#14 15.28    Compiling time v0.3.44
#14 15.32    Compiling document-features v0.2.12
#14 15.47    Compiling env_filter v0.1.4
#14 15.74    Compiling signal-hook-mio v0.2.5
#14 16.12    Compiling crossbeam-queue v0.3.12
#14 16.25    Compiling crossbeam-epoch v0.9.18
#14 16.36    Compiling raw-cpuid v11.6.0
#14 16.43    Compiling cpufeatures v0.2.17
#14 16.59    Compiling trackable_derive v1.0.0
#14 16.74    Compiling prometheus-client-derive-text-encode v0.3.0
#14 16.90    Compiling erased-serde v0.4.9
#14 17.15    Compiling trackable v1.3.0
#14 17.23    Compiling os_str_bytes v6.6.1
#14 17.25    Compiling slog-async v2.8.0
#14 17.32    Compiling iana-time-zone v0.1.64
#14 17.43    Compiling dtoa v1.0.10
#14 17.56    Compiling serde_derive v1.0.228
#14 17.56    Compiling zerofrom-derive v0.1.6
#14 17.69    Compiling yoke-derive v0.8.1
#14 17.69    Compiling tokio-macros v2.6.0
#14 17.73    Compiling zerovec-derive v0.11.2
#14 17.82    Compiling futures-macro v0.3.31
#14 18.41    Compiling displaydoc v0.2.5
#14 18.72    Compiling tokio v1.48.0
#14 18.79    Compiling tracing-attributes v0.1.30
#14 18.85    Compiling thiserror-impl v2.0.17
#14 19.18    Compiling futures-util v0.3.31
#14 19.45    Compiling foreign-types-macros v0.2.3
#14 19.47    Compiling darling_macro v0.21.3
#14 19.59    Compiling openssl-macros v0.1.1
#14 19.75    Compiling enum_dispatch v0.3.13
#14 19.90    Compiling pin-project-internal v1.1.10
#14 19.95    Compiling env_logger v0.11.8
#14 19.96    Compiling backtrace v0.3.76
#14 19.97    Compiling darling v0.21.3
#14 19.98    Compiling zerofrom v0.1.6
#14 20.03    Compiling serde_with_macros v3.15.1
#14 20.13    Compiling yoke v0.8.1
#14 20.33    Compiling foreign-types v0.5.0
#14 20.40    Compiling zerovec v0.11.5
#14 20.41    Compiling zerotrie v0.2.3
#14 20.97    Compiling derive_more-impl v2.0.1
#14 21.06    Compiling tracing v0.1.41
#14 21.19    Compiling async-trait v0.1.89
#14 21.25    Compiling prost-derive v0.14.1
#14 21.38    Compiling opentelemetry v0.31.0
#14 21.52    Compiling tinystr v0.8.2
#14 21.70    Compiling potential_utf v0.1.4
#14 21.71    Compiling serde_with v3.15.1
#14 21.82    Compiling icu_locale_core v2.1.1
#14 21.89    Compiling icu_collections v2.1.1
#14 21.98    Compiling pin-project v1.1.10
#14 22.08    Compiling thiserror-impl v1.0.69
#14 22.14    Compiling derive_more v2.0.1
#14 22.22    Compiling prometheus v0.14.0
#14 22.55    Compiling quanta v0.12.6
#14 22.73    Compiling chrono v0.4.42
#14 23.34    Compiling icu_provider v2.1.1
#14 24.01    Compiling icu_properties v2.1.1
#14 24.07    Compiling clap_lex v0.2.4
#14 24.19    Compiling futures-executor v0.3.31
#14 24.19    Compiling prost v0.14.1
#14 24.20    Compiling thrift_codec v0.3.2
#14 24.33    Compiling smallvec v1.15.1
#14 24.67    Compiling boring-sys v4.19.0
#14 24.68    Compiling erased-serde v0.3.31
#14 24.71    Compiling neli-proc-macros v0.1.4
#14 24.78    Compiling icu_normalizer v2.1.1
#14 24.80    Compiling opentelemetry_sdk v0.31.0
#14 25.15    Compiling parking_lot v0.12.5
#14 25.17    Compiling dashmap v5.5.3
#14 25.32    Compiling futures v0.3.31
#14 25.41    Compiling qlog v0.15.2 (/build/deps/quiche/qlog)
#14 25.66    Compiling tokio-util v0.7.17
#14 26.03    Compiling idna_adapter v1.2.1
#14 26.17    Compiling idna v1.1.0
#14 26.31    Compiling tokio-stream v0.1.17
#14 26.48    Compiling crossterm v0.29.0
#14 26.48    Compiling neli v0.6.5
#14 26.93    Compiling url v2.5.7
#14 27.39    Compiling h2 v0.4.12
#14 27.60    Compiling tower v0.5.2
#14 27.74    Compiling prometheus-client v0.18.1
#14 27.85    Compiling cf-rustracing v1.2.1
#14 28.09    Compiling docopt v1.1.1
#14 28.29    Compiling serde_yaml v0.8.26
#14 29.14    Compiling crossbeam v0.8.4
#14 29.21    Compiling const-hex v1.17.0
#14 30.65    Compiling local-ip-address v0.6.5
#14 30.89    Compiling hostname v0.4.1
#14 31.33    Compiling is-terminal v0.4.17
#14 31.50    Compiling atty v0.2.14
#14 31.52    Compiling fuzzy-matcher v0.3.7
#14 31.69    Compiling crossbeam-channel v0.5.15
#14 32.42    Compiling spinning_top v0.3.0
#14 32.69    Compiling foundations v5.2.0
#14 33.03    Compiling take_mut v0.2.2
#14 33.05    Compiling bitflags v1.3.2
#14 33.18    Compiling textwrap v0.16.2
#14 33.25    Compiling no-std-compat v0.4.1
#14 33.36    Compiling termcolor v1.4.1
#14 34.87    Compiling unicode-width v0.2.2
#14 34.88    Compiling futures-timer v3.0.3
#14 35.01    Compiling arc-swap v1.7.1
#14 35.36    Compiling dyn-clone v1.0.20
#14 35.53    Compiling term v1.2.0
#14 35.57    Compiling nonzero_ext v0.3.0
#14 35.58    Compiling slog-scope v4.4.0
#14 35.75    Compiling hyper v1.7.0
#14 35.88    Compiling governor v0.6.3
#14 36.13    Compiling slog-term v2.9.2
#14 36.65    Compiling inquire v0.9.1
#14 36.78    Compiling clap v3.2.25
#14 37.31    Compiling cf-rustracing-jaeger v1.2.2
#14 37.40    Compiling yaml-merge-keys v0.5.1
#14 37.96    Compiling hyper-util v0.1.17
#14 38.21    Compiling buffer-pool v0.1.0 (/build/deps/quiche/buffer-pool)
#14 38.92    Compiling prometools v0.2.2
#14 39.00    Compiling slog-json v2.6.1
#14 40.18    Compiling hyper-timeout v0.5.2
#14 40.18    Compiling dashmap v6.1.0
#14 40.50    Compiling tonic v0.14.2
#14 40.72    Compiling multimap v0.10.1
#14 40.91    Compiling foundations-macros v5.2.0
#14 41.03    Compiling serde_path_to_error v0.1.20
#14 41.31    Compiling task-killswitch v0.1.1 (/build/deps/quiche/task-killswitch)
#14 41.38    Compiling datagram-socket v0.5.0 (/build/deps/quiche/datagram-socket)
#14 41.45    Compiling slog-stdlog v4.1.1
#14 41.58    Compiling ipnetwork v0.20.0
#14 41.97    Compiling triomphe v0.1.15
#14 42.00    Compiling netlog v0.1.0 (/build/deps/quiche/netlog)
#14 43.20    Compiling tonic-prost v0.14.2
#14 43.55    Compiling opentelemetry-proto v0.31.0
#14 65.64    Compiling boring v4.19.0
#14 78.12    Compiling quiche_apps v0.1.0 (/build/deps/quiche/apps)
#14 78.12    Compiling h3i v0.5.0 (/build/deps/quiche/h3i)
#14 78.12    Compiling tokio-quiche v0.11.0 (/build/deps/quiche/tokio-quiche)
#14 104.1     Finished `release` profile [optimized + debuginfo] target(s) in 1m 43s
#14 DONE 104.6s

#15 [runtime 3/9] COPY --from=quiche-builder /build/deps/quiche/target/release/libquiche.so /usr/lib/
#15 DONE 0.5s

#16 [tinc-builder 4/9] COPY --from=quiche-builder /build/deps/quiche/target/release/libquiche.so /usr/lib/
#16 DONE 0.5s

#17 [tinc-builder 5/9] COPY --from=quiche-builder /build/deps/quiche/quiche/include/quiche.h /usr/include/
#17 DONE 0.1s

#18 [tinc-builder 6/9] RUN ldconfig
#18 DONE 0.4s

#19 [tinc-builder 7/9] COPY --from=quiche-builder /build/deps/quiche /build/deps/quiche
#19 DONE 23.4s

#20 [tinc-builder 8/9] COPY . /build/
#20 DONE 22.5s

#21 [tinc-builder 9/9] RUN autoreconf -fsi &&     ./configure         --prefix=/usr         --sysconfdir=/etc         --localstatedir=/var         --with-openssl         --enable-maintainer-mode &&     make &&     make install
#21 1.590 sh: 1: git: not found
#21 2.210 sh: 1: git: not found
#21 2.571 sh: 1: git: not found
#21 2.792 configure.ac:17: warning: The macro `AC_PROG_CC_STDC' is obsolete.
#21 2.792 configure.ac:17: You should run autoupdate.
#21 2.792 ./lib/autoconf/c.m4:1666: AC_PROG_CC_STDC is expanded from...
#21 2.792 configure.ac:17: the top level
#21 3.059 sh: 1: git: not found
#21 4.044 configure: WARNING: unrecognized options: --enable-maintainer-mode
#21 4.095 checking for a BSD-compatible install... /usr/bin/install -c
#21 4.105 checking whether build environment is sane... yes
#21 4.118 checking for a race-free mkdir -p... /usr/bin/mkdir -p
#21 4.122 checking for gawk... no
#21 4.122 checking for mawk... mawk
#21 4.122 checking whether make sets $(MAKE)... yes
#21 4.136 checking whether make supports nested variables... yes
#21 4.149 checking whether make supports nested variables... (cached) yes
#21 4.149 checking whether make supports the include directive... yes (GNU style)
#21 4.161 checking for gcc... gcc
#21 4.201 checking whether the C compiler works... yes
#21 4.298 checking for C compiler default output file name... a.out
#21 4.299 checking for suffix of executables... 
#21 4.343 checking whether we are cross compiling... no
#21 4.397 checking for suffix of object files... o
#21 4.420 checking whether the compiler supports GNU C... yes
#21 4.442 checking whether gcc accepts -g... yes
#21 4.467 checking for gcc option to enable C11 features... none needed
#21 4.547 checking whether gcc understands -c and -o together... yes
#21 4.592 checking dependency style of gcc... gcc3
#21 4.637 checking for stdio.h... yes
#21 4.665 checking for stdlib.h... yes
#21 4.707 checking for string.h... yes
#21 4.742 checking for inttypes.h... yes
#21 4.782 checking for stdint.h... yes
#21 4.820 checking for strings.h... yes
#21 4.859 checking for sys/stat.h... yes
#21 4.899 checking for sys/types.h... yes
#21 4.936 checking for unistd.h... yes
#21 4.979 checking for wchar.h... yes
#21 5.031 checking for minix/config.h... no
#21 5.076 checking whether it is safe to define __EXTENSIONS__... yes
#21 5.125 checking whether _XOPEN_SOURCE should be defined... no
#21 5.161 checking for gcc... (cached) gcc
#21 5.196 checking whether the compiler supports GNU C... (cached) yes
#21 5.196 checking whether gcc accepts -g... (cached) yes
#21 5.196 checking for gcc option to enable C11 features... (cached) none needed
#21 5.197 checking whether gcc understands -c and -o together... (cached) yes
#21 5.197 checking dependency style of gcc... (cached) gcc3
#21 5.198 checking how to run the C preprocessor... gcc -E
#21 5.265 checking for a sed that does not truncate output... /usr/bin/sed
#21 5.271 checking whether to build with code coverage support... no
#21 5.279 checking build system type... x86_64-pc-linux-gnu
#21 5.343 checking host system type... x86_64-pc-linux-gnu
#21 5.366 checking CFLAGS for maximum warnings... -Wall
#21 5.418 checking whether C compiler accepts -DFORTIFY_SOURCE=2... yes
#21 5.441 checking whether C compiler accepts -fwrapv... yes
#21 5.464 checking whether C compiler accepts -fPIE... yes
#21 5.490 checking whether the linker accepts -pie... yes
#21 5.539 checking whether the linker accepts -Wl,-z,relro... yes
#21 5.586 checking whether the linker accepts -Wl,-z,now... yes
#21 5.633 checking for syslog.h... yes
#21 5.687 checking for sys/file.h... yes
#21 5.740 checking for sys/ioctl.h... yes
#21 5.795 checking for sys/mman.h... yes
#21 5.844 checking for sys/param.h... yes
#21 5.902 checking for sys/resource.h... yes
#21 5.953 checking for sys/socket.h... yes
#21 6.007 checking for sys/time.h... yes
#21 6.057 checking for sys/un.h... yes
#21 6.108 checking for sys/wait.h... yes
#21 6.159 checking for netdb.h... yes
#21 6.215 checking for arpa/inet.h... yes
#21 6.274 checking for dirent.h... yes
#21 6.327 checking for getopt.h... yes
#21 6.379 checking for stddef.h... yes
#21 6.427 checking for net/if.h... yes
#21 6.529 checking for net/if_types.h... no
#21 6.630 checking for net/ethernet.h... yes
#21 6.729 checking for net/if_arp.h... yes
#21 6.830 checking for netinet/in_systm.h... yes
#21 6.931 checking for netinet/in.h... yes
#21 7.030 checking for netinet/in6.h... no
#21 7.136 checking for netpacket/packet.h... yes
#21 7.230 checking for netinet/if_ether.h... yes
#21 7.319 checking for netinet/ip.h... yes
#21 7.422 checking for netinet/ip6.h... yes
#21 7.522 checking for resolv.h... yes
#21 7.625 checking for netinet/tcp.h... yes
#21 7.732 checking for netinet/ip_icmp.h... yes
#21 7.840 checking for netinet/icmp6.h... yes
#21 7.946 checking for working __malloc__ attribute... yes
#21 7.972 checking for working __nonnull__ attribute... yes
#21 7.997 checking for working __warn_unused_result__ attribute... yes
#21 8.021 checking for struct ether_header... yes
#21 8.237 checking for struct arphdr... yes
#21 8.451 checking for struct ether_arp... yes
#21 8.665 checking for struct ip... yes
#21 8.880 checking for struct icmp... yes
#21 9.096 checking for struct ip6_hdr... yes
#21 9.307 checking for struct icmp6_hdr... yes
#21 9.520 checking for struct nd_neighbor_solicit... yes
#21 9.725 checking for struct nd_opt_hdr... yes
#21 9.927 checking for asprintf... yes
#21 9.980 checking for daemon... yes
#21 10.03 checking for fchmod... yes
#21 10.08 checking for flock... yes
#21 10.12 checking for fork... yes
#21 10.18 checking for gettimeofday... yes
#21 10.22 checking for mlockall... yes
#21 10.27 checking for putenv... yes
#21 10.32 checking for recvmmsg... yes
#21 10.38 checking for strsignal... yes
#21 10.44 checking for nanosleep... yes
#21 10.49 checking for unsetenv... yes
#21 10.54 checking for vsyslog... yes
#21 10.60 checking for devname... no
#21 10.65 checking for fdevname... no
#21 10.71 checking for getopt_long... yes
#21 10.76 checking for gcc options needed to detect all undeclared functions... none needed
#21 10.81 checking whether res_init is declared... yes
#21 10.87 checking for res_init in -lresolv... no
#21 10.93 checking for linux/if_tun.h... yes
#21 11.06 checking for curses.h... yes
#21 11.13 checking for initscr in -lncurses... yes
#21 11.18 checking for wtimeout in -ltinfo... yes
#21 11.24 checking for readline/readline.h... yes
#21 11.30 checking for readline/history.h... yes
#21 11.36 checking for readline in -lreadline... yes
#21 11.41 checking for zlib.h... yes
#21 11.47 checking for compress2 in -lz... yes
#21 11.52 checking for lzo1x_1_compress in -llzo2... yes
#21 11.57 checking for lzo/lzo1x.h... yes
#21 11.62 checking for dlopen... yes
#21 11.68 checking for openssl/evp.h... yes
#21 11.79 checking for openssl/rsa.h... yes
#21 11.87 checking for openssl/rand.h... yes
#21 11.97 checking for openssl/err.h... yes
#21 12.04 checking for openssl/sha.h... yes
#21 12.10 checking for openssl/pem.h... yes
#21 12.24 checking for openssl/engine.h... yes
#21 12.37 checking for EVP_EncryptInit_ex in -lcrypto... yes
#21 12.45 checking for SSL_new in -lssl... yes
#21 12.55 checking for RAND_bytes... yes
#21 12.65 checking for EVP_EncryptInit_ex... yes
#21 12.75 checking for EVP_CIPHER_CTX_new... yes
#21 12.84 checking whether OpenSSL_add_all_algorithms is declared... yes
#21 12.93 checking whether EVP_aes_256_cfb is declared... yes
#21 13.01 checking for BN_GENCB_new... yes
#21 13.10 checking for ERR_remove_state... yes
#21 13.19 checking for RSA_set0_key... yes
#21 13.28 checking for HMAC_CTX_new... yes
#21 13.39 checking that generated files are newer than configure... done
#21 13.39 configure: creating ./config.status
#21 13.51 config.status: creating Makefile
#21 13.53 config.status: creating src/Makefile
#21 13.55 config.status: creating doc/Makefile
#21 13.57 config.status: creating test/Makefile
#21 13.59 config.status: creating test/testlib.sh
#21 13.62 config.status: creating systemd/Makefile
#21 13.64 config.status: creating bash_completion.d/Makefile
#21 13.66 config.status: creating config.h
#21 13.67 config.status: config.h is unchanged
#21 13.68 config.status: executing depfiles commands
#21 14.05 configure: WARNING: unrecognized options: --enable-maintainer-mode
#21 14.10 make  all-recursive
#21 14.10 make[1]: Entering directory '/build'
#21 14.11 Making all in src
#21 14.13 make[2]: Entering directory '/build/src'
#21 14.13   CC       address_cache.o
#21 14.43   CC       autoconnect.o
#21 14.67   CC       buffer.o
#21 14.82   CC       conf.o
#21 15.13   CC       connection.o
#21 15.33   CC       control.o
#21 15.56   CC       dropin.o
#21 15.66   CC       dummy_device.o
#21 15.86   CC       edge.o
#21 16.08   CC       event.o
#21 16.25 event.c: In function 'signal_handler':
#21 16.25 event.c:236:9: warning: ignoring return value of 'write' declared with attribute 'warn_unused_result' [-Wunused-result]
#21 16.25   236 |         write(pipefd[1], &num, 1);
#21 16.25       |         ^~~~~~~~~~~~~~~~~~~~~~~~~
#21 16.36   CC       fd_device.o
#21 16.60   CC       graph.o
#21 16.89   CC       hash.o
#21 17.06   CC       list.o
#21 17.22   CC       logger.o
#21 17.38 logger.c: In function 'real_logger':
#21 17.38 logger.c:93:25: warning: ignoring return value of 'write' declared with attribute 'warn_unused_result' [-Wunused-result]
#21 17.38    93 |                         write(umbilical, message, strlen(message));
#21 17.38       |                         ^~~~~~~~~~~~~~~~~~~~~~~~~~~~~~~~~~~~~~~~~~
#21 17.38 logger.c:94:25: warning: ignoring return value of 'write' declared with attribute 'warn_unused_result' [-Wunused-result]
#21 17.38    94 |                         write(umbilical, "\n", 1);
#21 17.38       |                         ^~~~~~~~~~~~~~~~~~~~~~~~~
#21 17.45   CC       meta.o
#21 17.71   CC       multicast_device.o
#21 17.95   CC       names.o
#21 18.08   CC       net.o
#21 18.38   CC       net_packet.o
#21 19.08   CC       net_setup.o
#21 19.63   CC       net_socket.o
#21 20.08   CC       netutl.o
#21 20.34   CC       node.o
#21 20.61   CC       process.o
#21 20.81   CC       protocol.o
#21 21.08   CC       protocol_auth.o
#21 21.24 protocol_auth.c: In function 'receive_invitation_sptps':
#21 21.24 protocol_auth.c:296:9: warning: ignoring return value of 'fgets' declared with attribute 'warn_unused_result' [-Wunused-result]
#21 21.24   296 |         fgets(buf, sizeof(buf), f);
#21 21.24       |         ^~~~~~~~~~~~~~~~~~~~~~~~~~
#21 21.56   CC       protocol_edge.o
#21 21.80   CC       protocol_key.o
#21 22.13   CC       protocol_misc.o
#21 22.40   CC       protocol_subnet.o
#21 22.64   CC       raw_socket_device.o
#21 22.85   CC       route.o
#21 23.41   CC       script.o
#21 23.56 script.c: In function 'environment_add':
#21 23.56 script.c:83:17: warning: ignoring return value of 'vasprintf' declared with attribute 'warn_unused_result' [-Wunused-result]
#21 23.56    83 |                 vasprintf(&env->entries[env->n], format, ap);
#21 23.56       |                 ^~~~~~~~~~~~~~~~~~~~~~~~~~~~~~~~~~~~~~~~~~~~
#21 23.56 script.c: In function 'environment_update':
#21 23.56 script.c:96:9: warning: ignoring return value of 'vasprintf' declared with attribute 'warn_unused_result' [-Wunused-result]
#21 23.56    96 |         vasprintf(&env->entries[pos], format, ap);
#21 23.56       |         ^~~~~~~~~~~~~~~~~~~~~~~~~~~~~~~~~~~~~~~~~
#21 23.64   CC       splay_tree.o
#21 23.88   CC       sptps.o
#21 24.17   CC       subnet.o
#21 24.44   CC       subnet_parse.o
#21 24.75   CC       tincd.o
#21 24.91 tincd.c: In function 'main':
#21 24.91 tincd.c:396:9: warning: ignoring return value of 'chdir' declared with attribute 'warn_unused_result' [-Wunused-result]
#21 24.91   396 |         chdir(confbase);
#21 24.91       |         ^~~~~~~~~~~~~~~
#21 24.91 tincd.c:551:17: warning: ignoring return value of 'write' declared with attribute 'warn_unused_result' [-Wunused-result]
#21 24.91   551 |                 write(umbilical, "", 1);
#21 24.91       |                 ^~~~~~~~~~~~~~~~~~~~~~~
#21 25.00   CC       utils.o
#21 25.21   GEN      version_git.h
#21 25.22   CC       version.o
#21 25.26   CC       ed25519/ecdh.o
#21 25.39   CC       ed25519/ecdsa.o
#21 25.54   CC       ed25519/fe.o
#21 25.88   CC       ed25519/ge.o
#21 26.11   CC       ed25519/key_exchange.o
#21 26.16   CC       ed25519/keypair.o
#21 26.19   CC       ed25519/sc.o
#21 26.63   CC       ed25519/sha512.o
#21 26.78   CC       ed25519/sign.o
#21 26.82   CC       ed25519/verify.o
#21 26.87   CC       chacha-poly1305/chacha.o
#21 27.09   CC       chacha-poly1305/chacha-poly1305.o
#21 27.22   CC       chacha-poly1305/poly1305.o
#21 27.39   CC       vless/vless.o
#21 27.70   CC       vless/reality.o
#21 27.89 vless/reality.c: In function 'reality_derive_auth_key':
#21 27.89 vless/reality.c:166:12: warning: implicit declaration of function 'EVP_PKEY_CTX_set_hkdf_md'; did you mean 'EVP_PKEY_CTX_set_dh_kdf_md'? [-Wimplicit-function-declaration]
#21 27.89   166 |         if(EVP_PKEY_CTX_set_hkdf_md(pctx, EVP_sha256()) <= 0) {
#21 27.89       |            ^~~~~~~~~~~~~~~~~~~~~~~~
#21 27.89       |            EVP_PKEY_CTX_set_dh_kdf_md
#21 27.93 vless/reality.c:172:12: warning: implicit declaration of function 'EVP_PKEY_CTX_set1_hkdf_salt'; did you mean 'EVP_PKEY_CTX_set0_dh_kdf_ukm'? [-Wimplicit-function-declaration]
#21 27.93   172 |         if(EVP_PKEY_CTX_set1_hkdf_salt(pctx, (const unsigned char *)salt, strlen(salt)) <= 0) {
#21 27.93       |            ^~~~~~~~~~~~~~~~~~~~~~~~~~~
#21 27.93       |            EVP_PKEY_CTX_set0_dh_kdf_ukm
#21 27.96 vless/reality.c:178:12: warning: implicit declaration of function 'EVP_PKEY_CTX_set1_hkdf_key'; did you mean 'EVP_PKEY_CTX_set_mac_key'? [-Wimplicit-function-declaration]
#21 27.96   178 |         if(EVP_PKEY_CTX_set1_hkdf_key(pctx, shared_secret, 32) <= 0) {
#21 27.96       |            ^~~~~~~~~~~~~~~~~~~~~~~~~~
#21 27.96       |            EVP_PKEY_CTX_set_mac_key
#21 28.01 vless/reality.c:184:12: warning: implicit declaration of function 'EVP_PKEY_CTX_add1_hkdf_info' [-Wimplicit-function-declaration]
#21 28.01   184 |         if(EVP_PKEY_CTX_add1_hkdf_info(pctx, (const unsigned char *)info, strlen(info)) <= 0) {
#21 28.01       |            ^~~~~~~~~~~~~~~~~~~~~~~~~~~
#21 28.24   CC       quic/quic.o
#21 28.35 quic/quic.c:59:21: warning: 'DEFAULT_ALPN_LEN' defined but not used [-Wunused-const-variable=]
#21 28.35    59 | static const size_t DEFAULT_ALPN_LEN = sizeof(DEFAULT_ALPN) - 1;
#21 28.35       |                     ^~~~~~~~~~~~~~~~
#21 28.55   CC       quic/quic_transport.o
#21 28.81   CC       quic/quic_connection.o
#21 29.05   CC       quic/quic_packet.o
#21 29.13 quic/quic_packet.c:19:1: error: expected identifier or '(' before '<' token
#21 29.13    19 | <parameter name="netinet/in.h">
#21 29.13       | ^
#21 29.13 In file included from quic/../net.h:25,
#21 29.13                  from quic/../netutl.h:24,
#21 29.13                  from quic/quic_internal.h:14,
#21 29.13                  from quic/quic_packet.c:24:
#21 29.13 quic/../cipher.h:31:8: error: unknown type name 'cipher_t'
#21 29.13    31 | extern cipher_t *cipher_open_by_name(const char *name) __attribute__((__malloc__));
#21 29.13       |        ^~~~~~~~
#21 29.13 quic/../cipher.h:32:8: error: unknown type name 'cipher_t'
#21 29.13    32 | extern cipher_t *cipher_open_by_nid(int nid) __attribute__((__malloc__));
#21 29.13       |        ^~~~~~~~
#21 29.13 quic/../cipher.h:33:26: error: unknown type name 'cipher_t'
#21 29.13    33 | extern void cipher_close(cipher_t *cipher);
#21 29.13       |                          ^~~~~~~~
#21 29.13 quic/../cipher.h:34:38: error: unknown type name 'cipher_t'
#21 29.13    34 | extern size_t cipher_keylength(const cipher_t *cipher);
#21 29.13       |                                      ^~~~~~~~
#21 29.13 quic/../cipher.h:35:38: error: unknown type name 'cipher_t'
#21 29.13    35 | extern size_t cipher_blocksize(const cipher_t *cipher);
#21 29.13       |                                      ^~~~~~~~
#21 29.13 quic/../cipher.h:36:37: error: unknown type name 'cipher_t'
#21 29.13    36 | extern uint64_t cipher_budget(const cipher_t *cipher);
#21 29.13       |                                     ^~~~~~~~
#21 29.13 quic/../cipher.h:37:28: error: unknown type name 'cipher_t'
#21 29.13    37 | extern bool cipher_set_key(cipher_t *cipher, void *key, bool encrypt) __attribute__((__warn_unused_result__));
#21 29.13       |                            ^~~~~~~~
#21 29.14 quic/../cipher.h:38:37: error: unknown type name 'cipher_t'
#21 29.14    38 | extern bool cipher_set_key_from_rsa(cipher_t *cipher, void *rsa, size_t len, bool encrypt) __attribute__((__warn_unused_result__));
#21 29.14       |                                     ^~~~~~~~
#21 29.14 In file included from quic/../net.h:25,
#21 29.14                  from quic/../netutl.h:24,
#21 29.14                  from quic/quic_internal.h:14,
#21 29.14                  from quic/quic_packet.c:24:
#21 29.14 quic/../cipher.h:39:28: error: unknown type name 'cipher_t'
#21 29.14    39 | extern bool cipher_encrypt(cipher_t *cipher, const void *indata, size_t inlen, void *outdata, size_t *outlen, bool oneshot) __attribute__((__warn_unused_result__));
#21 29.14       |                            ^~~~~~~~
#21 29.14 quic/../cipher.h:40:28: error: unknown type name 'cipher_t'
#21 29.14    40 | extern bool cipher_decrypt(cipher_t *cipher, const void *indata, size_t inlen, void *outdata, size_t *outlen, bool oneshot) __attribute__((__warn_unused_result__));
#21 29.14       |                            ^~~~~~~~
#21 29.14 quic/../cipher.h:41:33: error: unknown type name 'cipher_t'
#21 29.14    41 | extern int cipher_get_nid(const cipher_t *cipher);
#21 29.14       |                                 ^~~~~~~~
#21 29.14 quic/../cipher.h:42:33: error: unknown type name 'cipher_t'
#21 29.14    42 | extern bool cipher_active(const cipher_t *cipher);
#21 29.14       |                                 ^~~~~~~~
#21 29.21 In file included from quic/../node.h:26,
#21 29.21                  from quic/../subnet.h:25,
#21 29.21                  from quic/../conf.h:26,
#21 29.21                  from quic/../net.h:118,
#21 29.21                  from quic/../netutl.h:24,
#21 29.21                  from quic/quic_internal.h:14,
#21 29.21                  from quic/quic_packet.c:24:
#21 29.21 quic/../connection.h:90:9: error: unknown type name 'cipher_t'
#21 29.21    90 |         cipher_t *incipher;             /* Cipher he will use to send data to us */
#21 29.21       |         ^~~~~~~~
#21 29.21 quic/../connection.h:91:9: error: unknown type name 'cipher_t'
#21 29.21    91 |         cipher_t *outcipher;            /* Cipher we will use to send data to him */
#21 29.21       |         ^~~~~~~~
#21 29.21 In file included from quic/../subnet.h:25,
#21 29.21                  from quic/../conf.h:26,
#21 29.21                  from quic/../net.h:118,
#21 29.21                  from quic/../netutl.h:24,
#21 29.21                  from quic/quic_internal.h:14,
#21 29.21                  from quic/quic_packet.c:24:
#21 29.21 quic/../node.h:65:9: error: unknown type name 'cipher_t'
#21 29.21    65 |         cipher_t *incipher;                     /* Cipher for UDP packets */
#21 29.21       |         ^~~~~~~~
#21 29.21 quic/../node.h:68:9: error: unknown type name 'cipher_t'
#21 29.21    68 |         cipher_t *outcipher;                    /* Cipher for UDP packets */
#21 29.21       |         ^~~~~~~~
#21 29.23 make[2]: *** [Makefile:1124: quic/quic_packet.o] Error 1
#21 29.23 make[2]: Leaving directory '/build/src'
#21 29.23 make[1]: *** [Makefile:389: all-recursive] Error 1
#21 29.23 make[1]: Leaving directory '/build'
#21 29.23 make: *** [Makefile:330: all] Error 2
#21 ERROR: process "/bin/sh -c autoreconf -fsi &&     ./configure         --prefix=/usr         --sysconfdir=/etc         --localstatedir=/var         --with-openssl         --enable-maintainer-mode &&     make &&     make install" did not complete successfully: exit code: 2
------
 > [tinc-builder 9/9] RUN autoreconf -fsi &&     ./configure         --prefix=/usr         --sysconfdir=/etc         --localstatedir=/var         --with-openssl         --enable-maintainer-mode &&     make &&     make install:
29.21    65 |         cipher_t *incipher;                     /* Cipher for UDP packets */
29.21       |         ^~~~~~~~
29.21 quic/../node.h:68:9: error: unknown type name 'cipher_t'
29.21    68 |         cipher_t *outcipher;                    /* Cipher for UDP packets */
29.21       |         ^~~~~~~~
29.23 make[2]: *** [Makefile:1124: quic/quic_packet.o] Error 1
29.23 make[2]: Leaving directory '/build/src'
29.23 make[1]: *** [Makefile:389: all-recursive] Error 1
29.23 make[1]: Leaving directory '/build'
29.23 make: *** [Makefile:330: all] Error 2
------
